  Determining projects to restore...
  All projects are up-to-date for restore.
  Removing SourceGeneratedViewer directory...
  Removing SourceGeneratedViewer directory...
  Removing SourceGeneratedViewer directory...
C:\git\TUnit\TestProject.props(33,9): warning MSB3061: Unable to delete file "C:\git\TUnit\TUnit.Assertions.Tests\SourceGeneratedViewer\TUnit.Core.SourceGenerator\TUnit.Core.SourceGenerator.Generators.AotMethodInvocationGenerator\AotMethodInvokers.g.cs". Access to the path 'C:\git\TUnit\TUnit.Assertions.Tests\SourceGeneratedViewer\TUnit.Core.SourceGenerator\TUnit.Core.SourceGenerator.Generators.AotMethodInvocationGenerator\AotMethodInvokers.g.cs' is denied.  [C:\git\TUnit\TUnit.Assertions.Tests\TUnit.Assertions.Tests.csproj::TargetFramework=net9.0]
C:\git\TUnit\TestProject.props(33,9): warning MSB3061: Unable to delete file "C:\git\TUnit\TUnit.Assertions.Tests\SourceGeneratedViewer\TUnit.Core.SourceGenerator\TUnit.Core.SourceGenerator.CodeGenerators.DisableReflectionScannerGenerator\DisableReflectionScanner.g.cs". Access to the path 'C:\git\TUnit\TUnit.Assertions.Tests\SourceGeneratedViewer\TUnit.Core.SourceGenerator\TUnit.Core.SourceGenerator.CodeGenerators.DisableReflectionScannerGenerator\DisableReflectionScanner.g.cs' is denied.  [C:\git\TUnit\TUnit.Assertions.Tests\TUnit.Assertions.Tests.csproj::TargetFramework=net8.0]
C:\git\TUnit\TestProject.props(33,9): warning MSB3061: Unable to delete file "C:\git\TUnit\TUnit.Assertions.Tests\SourceGeneratedViewer\TUnit.Core.SourceGenerator\TUnit.Core.SourceGenerator.Generators.TestMetadataGenerator\EquivalentAssertionTests_Objects_With_Mismatch_With_Partial_Equivalency_Kind_Are_Not_Equivalent_96f0cf4f17424045a4056aeff79d47ba.g.cs". Access to the path 'C:\git\TUnit\TUnit.Assertions.Tests\SourceGeneratedViewer\TUnit.Core.SourceGenerator\TUnit.Core.SourceGenerator.Generators.TestMetadataGenerator\EquivalentAssertionTests_Objects_With_Mismatch_With_Partial_Equivalency_Kind_Are_Not_Equivalent_96f0cf4f17424045a4056aeff79d47ba.g.cs' is denied.  [C:\git\TUnit\TUnit.Assertions.Tests\TUnit.Assertions.Tests.csproj::TargetFramework=net8.0]
C:\git\TUnit\TestProject.props(33,9): warning MSB3061: Unable to delete file "C:\git\TUnit\TUnit.Assertions.Tests\SourceGeneratedViewer\TUnit.Core.SourceGenerator\TUnit.Core.SourceGenerator.Generators.TestMetadataGenerator\EquivalentAssertionTests_Objects_With_Nested_Enumerable_Matches_Are_Equivalent_237743183324460ab9520a2b820a78b3.g.cs". Access to the path 'C:\git\TUnit\TUnit.Assertions.Tests\SourceGeneratedViewer\TUnit.Core.SourceGenerator\TUnit.Core.SourceGenerator.Generators.TestMetadataGenerator\EquivalentAssertionTests_Objects_With_Nested_Enumerable_Matches_Are_Equivalent_237743183324460ab9520a2b820a78b3.g.cs' is denied.  [C:\git\TUnit\TUnit.Assertions.Tests\TUnit.Assertions.Tests.csproj::TargetFramework=net472]
C:\git\TUnit\TestProject.props(33,9): warning MSB3061: Unable to delete file "C:\git\TUnit\TUnit.Assertions.Tests\SourceGeneratedViewer\TUnit.Core.SourceGenerator\TUnit.Core.SourceGenerator.Generators.TestMetadataGenerator\ExactlyTests_Conversion_To_Value_Assertion_Builder_On_Casted_Exception_Type_Throws_When_Wrong_Type_3aa0070cf79b4d1b829e687dd6a0a2d3.g.cs". Access to the path 'C:\git\TUnit\TUnit.Assertions.Tests\SourceGeneratedViewer\TUnit.Core.SourceGenerator\TUnit.Core.SourceGenerator.Generators.TestMetadataGenerator\ExactlyTests_Conversion_To_Value_Assertion_Builder_On_Casted_Exception_Type_Throws_When_Wrong_Type_3aa0070cf79b4d1b829e687dd6a0a2d3.g.cs' is denied.  [C:\git\TUnit\TUnit.Assertions.Tests\TUnit.Assertions.Tests.csproj::TargetFramework=net9.0]
C:\git\TUnit\TestProject.props(33,9): warning MSB3061: Unable to delete file "C:\git\TUnit\TUnit.Assertions.Tests\SourceGeneratedViewer\TUnit.Core.SourceGenerator\TUnit.Core.SourceGenerator.Generators.TestMetadataGenerator\ExactlyTests_Fails_For_Code_With_Other_Exceptions_917de2b9f7824158a5b15e5a308c8d9b.g.cs". Access to the path 'C:\git\TUnit\TUnit.Assertions.Tests\SourceGeneratedViewer\TUnit.Core.SourceGenerator\TUnit.Core.SourceGenerator.Generators.TestMetadataGenerator\ExactlyTests_Fails_For_Code_With_Other_Exceptions_917de2b9f7824158a5b15e5a308c8d9b.g.cs' is denied.  [C:\git\TUnit\TUnit.Assertions.Tests\TUnit.Assertions.Tests.csproj::TargetFramework=net472]
C:\git\TUnit\TestProject.props(33,9): warning MSB3061: Unable to delete file "C:\git\TUnit\TUnit.Assertions.Tests\SourceGeneratedViewer\TUnit.Core.SourceGenerator\TUnit.Core.SourceGenerator.Generators.TestMetadataGenerator\FailTests_Fail_Test_Throws_AssertionException_0ede21b1decd414f885eeb285cc644df.g.cs". Access to the path 'C:\git\TUnit\TUnit.Assertions.Tests\SourceGeneratedViewer\TUnit.Core.SourceGenerator\TUnit.Core.SourceGenerator.Generators.TestMetadataGenerator\FailTests_Fail_Test_Throws_AssertionException_0ede21b1decd414f885eeb285cc644df.g.cs' is denied.  [C:\git\TUnit\TUnit.Assertions.Tests\TUnit.Assertions.Tests.csproj::TargetFramework=net8.0]
C:\git\TUnit\TestProject.props(33,9): warning MSB3061: Unable to delete file "C:\git\TUnit\TUnit.Assertions.Tests\SourceGeneratedViewer\TUnit.Core.SourceGenerator\TUnit.Core.SourceGenerator.Generators.TestMetadataGenerator\StringEqualsAssertionTests_Equals_Trimmed2_Failure_fc2994ea7f954d08826863347994bd87.g.cs". Access to the path 'C:\git\TUnit\TUnit.Assertions.Tests\SourceGeneratedViewer\TUnit.Core.SourceGenerator\TUnit.Core.SourceGenerator.Generators.TestMetadataGenerator\StringEqualsAssertionTests_Equals_Trimmed2_Failure_fc2994ea7f954d08826863347994bd87.g.cs' is denied.  [C:\git\TUnit\TUnit.Assertions.Tests\TUnit.Assertions.Tests.csproj::TargetFramework=net472]
C:\git\TUnit\TestProject.props(33,9): warning MSB3061: Unable to delete file "C:\git\TUnit\TUnit.Assertions.Tests\SourceGeneratedViewer\TUnit.Core.SourceGenerator\TUnit.Core.SourceGenerator.Generators.TestMetadataGenerator\StringEqualsAssertionTests_Equals_Trimmed2_Failure_fc2994ea7f954d08826863347994bd87.g.cs". Access to the path 'C:\git\TUnit\TUnit.Assertions.Tests\SourceGeneratedViewer\TUnit.Core.SourceGenerator\TUnit.Core.SourceGenerator.Generators.TestMetadataGenerator\StringEqualsAssertionTests_Equals_Trimmed2_Failure_fc2994ea7f954d08826863347994bd87.g.cs' is denied.  [C:\git\TUnit\TUnit.Assertions.Tests\TUnit.Assertions.Tests.csproj::TargetFramework=net8.0]
C:\git\TUnit\TUnit.Assertions.Analyzers\AnalyzerReleases.Shipped.md(5,1): warning RS2007: Analyzer release file 'AnalyzerReleases.Shipped.md' has a missing or invalid release header '#### Assertion Usage Rules' (https://github.com/dotnet/roslyn-analyzers/blob/main/src/Microsoft.CodeAnalysis.Analyzers/ReleaseTrackingAnalyzers.Help.md) [C:\git\TUnit\TUnit.Assertions.Analyzers\TUnit.Assertions.Analyzers.csproj::TargetFramework=netstandard2.0]
  TUnit.Assertions.Analyzers -> C:\git\TUnit\TUnit.Assertions.Analyzers\bin\Debug\netstandard2.0\TUnit.Assertions.Analyzers.dll
  TUnit.Assertions.Analyzers.CodeFixers -> C:\git\TUnit\TUnit.Assertions.Analyzers.CodeFixers\bin\Debug\netstandard2.0\TUnit.Assertions.Analyzers.CodeFixers.dll
  TUnit.Core -> C:\git\TUnit\TUnit.Core\bin\Debug\netstandard2.0\TUnit.Core.dll
  TUnit.Core -> C:\git\TUnit\TUnit.Core\bin\Debug\net9.0\TUnit.Core.dll
  TUnit.Core -> C:\git\TUnit\TUnit.Core\bin\Debug\net8.0\TUnit.Core.dll
  TUnit.Engine -> C:\git\TUnit\TUnit.Engine\bin\Debug\netstandard2.0\TUnit.Engine.dll
C:\git\TUnit\TUnit.Assertions.SourceGenerator\Generators\AssertionMethodGenerator.cs(113,21): warning CS8604: Possible null reference argument for parameter 'MethodName' in 'CreateAssertionAttributeData.CreateAssertionAttributeData(INamedTypeSymbol TargetType, INamedTypeSymbol ContainingType, string MethodName, string? CustomName, bool NegateLogic, bool RequiresGenericTypeParameter, bool TreatAsInstance)'. [C:\git\TUnit\TUnit.Assertions.SourceGenerator\TUnit.Assertions.SourceGenerator.csproj::TargetFramework=netstandard2.0]
C:\git\TUnit\TUnit.Assertions.SourceGenerator\Generators\AssertionMethodGenerator.cs(220,21): warning CS8604: Possible null reference argument for parameter 'MethodName' in 'CreateAssertionAttributeData.CreateAssertionAttributeData(INamedTypeSymbol TargetType, INamedTypeSymbol ContainingType, string MethodName, string? CustomName, bool NegateLogic, bool RequiresGenericTypeParameter, bool TreatAsInstance)'. [C:\git\TUnit\TUnit.Assertions.SourceGenerator\TUnit.Assertions.SourceGenerator.csproj::TargetFramework=netstandard2.0]
  TUnit.Assertions.SourceGenerator -> C:\git\TUnit\TUnit.Assertions.SourceGenerator\bin\Debug\netstandard2.0\TUnit.Assertions.SourceGenerator.dll
  TUnit.Engine -> C:\git\TUnit\TUnit.Engine\bin\Debug\net9.0\TUnit.Engine.dll
C:\git\TUnit\TUnit.Assertions\Extensions\CollectionAssertionExtensions.cs(112,38): error CS8714: The type 'TElement' cannot be used as type parameter 'TKey' in the generic type or method 'Enumerable.ToDictionary<TSource, TKey, TElement>(IEnumerable<TSource>, Func<TSource, TKey>, Func<TSource, TElement>)'. Nullability of type argument 'TElement' doesn't match 'notnull' constraint. [C:\git\TUnit\TUnit.Assertions\TUnit.Assertions.csproj::TargetFramework=net8.0]
C:\git\TUnit\TUnit.Assertions\Extensions\CollectionAssertionExtensions.cs(113,36): error CS8714: The type 'TElement' cannot be used as type parameter 'TKey' in the generic type or method 'Enumerable.ToDictionary<TSource, TKey, TElement>(IEnumerable<TSource>, Func<TSource, TKey>, Func<TSource, TElement>)'. Nullability of type argument 'TElement' doesn't match 'notnull' constraint. [C:\git\TUnit\TUnit.Assertions\TUnit.Assertions.csproj::TargetFramework=net8.0]
C:\git\TUnit\TUnit.Assertions\Extensions\CollectionAssertionExtensions.cs(137,38): error CS8714: The type 'TElement' cannot be used as type parameter 'TKey' in the generic type or method 'Enumerable.ToDictionary<TSource, TKey, TElement>(IEnumerable<TSource>, Func<TSource, TKey>, Func<TSource, TElement>)'. Nullability of type argument 'TElement' doesn't match 'notnull' constraint. [C:\git\TUnit\TUnit.Assertions\TUnit.Assertions.csproj::TargetFramework=net8.0]
C:\git\TUnit\TUnit.Assertions\Extensions\CollectionAssertionExtensions.cs(138,36): error CS8714: The type 'TElement' cannot be used as type parameter 'TKey' in the generic type or method 'Enumerable.ToDictionary<TSource, TKey, TElement>(IEnumerable<TSource>, Func<TSource, TKey>, Func<TSource, TElement>)'. Nullability of type argument 'TElement' doesn't match 'notnull' constraint. [C:\git\TUnit\TUnit.Assertions\TUnit.Assertions.csproj::TargetFramework=net8.0]
C:\git\TUnit\TUnit.Assertions\Extensions\CollectionAssertionExtensions.cs(112,38): error CS8714: The type 'TElement' cannot be used as type parameter 'TKey' in the generic type or method 'Enumerable.ToDictionary<TSource, TKey, TElement>(IEnumerable<TSource>, Func<TSource, TKey>, Func<TSource, TElement>)'. Nullability of type argument 'TElement' doesn't match 'notnull' constraint. [C:\git\TUnit\TUnit.Assertions\TUnit.Assertions.csproj::TargetFramework=net9.0]
C:\git\TUnit\TUnit.Assertions\Extensions\CollectionAssertionExtensions.cs(113,36): error CS8714: The type 'TElement' cannot be used as type parameter 'TKey' in the generic type or method 'Enumerable.ToDictionary<TSource, TKey, TElement>(IEnumerable<TSource>, Func<TSource, TKey>, Func<TSource, TElement>)'. Nullability of type argument 'TElement' doesn't match 'notnull' constraint. [C:\git\TUnit\TUnit.Assertions\TUnit.Assertions.csproj::TargetFramework=net9.0]
C:\git\TUnit\TUnit.Assertions\Extensions\CollectionAssertionExtensions.cs(137,38): error CS8714: The type 'TElement' cannot be used as type parameter 'TKey' in the generic type or method 'Enumerable.ToDictionary<TSource, TKey, TElement>(IEnumerable<TSource>, Func<TSource, TKey>, Func<TSource, TElement>)'. Nullability of type argument 'TElement' doesn't match 'notnull' constraint. [C:\git\TUnit\TUnit.Assertions\TUnit.Assertions.csproj::TargetFramework=net9.0]
C:\git\TUnit\TUnit.Assertions\Extensions\CollectionAssertionExtensions.cs(138,36): error CS8714: The type 'TElement' cannot be used as type parameter 'TKey' in the generic type or method 'Enumerable.ToDictionary<TSource, TKey, TElement>(IEnumerable<TSource>, Func<TSource, TKey>, Func<TSource, TElement>)'. Nullability of type argument 'TElement' doesn't match 'notnull' constraint. [C:\git\TUnit\TUnit.Assertions\TUnit.Assertions.csproj::TargetFramework=net9.0]
C:\git\TUnit\TUnit.Assertions\Extensions\GenericAssertionExtensions.cs(52,24): error IL2075: 'this' argument does not satisfy 'DynamicallyAccessedMemberTypes.PublicProperties' in call to 'System.Type.GetProperty(String)'. The return value of method 'System.Object.GetType()' does not have matching annotations. The source value must declare at least the same requirements as those declared on the target location it is assigned to. [C:\git\TUnit\TUnit.Assertions\TUnit.Assertions.csproj::TargetFramework=net9.0]
C:\git\TUnit\TUnit.Assertions\Extensions\GenericAssertionExtensions.cs(52,64): error IL2075: 'this' argument does not satisfy 'DynamicallyAccessedMemberTypes.PublicFields' in call to 'System.Type.GetField(String)'. The return value of method 'System.Object.GetType()' does not have matching annotations. The source value must declare at least the same requirements as those declared on the target location it is assigned to. [C:\git\TUnit\TUnit.Assertions\TUnit.Assertions.csproj::TargetFramework=net9.0]
C:\git\TUnit\TUnit.Assertions\Extensions\GenericAssertionExtensions.cs(64,24): error IL2075: 'this' argument does not satisfy 'DynamicallyAccessedMemberTypes.PublicProperties' in call to 'System.Type.GetProperty(String)'. The return value of method 'System.Object.GetType()' does not have matching annotations. The source value must declare at least the same requirements as those declared on the target location it is assigned to. [C:\git\TUnit\TUnit.Assertions\TUnit.Assertions.csproj::TargetFramework=net9.0]
C:\git\TUnit\TUnit.Assertions\Extensions\GenericAssertionExtensions.cs(64,64): error IL2075: 'this' argument does not satisfy 'DynamicallyAccessedMemberTypes.PublicFields' in call to 'System.Type.GetField(String)'. The return value of method 'System.Object.GetType()' does not have matching annotations. The source value must declare at least the same requirements as those declared on the target location it is assigned to. [C:\git\TUnit\TUnit.Assertions\TUnit.Assertions.csproj::TargetFramework=net9.0]
C:\git\TUnit\TUnit.Assertions\Extensions\GenericAssertionExtensions.cs(77,24): error IL2075: 'this' argument does not satisfy 'DynamicallyAccessedMemberTypes.PublicProperties' in call to 'System.Type.GetProperty(String)'. The return value of method 'System.Object.GetType()' does not have matching annotations. The source value must declare at least the same requirements as those declared on the target location it is assigned to. [C:\git\TUnit\TUnit.Assertions\TUnit.Assertions.csproj::TargetFramework=net9.0]
C:\git\TUnit\TUnit.Assertions\Extensions\GenericAssertionExtensions.cs(77,64): error IL2075: 'this' argument does not satisfy 'DynamicallyAccessedMemberTypes.PublicFields' in call to 'System.Type.GetField(String)'. The return value of method 'System.Object.GetType()' does not have matching annotations. The source value must declare at least the same requirements as those declared on the target location it is assigned to. [C:\git\TUnit\TUnit.Assertions\TUnit.Assertions.csproj::TargetFramework=net9.0]
C:\git\TUnit\TUnit.Assertions\Extensions\GenericAssertionExtensions.cs(89,24): error IL2075: 'this' argument does not satisfy 'DynamicallyAccessedMemberTypes.PublicProperties' in call to 'System.Type.GetProperty(String)'. The return value of method 'System.Object.GetType()' does not have matching annotations. The source value must declare at least the same requirements as those declared on the target location it is assigned to. [C:\git\TUnit\TUnit.Assertions\TUnit.Assertions.csproj::TargetFramework=net9.0]
C:\git\TUnit\TUnit.Assertions\Extensions\GenericAssertionExtensions.cs(89,64): error IL2075: 'this' argument does not satisfy 'DynamicallyAccessedMemberTypes.PublicFields' in call to 'System.Type.GetField(String)'. The return value of method 'System.Object.GetType()' does not have matching annotations. The source value must declare at least the same requirements as those declared on the target location it is assigned to. [C:\git\TUnit\TUnit.Assertions\TUnit.Assertions.csproj::TargetFramework=net9.0]
  TUnit.Assertions -> C:\git\TUnit\TUnit.Assertions\bin\Debug\netstandard2.0\TUnit.Assertions.dll
  TUnit.Engine -> C:\git\TUnit\TUnit.Engine\bin\Debug\net8.0\TUnit.Engine.dll
  TUnit -> C:\git\TUnit\TUnit\bin\Debug\netstandard2.0\TUnit.dll
C:\git\TUnit\TUnit.Analyzers\AnalyzerReleases.Shipped.md(5,1): warning RS2007: Analyzer release file 'AnalyzerReleases.Shipped.md' has a missing or invalid release header '#### Test Method and Structure Rules' (https://github.com/dotnet/roslyn-analyzers/blob/main/src/Microsoft.CodeAnalysis.Analyzers/ReleaseTrackingAnalyzers.Help.md) [C:\git\TUnit\TUnit.Analyzers\TUnit.Analyzers.csproj::TargetFramework=netstandard2.0]
  TUnit.Analyzers -> C:\git\TUnit\TUnit.Analyzers\bin\Debug\netstandard2.0\TUnit.Analyzers.dll
  TUnit.Analyzers.CodeFixers -> C:\git\TUnit\TUnit.Analyzers.CodeFixers\bin\Debug\netstandard2.0\TUnit.Analyzers.CodeFixers.dll
C:\git\TUnit\TUnit.Core.SourceGenerator\CodeGenerators\Helpers\TupleArgumentHelper.cs(72,37): warning CS8600: Converting null literal or possible null value to non-nullable type. [C:\git\TUnit\TUnit.Core.SourceGenerator\TUnit.Core.SourceGenerator.csproj::TargetFramework=netstandard2.0]
C:\git\TUnit\TUnit.Core.SourceGenerator\Generators\AotMethodInvocationGenerator.cs(168,52): warning CS8604: Possible null reference argument for parameter 'name' in 'ImmutableArray<ISymbol> INamespaceOrTypeSymbol.GetMembers(string name)'. [C:\git\TUnit\TUnit.Core.SourceGenerator\TUnit.Core.SourceGenerator.csproj::TargetFramework=netstandard2.0]
C:\git\TUnit\TUnit.Core.SourceGenerator\Generators\TestMetadataGenerator.cs(741,54): warning CS8604: Possible null reference argument for parameter 'name' in 'ImmutableArray<ISymbol> INamespaceOrTypeSymbol.GetMembers(string name)'. [C:\git\TUnit\TUnit.Core.SourceGenerator\TUnit.Core.SourceGenerator.csproj::TargetFramework=netstandard2.0]
  TUnit.Core.SourceGenerator -> C:\git\TUnit\TUnit.Core.SourceGenerator\bin\Debug\netstandard2.0\TUnit.Core.SourceGenerator.dll
C:\git\TUnit\TUnit.Assertions.Tests\Old\DictionaryAssertionTests.cs(35,44): error CS0411: The type arguments for method 'DictionaryAssertionExtensions.ContainsKey<TDictionary, TKey, TValue>(ValueAssertionBuilder<TDictionary>, TKey)' cannot be inferred from the usage. Try specifying the type arguments explicitly. [C:\git\TUnit\TUnit.Assertions.Tests\TUnit.Assertions.Tests.csproj::TargetFramework=net472]
C:\git\TUnit\TUnit.Assertions.Tests\Old\DictionaryAssertionTests.cs(57,44): error CS1061: 'ValueAssertionBuilder<Dictionary<string, byte[]>>' does not contain a definition for 'ContainsKey' and no accessible extension method 'ContainsKey' accepting a first argument of type 'ValueAssertionBuilder<Dictionary<string, byte[]>>' could be found (are you missing a using directive or an assembly reference?) [C:\git\TUnit\TUnit.Assertions.Tests\TUnit.Assertions.Tests.csproj::TargetFramework=net472]
C:\git\TUnit\TUnit.Assertions.Tests\ThrowInDelegateValueAssertionTests.cs(11,13): warning CS0162: Unreachable code detected [C:\git\TUnit\TUnit.Assertions.Tests\TUnit.Assertions.Tests.csproj::TargetFramework=net472]
C:\git\TUnit\TUnit.Assertions.Tests\ThrowInDelegateValueAssertionTests.cs(33,13): warning CS0162: Unreachable code detected [C:\git\TUnit\TUnit.Assertions.Tests\TUnit.Assertions.Tests.csproj::TargetFramework=net472]
C:\git\TUnit\TUnit.Assertions.Tests\ThrowInDelegateValueAssertionTests.cs(47,13): warning CS0162: Unreachable code detected [C:\git\TUnit\TUnit.Assertions.Tests\TUnit.Assertions.Tests.csproj::TargetFramework=net472]
C:\git\TUnit\TUnit.Assertions.Tests\Assertions\Delegates\Throws.ExactlyTests.cs(76,57): error CS1503: Argument 1: cannot convert from 'System.Exception' to 'TUnit.Assertions.Tests.Assertions.Delegates.Throws.CustomException' [C:\git\TUnit\TUnit.Assertions.Tests\TUnit.Assertions.Tests.csproj::TargetFramework=net472]
C:\git\TUnit\TUnit.Assertions.Tests\Assertions\Delegates\Throws.WithMessageTests.cs(44,57): error CS1503: Argument 1: cannot convert from 'System.Exception' to 'TUnit.Assertions.Tests.Assertions.Delegates.Throws.CustomException' [C:\git\TUnit\TUnit.Assertions.Tests\TUnit.Assertions.Tests.csproj::TargetFramework=net472]
C:\git\TUnit\TUnit.Assertions.Tests\ThrowInDelegateValueAssertionTests.cs(61,13): warning CS0162: Unreachable code detected [C:\git\TUnit\TUnit.Assertions.Tests\TUnit.Assertions.Tests.csproj::TargetFramework=net472]
C:\git\TUnit\TUnit.Assertions.Tests\Assertions\Delegates\Throws.WithInnerExceptionTests.cs(46,57): error CS1503: Argument 1: cannot convert from 'System.Exception' to 'TUnit.Assertions.Tests.Assertions.Delegates.Throws.CustomException' [C:\git\TUnit\TUnit.Assertions.Tests\TUnit.Assertions.Tests.csproj::TargetFramework=net472]
C:\git\TUnit\TUnit.Assertions.Tests\ThrowInDelegateValueAssertionTests.cs(79,13): warning CS0162: Unreachable code detected [C:\git\TUnit\TUnit.Assertions.Tests\TUnit.Assertions.Tests.csproj::TargetFramework=net472]
C:\git\TUnit\TUnit.Assertions.Tests\Assertions\Delegates\Throws.OfTypeTests.cs(76,57): error CS1503: Argument 1: cannot convert from 'System.Exception' to 'TUnit.Assertions.Tests.Assertions.Delegates.Throws.CustomException' [C:\git\TUnit\TUnit.Assertions.Tests\TUnit.Assertions.Tests.csproj::TargetFramework=net472]
C:\git\TUnit\TUnit.Assertions.Tests\Assertions\Delegates\Throws.WithMessageMatchingTests.cs(67,57): error CS1503: Argument 1: cannot convert from 'System.Exception' to 'TUnit.Assertions.Tests.Assertions.Delegates.Throws.CustomException' [C:\git\TUnit\TUnit.Assertions.Tests\TUnit.Assertions.Tests.csproj::TargetFramework=net472]
C:\git\TUnit\TUnit.Assertions.Tests\ThrowInDelegateValueAssertionTests.cs(97,13): warning CS0162: Unreachable code detected [C:\git\TUnit\TUnit.Assertions.Tests\TUnit.Assertions.Tests.csproj::TargetFramework=net472]
C:\git\TUnit\TUnit.Assertions.Tests\Bugs\Tests1600.cs(22,58): error CS1503: Argument 2: cannot convert from 'TUnit.Assertions.Tests.Bugs.Tests1600.MyModelComparer' to 'System.Func<object, object, bool>?' [C:\git\TUnit\TUnit.Assertions.Tests\TUnit.Assertions.Tests.csproj::TargetFramework=net472]
C:\git\TUnit\TUnit.Assertions.Tests\Bugs\Tests1774.cs(15,57): warning CS8620: Argument of type 'AssertionBuilder<string?>' cannot be used for parameter 'builder' of type 'AssertionBuilder<string>' in 'CustomAssertion<string> StringAssertionBuilderExtensions.IsNotNullOrEmpty(AssertionBuilder<string> builder)' due to differences in the nullability of reference types. [C:\git\TUnit\TUnit.Assertions.Tests\TUnit.Assertions.Tests.csproj::TargetFramework=net472]
C:\git\TUnit\TUnit.Assertions.Tests\Bugs\Tests1877.cs(13,48): error CS1503: Argument 2: cannot convert from 'TUnit.Assertions.Enums.CollectionOrdering' to 'System.Func<object, object, bool>?' [C:\git\TUnit\TUnit.Assertions.Tests\TUnit.Assertions.Tests.csproj::TargetFramework=net472]
C:\git\TUnit\TUnit.Assertions.Tests\Bugs\Tests1877.cs(22,48): error CS1503: Argument 2: cannot convert from 'TUnit.Assertions.Enums.CollectionOrdering' to 'System.Func<object, object, bool>?' [C:\git\TUnit\TUnit.Assertions.Tests\TUnit.Assertions.Tests.csproj::TargetFramework=net472]
C:\git\TUnit\TUnit.Assertions.Tests\Bugs\Tests2117.cs(49,56): error CS1503: Argument 2: cannot convert from 'TUnit.Assertions.Enums.CollectionOrdering' to 'System.Func<object, object, bool>?' [C:\git\TUnit\TUnit.Assertions.Tests\TUnit.Assertions.Tests.csproj::TargetFramework=net472]
C:\git\TUnit\TUnit.Assertions.Tests\LazyEvaluationTests.cs(110,52): warning CS8620: Argument of type 'Func<Task<string>>' cannot be used for parameter 'actualValueProvider' of type 'Func<Task<string?>>' in 'StringEqualToAssertion.StringEqualToAssertion(Func<Task<string?>> actualValueProvider, string? expected)' due to differences in the nullability of reference types. [C:\git\TUnit\TUnit.Assertions.Tests\TUnit.Assertions.Tests.csproj::TargetFramework=net472]
C:\git\TUnit\TUnit.Assertions.Tests\ParseAssertionTests.cs(11,15): error CS1929: 'ValueAssertionBuilder<string>' does not contain a definition for 'IsParsableInto' and the best extension method overload 'StringAssertionBuilderExtensions.IsParsableInto<int>(AssertionBuilder<string>)' requires a receiver of type 'TUnit.Assertions.AssertionBuilders.AssertionBuilder<string>' [C:\git\TUnit\TUnit.Assertions.Tests\TUnit.Assertions.Tests.csproj::TargetFramework=net472]
C:\git\TUnit\TUnit.Assertions.Tests\ParseAssertionTests.cs(17,15): error CS1929: 'ValueAssertionBuilder<string>' does not contain a definition for 'IsNotParsableInto' and the best extension method overload 'StringAssertionBuilderExtensions.IsNotParsableInto<int>(AssertionBuilder<string>)' requires a receiver of type 'TUnit.Assertions.AssertionBuilders.AssertionBuilder<string>' [C:\git\TUnit\TUnit.Assertions.Tests\TUnit.Assertions.Tests.csproj::TargetFramework=net472]
C:\git\TUnit\TUnit.Assertions.Tests\ParseAssertionTests.cs(23,15): error CS1929: 'ValueAssertionBuilder<string>' does not contain a definition for 'WhenParsedInto' and the best extension method overload 'StringAssertionBuilderExtensions.WhenParsedInto<int>(AssertionBuilder<string>)' requires a receiver of type 'TUnit.Assertions.AssertionBuilders.AssertionBuilder<string>' [C:\git\TUnit\TUnit.Assertions.Tests\TUnit.Assertions.Tests.csproj::TargetFramework=net472]
C:\git\TUnit\TUnit.Assertions.Tests\Bugs\Tests2117.cs(84,59): error CS1503: Argument 2: cannot convert from 'TUnit.Assertions.Enums.CollectionOrdering' to 'System.Func<object, object, bool>?' [C:\git\TUnit\TUnit.Assertions.Tests\TUnit.Assertions.Tests.csproj::TargetFramework=net472]
C:\git\TUnit\TUnit.Assertions.Tests\EnumerableTests.cs(161,57): error CS1503: Argument 1: cannot convert from 'System.Collections.IEnumerable' to 'System.Collections.Generic.IEnumerable<object>' [C:\git\TUnit\TUnit.Assertions.Tests\TUnit.Assertions.Tests.csproj::TargetFramework=net472]
C:\git\TUnit\TUnit.Assertions.Tests\Old\StringRegexAssertionTests.cs(51,47): warning CS8620: Argument of type 'ValueAssertionBuilder<string?>' cannot be used for parameter 'builder' of type 'ValueAssertionBuilder<string>' in 'CustomAssertion<string> StringAssertionExtensions.Matches(ValueAssertionBuilder<string> builder, string pattern)' due to differences in the nullability of reference types. [C:\git\TUnit\TUnit.Assertions.Tests\TUnit.Assertions.Tests.csproj::TargetFramework=net472]
C:\git\TUnit\TUnit.Assertions.Tests\Old\StringRegexAssertionTests.cs(77,47): warning CS8620: Argument of type 'ValueAssertionBuilder<string?>' cannot be used for parameter 'builder' of type 'ValueAssertionBuilder<string>' in 'CustomAssertion<string> StringAssertionExtensions.Matches(ValueAssertionBuilder<string> builder, Regex regex)' due to differences in the nullability of reference types. [C:\git\TUnit\TUnit.Assertions.Tests\TUnit.Assertions.Tests.csproj::TargetFramework=net472]
C:\git\TUnit\TUnit.Assertions.Tests\Old\MemberTests.cs(16,53): error CS1660: Cannot convert lambda expression to type 'string' because it is not a delegate type [C:\git\TUnit\TUnit.Assertions.Tests\TUnit.Assertions.Tests.csproj::TargetFramework=net472]
C:\git\TUnit\TUnit.Assertions.Tests\ParseAssertionTests.cs(32,15): error CS1929: 'ValueAssertionBuilder<string>' does not contain a definition for 'IsParsableInto' and the best extension method overload 'StringAssertionBuilderExtensions.IsParsableInto<double>(AssertionBuilder<string>)' requires a receiver of type 'TUnit.Assertions.AssertionBuilders.AssertionBuilder<string>' [C:\git\TUnit\TUnit.Assertions.Tests\TUnit.Assertions.Tests.csproj::TargetFramework=net472]
C:\git\TUnit\TUnit.Assertions.Tests\ParseAssertionTests.cs(40,15): error CS1929: 'ValueAssertionBuilder<string>' does not contain a definition for 'IsParsableInto' and the best extension method overload 'StringAssertionBuilderExtensions.IsParsableInto<Guid>(AssertionBuilder<string>)' requires a receiver of type 'TUnit.Assertions.AssertionBuilders.AssertionBuilder<string>' [C:\git\TUnit\TUnit.Assertions.Tests\TUnit.Assertions.Tests.csproj::TargetFramework=net472]
C:\git\TUnit\TUnit.Assertions.Tests\ParseAssertionTests.cs(47,15): error CS1929: 'ValueAssertionBuilder<string>' does not contain a definition for 'IsParsableInto' and the best extension method overload 'StringAssertionBuilderExtensions.IsParsableInto<DateTime>(AssertionBuilder<string>)' requires a receiver of type 'TUnit.Assertions.AssertionBuilders.AssertionBuilder<string>' [C:\git\TUnit\TUnit.Assertions.Tests\TUnit.Assertions.Tests.csproj::TargetFramework=net472]
C:\git\TUnit\TUnit.Assertions.Tests\ParseAssertionTests.cs(53,15): error CS1929: 'ValueAssertionBuilder<string>' does not contain a definition for 'WhenParsedInto' and the best extension method overload 'StringAssertionBuilderExtensions.WhenParsedInto<bool>(AssertionBuilder<string>)' requires a receiver of type 'TUnit.Assertions.AssertionBuilders.AssertionBuilder<string>' [C:\git\TUnit\TUnit.Assertions.Tests\TUnit.Assertions.Tests.csproj::TargetFramework=net472]
C:\git\TUnit\TUnit.Assertions.Tests\Old\EquivalentAssertionTests.cs(108,60): error CS1503: Argument 2: cannot convert from 'TUnit.Assertions.Enums.CollectionOrdering' to 'System.Func<object, object, bool>?' [C:\git\TUnit\TUnit.Assertions.Tests\TUnit.Assertions.Tests.csproj::TargetFramework=net472]
C:\git\TUnit\TUnit.Assertions.Tests\Old\MemberTests.cs(29,136): error CS1660: Cannot convert lambda expression to type 'string' because it is not a delegate type [C:\git\TUnit\TUnit.Assertions.Tests\TUnit.Assertions.Tests.csproj::TargetFramework=net472]
C:\git\TUnit\TUnit.Assertions.Tests\Old\StringRegexAssertionTests.cs(190,47): warning CS8620: Argument of type 'ValueAssertionBuilder<string?>' cannot be used for parameter 'builder' of type 'ValueAssertionBuilder<string>' in 'CustomAssertion<string> StringAssertionExtensions.DoesNotMatch(ValueAssertionBuilder<string> builder, string pattern)' due to differences in the nullability of reference types. [C:\git\TUnit\TUnit.Assertions.Tests\TUnit.Assertions.Tests.csproj::TargetFramework=net472]
C:\git\TUnit\TUnit.Assertions.Tests\Old\EquivalentAssertionTests.cs(118,60): error CS1503: Argument 2: cannot convert from 'TUnit.Assertions.Enums.CollectionOrdering' to 'System.Func<object, object, bool>?' [C:\git\TUnit\TUnit.Assertions.Tests\TUnit.Assertions.Tests.csproj::TargetFramework=net472]
C:\git\TUnit\TUnit.Assertions.Tests\SatisfiesTests.cs(72,33): warning CS8603: Possible null reference return. [C:\git\TUnit\TUnit.Assertions.Tests\TUnit.Assertions.Tests.csproj::TargetFramework=net472]
C:\git\TUnit\TUnit.Assertions.Tests\SatisfiesTests.cs(73,43): warning CS8603: Possible null reference return. [C:\git\TUnit\TUnit.Assertions.Tests\TUnit.Assertions.Tests.csproj::TargetFramework=net472]
C:\git\TUnit\TUnit.Assertions.Tests\Old\StringRegexAssertionTests.cs(216,47): warning CS8620: Argument of type 'ValueAssertionBuilder<string?>' cannot be used for parameter 'builder' of type 'ValueAssertionBuilder<string>' in 'CustomAssertion<string> StringAssertionExtensions.DoesNotMatch(ValueAssertionBuilder<string> builder, Regex regex)' due to differences in the nullability of reference types. [C:\git\TUnit\TUnit.Assertions.Tests\TUnit.Assertions.Tests.csproj::TargetFramework=net472]
C:\git\TUnit\TUnit.Assertions.Tests\Old\EquivalentAssertionTests.cs(128,143): error CS1503: Argument 2: cannot convert from 'TUnit.Assertions.Enums.CollectionOrdering' to 'System.Func<object, object, bool>?' [C:\git\TUnit\TUnit.Assertions.Tests\TUnit.Assertions.Tests.csproj::TargetFramework=net472]
C:\git\TUnit\TUnit.Assertions.Tests\Old\StringAssertionTests.cs(24,15): warning CS8620: Argument of type 'ValueAssertionBuilder<string?>' cannot be used for parameter 'builder' of type 'ValueAssertionBuilder<string>' in 'CustomAssertion<string> StringAssertionExtensions.IsNullOrEmpty(ValueAssertionBuilder<string> builder)' due to differences in the nullability of reference types. [C:\git\TUnit\TUnit.Assertions.Tests\TUnit.Assertions.Tests.csproj::TargetFramework=net472]
C:\git\TUnit\TUnit.Assertions.Tests\Old\MemberTests.cs(51,136): error CS1660: Cannot convert lambda expression to type 'string' because it is not a delegate type [C:\git\TUnit\TUnit.Assertions.Tests\TUnit.Assertions.Tests.csproj::TargetFramework=net472]
C:\git\TUnit\TUnit.Assertions.Tests\Old\EquivalentAssertionTests.cs(148,143): error CS1503: Argument 2: cannot convert from 'TUnit.Assertions.Enums.CollectionOrdering' to 'System.Func<object, object, bool>?' [C:\git\TUnit\TUnit.Assertions.Tests\TUnit.Assertions.Tests.csproj::TargetFramework=net472]
C:\git\TUnit\TUnit.Assertions.Tests\Old\MemberTests.cs(68,136): error CS1660: Cannot convert lambda expression to type 'string' because it is not a delegate type [C:\git\TUnit\TUnit.Assertions.Tests\TUnit.Assertions.Tests.csproj::TargetFramework=net472]
C:\git\TUnit\TUnit.Assertions.Tests\Old\StringAssertionTests.cs(52,15): warning CS8620: Argument of type 'ValueAssertionBuilder<string?>' cannot be used for parameter 'builder' of type 'ValueAssertionBuilder<string>' in 'CustomAssertion<string> StringAssertionExtensions.IsNullOrWhitespace(ValueAssertionBuilder<string> builder)' due to differences in the nullability of reference types. [C:\git\TUnit\TUnit.Assertions.Tests\TUnit.Assertions.Tests.csproj::TargetFramework=net472]
C:\git\TUnit\TUnit.Assertions.Tests\Old\StringEqualsAssertionTests.cs(42,50): warning CS8604: Possible null reference argument for parameter 'expected' in 'GenericEqualToAssertion<string> ValueAssertionBuilder<string>.IsEqualTo(string expected)'. [C:\git\TUnit\TUnit.Assertions.Tests\TUnit.Assertions.Tests.csproj::TargetFramework=net472]
C:\git\TUnit\TUnit.Assertions.Tests\Old\StringEqualsAssertionTests.cs(51,15): warning CS8620: Argument of type 'GenericEqualToAssertion<string?>' cannot be used for parameter 'assertion' of type 'GenericEqualToAssertion<string>' in 'StringEqualToAssertion ChainingExtensions.WithNullAndEmptyEquality(GenericEqualToAssertion<string> assertion)' due to differences in the nullability of reference types. [C:\git\TUnit\TUnit.Assertions.Tests\TUnit.Assertions.Tests.csproj::TargetFramework=net472]
C:\git\TUnit\TUnit.Assertions.Tests\Old\StringEqualsAssertionTests.cs(96,117): warning CS8604: Possible null reference argument for parameter 'expected' in 'GenericEqualToAssertion<string> ValueAssertionBuilder<string>.IsEqualTo(string expected)'. [C:\git\TUnit\TUnit.Assertions.Tests\TUnit.Assertions.Tests.csproj::TargetFramework=net472]
C:\git\TUnit\TUnit.Assertions.Tests\Old\StringEqualsAssertionTests.cs(105,82): warning CS8620: Argument of type 'GenericEqualToAssertion<string?>' cannot be used for parameter 'assertion' of type 'GenericEqualToAssertion<string>' in 'StringEqualToAssertion ChainingExtensions.WithNullAndEmptyEquality(GenericEqualToAssertion<string> assertion)' due to differences in the nullability of reference types. [C:\git\TUnit\TUnit.Assertions.Tests\TUnit.Assertions.Tests.csproj::TargetFramework=net472]
C:\git\TUnit\TUnit.Assertions.Tests\Old\EqualsAssertionTests.cs(11,60): error CS1503: Argument 2: cannot convert from 'System.StringComparison' to 'string' [C:\git\TUnit\TUnit.Assertions.Tests\TUnit.Assertions.Tests.csproj::TargetFramework=net472]
C:\git\TUnit\TUnit.Assertions.Tests\SatisfiesTests.cs(181,41): warning CS8603: Possible null reference return. [C:\git\TUnit\TUnit.Assertions.Tests\TUnit.Assertions.Tests.csproj::TargetFramework=net472]
C:\git\TUnit\TUnit.Assertions.Tests\SatisfiesTests.cs(182,51): warning CS8603: Possible null reference return. [C:\git\TUnit\TUnit.Assertions.Tests\TUnit.Assertions.Tests.csproj::TargetFramework=net472]
C:\git\TUnit\TUnit.Assertions.Tests\ParseAssertionTests.cs(11,15): warning TUnitAssertions0005: Assert.That(...) should not be used with a constant value [C:\git\TUnit\TUnit.Assertions.Tests\TUnit.Assertions.Tests.csproj::TargetFramework=net472]
C:\git\TUnit\TUnit.Assertions.Tests\ParseAssertionTests.cs(17,15): warning TUnitAssertions0005: Assert.That(...) should not be used with a constant value [C:\git\TUnit\TUnit.Assertions.Tests\TUnit.Assertions.Tests.csproj::TargetFramework=net472]
C:\git\TUnit\TUnit.Assertions.Tests\ParseAssertionTests.cs(23,15): warning TUnitAssertions0005: Assert.That(...) should not be used with a constant value [C:\git\TUnit\TUnit.Assertions.Tests\TUnit.Assertions.Tests.csproj::TargetFramework=net472]
C:\git\TUnit\TUnit.Assertions.Tests\ParseAssertionTests.cs(32,15): warning TUnitAssertions0005: Assert.That(...) should not be used with a constant value [C:\git\TUnit\TUnit.Assertions.Tests\TUnit.Assertions.Tests.csproj::TargetFramework=net472]
C:\git\TUnit\TUnit.Assertions.Tests\ParseAssertionTests.cs(47,15): warning TUnitAssertions0005: Assert.That(...) should not be used with a constant value [C:\git\TUnit\TUnit.Assertions.Tests\TUnit.Assertions.Tests.csproj::TargetFramework=net472]
C:\git\TUnit\TUnit.Assertions.Tests\ParseAssertionTests.cs(40,15): warning TUnitAssertions0005: Assert.That(...) should not be used with a constant value [C:\git\TUnit\TUnit.Assertions.Tests\TUnit.Assertions.Tests.csproj::TargetFramework=net472]
C:\git\TUnit\TUnit.Assertions.Tests\ParseAssertionTests.cs(53,15): warning TUnitAssertions0005: Assert.That(...) should not be used with a constant value [C:\git\TUnit\TUnit.Assertions.Tests\TUnit.Assertions.Tests.csproj::TargetFramework=net472]

Build FAILED.

C:\git\TUnit\TestProject.props(33,9): warning MSB3061: Unable to delete file "C:\git\TUnit\TUnit.Assertions.Tests\SourceGeneratedViewer\TUnit.Core.SourceGenerator\TUnit.Core.SourceGenerator.Generators.AotMethodInvocationGenerator\AotMethodInvokers.g.cs". Access to the path 'C:\git\TUnit\TUnit.Assertions.Tests\SourceGeneratedViewer\TUnit.Core.SourceGenerator\TUnit.Core.SourceGenerator.Generators.AotMethodInvocationGenerator\AotMethodInvokers.g.cs' is denied.  [C:\git\TUnit\TUnit.Assertions.Tests\TUnit.Assertions.Tests.csproj::TargetFramework=net9.0]
C:\git\TUnit\TestProject.props(33,9): warning MSB3061: Unable to delete file "C:\git\TUnit\TUnit.Assertions.Tests\SourceGeneratedViewer\TUnit.Core.SourceGenerator\TUnit.Core.SourceGenerator.CodeGenerators.DisableReflectionScannerGenerator\DisableReflectionScanner.g.cs". Access to the path 'C:\git\TUnit\TUnit.Assertions.Tests\SourceGeneratedViewer\TUnit.Core.SourceGenerator\TUnit.Core.SourceGenerator.CodeGenerators.DisableReflectionScannerGenerator\DisableReflectionScanner.g.cs' is denied.  [C:\git\TUnit\TUnit.Assertions.Tests\TUnit.Assertions.Tests.csproj::TargetFramework=net8.0]
C:\git\TUnit\TestProject.props(33,9): warning MSB3061: Unable to delete file "C:\git\TUnit\TUnit.Assertions.Tests\SourceGeneratedViewer\TUnit.Core.SourceGenerator\TUnit.Core.SourceGenerator.Generators.TestMetadataGenerator\EquivalentAssertionTests_Objects_With_Mismatch_With_Partial_Equivalency_Kind_Are_Not_Equivalent_96f0cf4f17424045a4056aeff79d47ba.g.cs". Access to the path 'C:\git\TUnit\TUnit.Assertions.Tests\SourceGeneratedViewer\TUnit.Core.SourceGenerator\TUnit.Core.SourceGenerator.Generators.TestMetadataGenerator\EquivalentAssertionTests_Objects_With_Mismatch_With_Partial_Equivalency_Kind_Are_Not_Equivalent_96f0cf4f17424045a4056aeff79d47ba.g.cs' is denied.  [C:\git\TUnit\TUnit.Assertions.Tests\TUnit.Assertions.Tests.csproj::TargetFramework=net8.0]
C:\git\TUnit\TestProject.props(33,9): warning MSB3061: Unable to delete file "C:\git\TUnit\TUnit.Assertions.Tests\SourceGeneratedViewer\TUnit.Core.SourceGenerator\TUnit.Core.SourceGenerator.Generators.TestMetadataGenerator\EquivalentAssertionTests_Objects_With_Nested_Enumerable_Matches_Are_Equivalent_237743183324460ab9520a2b820a78b3.g.cs". Access to the path 'C:\git\TUnit\TUnit.Assertions.Tests\SourceGeneratedViewer\TUnit.Core.SourceGenerator\TUnit.Core.SourceGenerator.Generators.TestMetadataGenerator\EquivalentAssertionTests_Objects_With_Nested_Enumerable_Matches_Are_Equivalent_237743183324460ab9520a2b820a78b3.g.cs' is denied.  [C:\git\TUnit\TUnit.Assertions.Tests\TUnit.Assertions.Tests.csproj::TargetFramework=net472]
C:\git\TUnit\TestProject.props(33,9): warning MSB3061: Unable to delete file "C:\git\TUnit\TUnit.Assertions.Tests\SourceGeneratedViewer\TUnit.Core.SourceGenerator\TUnit.Core.SourceGenerator.Generators.TestMetadataGenerator\ExactlyTests_Conversion_To_Value_Assertion_Builder_On_Casted_Exception_Type_Throws_When_Wrong_Type_3aa0070cf79b4d1b829e687dd6a0a2d3.g.cs". Access to the path 'C:\git\TUnit\TUnit.Assertions.Tests\SourceGeneratedViewer\TUnit.Core.SourceGenerator\TUnit.Core.SourceGenerator.Generators.TestMetadataGenerator\ExactlyTests_Conversion_To_Value_Assertion_Builder_On_Casted_Exception_Type_Throws_When_Wrong_Type_3aa0070cf79b4d1b829e687dd6a0a2d3.g.cs' is denied.  [C:\git\TUnit\TUnit.Assertions.Tests\TUnit.Assertions.Tests.csproj::TargetFramework=net9.0]
C:\git\TUnit\TestProject.props(33,9): warning MSB3061: Unable to delete file "C:\git\TUnit\TUnit.Assertions.Tests\SourceGeneratedViewer\TUnit.Core.SourceGenerator\TUnit.Core.SourceGenerator.Generators.TestMetadataGenerator\ExactlyTests_Fails_For_Code_With_Other_Exceptions_917de2b9f7824158a5b15e5a308c8d9b.g.cs". Access to the path 'C:\git\TUnit\TUnit.Assertions.Tests\SourceGeneratedViewer\TUnit.Core.SourceGenerator\TUnit.Core.SourceGenerator.Generators.TestMetadataGenerator\ExactlyTests_Fails_For_Code_With_Other_Exceptions_917de2b9f7824158a5b15e5a308c8d9b.g.cs' is denied.  [C:\git\TUnit\TUnit.Assertions.Tests\TUnit.Assertions.Tests.csproj::TargetFramework=net472]
C:\git\TUnit\TestProject.props(33,9): warning MSB3061: Unable to delete file "C:\git\TUnit\TUnit.Assertions.Tests\SourceGeneratedViewer\TUnit.Core.SourceGenerator\TUnit.Core.SourceGenerator.Generators.TestMetadataGenerator\FailTests_Fail_Test_Throws_AssertionException_0ede21b1decd414f885eeb285cc644df.g.cs". Access to the path 'C:\git\TUnit\TUnit.Assertions.Tests\SourceGeneratedViewer\TUnit.Core.SourceGenerator\TUnit.Core.SourceGenerator.Generators.TestMetadataGenerator\FailTests_Fail_Test_Throws_AssertionException_0ede21b1decd414f885eeb285cc644df.g.cs' is denied.  [C:\git\TUnit\TUnit.Assertions.Tests\TUnit.Assertions.Tests.csproj::TargetFramework=net8.0]
C:\git\TUnit\TestProject.props(33,9): warning MSB3061: Unable to delete file "C:\git\TUnit\TUnit.Assertions.Tests\SourceGeneratedViewer\TUnit.Core.SourceGenerator\TUnit.Core.SourceGenerator.Generators.TestMetadataGenerator\StringEqualsAssertionTests_Equals_Trimmed2_Failure_fc2994ea7f954d08826863347994bd87.g.cs". Access to the path 'C:\git\TUnit\TUnit.Assertions.Tests\SourceGeneratedViewer\TUnit.Core.SourceGenerator\TUnit.Core.SourceGenerator.Generators.TestMetadataGenerator\StringEqualsAssertionTests_Equals_Trimmed2_Failure_fc2994ea7f954d08826863347994bd87.g.cs' is denied.  [C:\git\TUnit\TUnit.Assertions.Tests\TUnit.Assertions.Tests.csproj::TargetFramework=net472]
C:\git\TUnit\TestProject.props(33,9): warning MSB3061: Unable to delete file "C:\git\TUnit\TUnit.Assertions.Tests\SourceGeneratedViewer\TUnit.Core.SourceGenerator\TUnit.Core.SourceGenerator.Generators.TestMetadataGenerator\StringEqualsAssertionTests_Equals_Trimmed2_Failure_fc2994ea7f954d08826863347994bd87.g.cs". Access to the path 'C:\git\TUnit\TUnit.Assertions.Tests\SourceGeneratedViewer\TUnit.Core.SourceGenerator\TUnit.Core.SourceGenerator.Generators.TestMetadataGenerator\StringEqualsAssertionTests_Equals_Trimmed2_Failure_fc2994ea7f954d08826863347994bd87.g.cs' is denied.  [C:\git\TUnit\TUnit.Assertions.Tests\TUnit.Assertions.Tests.csproj::TargetFramework=net8.0]
C:\git\TUnit\TUnit.Assertions.Analyzers\AnalyzerReleases.Shipped.md(5,1): warning RS2007: Analyzer release file 'AnalyzerReleases.Shipped.md' has a missing or invalid release header '#### Assertion Usage Rules' (https://github.com/dotnet/roslyn-analyzers/blob/main/src/Microsoft.CodeAnalysis.Analyzers/ReleaseTrackingAnalyzers.Help.md) [C:\git\TUnit\TUnit.Assertions.Analyzers\TUnit.Assertions.Analyzers.csproj::TargetFramework=netstandard2.0]
C:\git\TUnit\TUnit.Assertions.SourceGenerator\Generators\AssertionMethodGenerator.cs(113,21): warning CS8604: Possible null reference argument for parameter 'MethodName' in 'CreateAssertionAttributeData.CreateAssertionAttributeData(INamedTypeSymbol TargetType, INamedTypeSymbol ContainingType, string MethodName, string? CustomName, bool NegateLogic, bool RequiresGenericTypeParameter, bool TreatAsInstance)'. [C:\git\TUnit\TUnit.Assertions.SourceGenerator\TUnit.Assertions.SourceGenerator.csproj::TargetFramework=netstandard2.0]
C:\git\TUnit\TUnit.Assertions.SourceGenerator\Generators\AssertionMethodGenerator.cs(220,21): warning CS8604: Possible null reference argument for parameter 'MethodName' in 'CreateAssertionAttributeData.CreateAssertionAttributeData(INamedTypeSymbol TargetType, INamedTypeSymbol ContainingType, string MethodName, string? CustomName, bool NegateLogic, bool RequiresGenericTypeParameter, bool TreatAsInstance)'. [C:\git\TUnit\TUnit.Assertions.SourceGenerator\TUnit.Assertions.SourceGenerator.csproj::TargetFramework=netstandard2.0]
C:\git\TUnit\TUnit.Analyzers\AnalyzerReleases.Shipped.md(5,1): warning RS2007: Analyzer release file 'AnalyzerReleases.Shipped.md' has a missing or invalid release header '#### Test Method and Structure Rules' (https://github.com/dotnet/roslyn-analyzers/blob/main/src/Microsoft.CodeAnalysis.Analyzers/ReleaseTrackingAnalyzers.Help.md) [C:\git\TUnit\TUnit.Analyzers\TUnit.Analyzers.csproj::TargetFramework=netstandard2.0]
C:\git\TUnit\TUnit.Core.SourceGenerator\CodeGenerators\Helpers\TupleArgumentHelper.cs(72,37): warning CS8600: Converting null literal or possible null value to non-nullable type. [C:\git\TUnit\TUnit.Core.SourceGenerator\TUnit.Core.SourceGenerator.csproj::TargetFramework=netstandard2.0]
C:\git\TUnit\TUnit.Core.SourceGenerator\Generators\AotMethodInvocationGenerator.cs(168,52): warning CS8604: Possible null reference argument for parameter 'name' in 'ImmutableArray<ISymbol> INamespaceOrTypeSymbol.GetMembers(string name)'. [C:\git\TUnit\TUnit.Core.SourceGenerator\TUnit.Core.SourceGenerator.csproj::TargetFramework=netstandard2.0]
C:\git\TUnit\TUnit.Core.SourceGenerator\Generators\TestMetadataGenerator.cs(741,54): warning CS8604: Possible null reference argument for parameter 'name' in 'ImmutableArray<ISymbol> INamespaceOrTypeSymbol.GetMembers(string name)'. [C:\git\TUnit\TUnit.Core.SourceGenerator\TUnit.Core.SourceGenerator.csproj::TargetFramework=netstandard2.0]
C:\git\TUnit\TUnit.Assertions.Tests\ThrowInDelegateValueAssertionTests.cs(11,13): warning CS0162: Unreachable code detected [C:\git\TUnit\TUnit.Assertions.Tests\TUnit.Assertions.Tests.csproj::TargetFramework=net472]
C:\git\TUnit\TUnit.Assertions.Tests\ThrowInDelegateValueAssertionTests.cs(33,13): warning CS0162: Unreachable code detected [C:\git\TUnit\TUnit.Assertions.Tests\TUnit.Assertions.Tests.csproj::TargetFramework=net472]
C:\git\TUnit\TUnit.Assertions.Tests\ThrowInDelegateValueAssertionTests.cs(47,13): warning CS0162: Unreachable code detected [C:\git\TUnit\TUnit.Assertions.Tests\TUnit.Assertions.Tests.csproj::TargetFramework=net472]
C:\git\TUnit\TUnit.Assertions.Tests\ThrowInDelegateValueAssertionTests.cs(61,13): warning CS0162: Unreachable code detected [C:\git\TUnit\TUnit.Assertions.Tests\TUnit.Assertions.Tests.csproj::TargetFramework=net472]
C:\git\TUnit\TUnit.Assertions.Tests\ThrowInDelegateValueAssertionTests.cs(79,13): warning CS0162: Unreachable code detected [C:\git\TUnit\TUnit.Assertions.Tests\TUnit.Assertions.Tests.csproj::TargetFramework=net472]
C:\git\TUnit\TUnit.Assertions.Tests\ThrowInDelegateValueAssertionTests.cs(97,13): warning CS0162: Unreachable code detected [C:\git\TUnit\TUnit.Assertions.Tests\TUnit.Assertions.Tests.csproj::TargetFramework=net472]
C:\git\TUnit\TUnit.Assertions.Tests\Bugs\Tests1774.cs(15,57): warning CS8620: Argument of type 'AssertionBuilder<string?>' cannot be used for parameter 'builder' of type 'AssertionBuilder<string>' in 'CustomAssertion<string> StringAssertionBuilderExtensions.IsNotNullOrEmpty(AssertionBuilder<string> builder)' due to differences in the nullability of reference types. [C:\git\TUnit\TUnit.Assertions.Tests\TUnit.Assertions.Tests.csproj::TargetFramework=net472]
C:\git\TUnit\TUnit.Assertions.Tests\LazyEvaluationTests.cs(110,52): warning CS8620: Argument of type 'Func<Task<string>>' cannot be used for parameter 'actualValueProvider' of type 'Func<Task<string?>>' in 'StringEqualToAssertion.StringEqualToAssertion(Func<Task<string?>> actualValueProvider, string? expected)' due to differences in the nullability of reference types. [C:\git\TUnit\TUnit.Assertions.Tests\TUnit.Assertions.Tests.csproj::TargetFramework=net472]
C:\git\TUnit\TUnit.Assertions.Tests\Old\StringRegexAssertionTests.cs(51,47): warning CS8620: Argument of type 'ValueAssertionBuilder<string?>' cannot be used for parameter 'builder' of type 'ValueAssertionBuilder<string>' in 'CustomAssertion<string> StringAssertionExtensions.Matches(ValueAssertionBuilder<string> builder, string pattern)' due to differences in the nullability of reference types. [C:\git\TUnit\TUnit.Assertions.Tests\TUnit.Assertions.Tests.csproj::TargetFramework=net472]
C:\git\TUnit\TUnit.Assertions.Tests\Old\StringRegexAssertionTests.cs(77,47): warning CS8620: Argument of type 'ValueAssertionBuilder<string?>' cannot be used for parameter 'builder' of type 'ValueAssertionBuilder<string>' in 'CustomAssertion<string> StringAssertionExtensions.Matches(ValueAssertionBuilder<string> builder, Regex regex)' due to differences in the nullability of reference types. [C:\git\TUnit\TUnit.Assertions.Tests\TUnit.Assertions.Tests.csproj::TargetFramework=net472]
C:\git\TUnit\TUnit.Assertions.Tests\Old\StringRegexAssertionTests.cs(190,47): warning CS8620: Argument of type 'ValueAssertionBuilder<string?>' cannot be used for parameter 'builder' of type 'ValueAssertionBuilder<string>' in 'CustomAssertion<string> StringAssertionExtensions.DoesNotMatch(ValueAssertionBuilder<string> builder, string pattern)' due to differences in the nullability of reference types. [C:\git\TUnit\TUnit.Assertions.Tests\TUnit.Assertions.Tests.csproj::TargetFramework=net472]
C:\git\TUnit\TUnit.Assertions.Tests\SatisfiesTests.cs(72,33): warning CS8603: Possible null reference return. [C:\git\TUnit\TUnit.Assertions.Tests\TUnit.Assertions.Tests.csproj::TargetFramework=net472]
C:\git\TUnit\TUnit.Assertions.Tests\SatisfiesTests.cs(73,43): warning CS8603: Possible null reference return. [C:\git\TUnit\TUnit.Assertions.Tests\TUnit.Assertions.Tests.csproj::TargetFramework=net472]
C:\git\TUnit\TUnit.Assertions.Tests\Old\StringRegexAssertionTests.cs(216,47): warning CS8620: Argument of type 'ValueAssertionBuilder<string?>' cannot be used for parameter 'builder' of type 'ValueAssertionBuilder<string>' in 'CustomAssertion<string> StringAssertionExtensions.DoesNotMatch(ValueAssertionBuilder<string> builder, Regex regex)' due to differences in the nullability of reference types. [C:\git\TUnit\TUnit.Assertions.Tests\TUnit.Assertions.Tests.csproj::TargetFramework=net472]
C:\git\TUnit\TUnit.Assertions.Tests\Old\StringAssertionTests.cs(24,15): warning CS8620: Argument of type 'ValueAssertionBuilder<string?>' cannot be used for parameter 'builder' of type 'ValueAssertionBuilder<string>' in 'CustomAssertion<string> StringAssertionExtensions.IsNullOrEmpty(ValueAssertionBuilder<string> builder)' due to differences in the nullability of reference types. [C:\git\TUnit\TUnit.Assertions.Tests\TUnit.Assertions.Tests.csproj::TargetFramework=net472]
C:\git\TUnit\TUnit.Assertions.Tests\Old\StringAssertionTests.cs(52,15): warning CS8620: Argument of type 'ValueAssertionBuilder<string?>' cannot be used for parameter 'builder' of type 'ValueAssertionBuilder<string>' in 'CustomAssertion<string> StringAssertionExtensions.IsNullOrWhitespace(ValueAssertionBuilder<string> builder)' due to differences in the nullability of reference types. [C:\git\TUnit\TUnit.Assertions.Tests\TUnit.Assertions.Tests.csproj::TargetFramework=net472]
C:\git\TUnit\TUnit.Assertions.Tests\Old\StringEqualsAssertionTests.cs(42,50): warning CS8604: Possible null reference argument for parameter 'expected' in 'GenericEqualToAssertion<string> ValueAssertionBuilder<string>.IsEqualTo(string expected)'. [C:\git\TUnit\TUnit.Assertions.Tests\TUnit.Assertions.Tests.csproj::TargetFramework=net472]
C:\git\TUnit\TUnit.Assertions.Tests\Old\StringEqualsAssertionTests.cs(51,15): warning CS8620: Argument of type 'GenericEqualToAssertion<string?>' cannot be used for parameter 'assertion' of type 'GenericEqualToAssertion<string>' in 'StringEqualToAssertion ChainingExtensions.WithNullAndEmptyEquality(GenericEqualToAssertion<string> assertion)' due to differences in the nullability of reference types. [C:\git\TUnit\TUnit.Assertions.Tests\TUnit.Assertions.Tests.csproj::TargetFramework=net472]
C:\git\TUnit\TUnit.Assertions.Tests\Old\StringEqualsAssertionTests.cs(96,117): warning CS8604: Possible null reference argument for parameter 'expected' in 'GenericEqualToAssertion<string> ValueAssertionBuilder<string>.IsEqualTo(string expected)'. [C:\git\TUnit\TUnit.Assertions.Tests\TUnit.Assertions.Tests.csproj::TargetFramework=net472]
C:\git\TUnit\TUnit.Assertions.Tests\Old\StringEqualsAssertionTests.cs(105,82): warning CS8620: Argument of type 'GenericEqualToAssertion<string?>' cannot be used for parameter 'assertion' of type 'GenericEqualToAssertion<string>' in 'StringEqualToAssertion ChainingExtensions.WithNullAndEmptyEquality(GenericEqualToAssertion<string> assertion)' due to differences in the nullability of reference types. [C:\git\TUnit\TUnit.Assertions.Tests\TUnit.Assertions.Tests.csproj::TargetFramework=net472]
C:\git\TUnit\TUnit.Assertions.Tests\SatisfiesTests.cs(181,41): warning CS8603: Possible null reference return. [C:\git\TUnit\TUnit.Assertions.Tests\TUnit.Assertions.Tests.csproj::TargetFramework=net472]
C:\git\TUnit\TUnit.Assertions.Tests\SatisfiesTests.cs(182,51): warning CS8603: Possible null reference return. [C:\git\TUnit\TUnit.Assertions.Tests\TUnit.Assertions.Tests.csproj::TargetFramework=net472]
C:\git\TUnit\TUnit.Assertions.Tests\ParseAssertionTests.cs(11,15): warning TUnitAssertions0005: Assert.That(...) should not be used with a constant value [C:\git\TUnit\TUnit.Assertions.Tests\TUnit.Assertions.Tests.csproj::TargetFramework=net472]
C:\git\TUnit\TUnit.Assertions.Tests\ParseAssertionTests.cs(17,15): warning TUnitAssertions0005: Assert.That(...) should not be used with a constant value [C:\git\TUnit\TUnit.Assertions.Tests\TUnit.Assertions.Tests.csproj::TargetFramework=net472]
C:\git\TUnit\TUnit.Assertions.Tests\ParseAssertionTests.cs(23,15): warning TUnitAssertions0005: Assert.That(...) should not be used with a constant value [C:\git\TUnit\TUnit.Assertions.Tests\TUnit.Assertions.Tests.csproj::TargetFramework=net472]
C:\git\TUnit\TUnit.Assertions.Tests\ParseAssertionTests.cs(32,15): warning TUnitAssertions0005: Assert.That(...) should not be used with a constant value [C:\git\TUnit\TUnit.Assertions.Tests\TUnit.Assertions.Tests.csproj::TargetFramework=net472]
C:\git\TUnit\TUnit.Assertions.Tests\ParseAssertionTests.cs(47,15): warning TUnitAssertions0005: Assert.That(...) should not be used with a constant value [C:\git\TUnit\TUnit.Assertions.Tests\TUnit.Assertions.Tests.csproj::TargetFramework=net472]
C:\git\TUnit\TUnit.Assertions.Tests\ParseAssertionTests.cs(40,15): warning TUnitAssertions0005: Assert.That(...) should not be used with a constant value [C:\git\TUnit\TUnit.Assertions.Tests\TUnit.Assertions.Tests.csproj::TargetFramework=net472]
C:\git\TUnit\TUnit.Assertions.Tests\ParseAssertionTests.cs(53,15): warning TUnitAssertions0005: Assert.That(...) should not be used with a constant value [C:\git\TUnit\TUnit.Assertions.Tests\TUnit.Assertions.Tests.csproj::TargetFramework=net472]
C:\git\TUnit\TUnit.Assertions\Extensions\CollectionAssertionExtensions.cs(112,38): error CS8714: The type 'TElement' cannot be used as type parameter 'TKey' in the generic type or method 'Enumerable.ToDictionary<TSource, TKey, TElement>(IEnumerable<TSource>, Func<TSource, TKey>, Func<TSource, TElement>)'. Nullability of type argument 'TElement' doesn't match 'notnull' constraint. [C:\git\TUnit\TUnit.Assertions\TUnit.Assertions.csproj::TargetFramework=net8.0]
C:\git\TUnit\TUnit.Assertions\Extensions\CollectionAssertionExtensions.cs(113,36): error CS8714: The type 'TElement' cannot be used as type parameter 'TKey' in the generic type or method 'Enumerable.ToDictionary<TSource, TKey, TElement>(IEnumerable<TSource>, Func<TSource, TKey>, Func<TSource, TElement>)'. Nullability of type argument 'TElement' doesn't match 'notnull' constraint. [C:\git\TUnit\TUnit.Assertions\TUnit.Assertions.csproj::TargetFramework=net8.0]
C:\git\TUnit\TUnit.Assertions\Extensions\CollectionAssertionExtensions.cs(137,38): error CS8714: The type 'TElement' cannot be used as type parameter 'TKey' in the generic type or method 'Enumerable.ToDictionary<TSource, TKey, TElement>(IEnumerable<TSource>, Func<TSource, TKey>, Func<TSource, TElement>)'. Nullability of type argument 'TElement' doesn't match 'notnull' constraint. [C:\git\TUnit\TUnit.Assertions\TUnit.Assertions.csproj::TargetFramework=net8.0]
C:\git\TUnit\TUnit.Assertions\Extensions\CollectionAssertionExtensions.cs(138,36): error CS8714: The type 'TElement' cannot be used as type parameter 'TKey' in the generic type or method 'Enumerable.ToDictionary<TSource, TKey, TElement>(IEnumerable<TSource>, Func<TSource, TKey>, Func<TSource, TElement>)'. Nullability of type argument 'TElement' doesn't match 'notnull' constraint. [C:\git\TUnit\TUnit.Assertions\TUnit.Assertions.csproj::TargetFramework=net8.0]
C:\git\TUnit\TUnit.Assertions\Extensions\CollectionAssertionExtensions.cs(112,38): error CS8714: The type 'TElement' cannot be used as type parameter 'TKey' in the generic type or method 'Enumerable.ToDictionary<TSource, TKey, TElement>(IEnumerable<TSource>, Func<TSource, TKey>, Func<TSource, TElement>)'. Nullability of type argument 'TElement' doesn't match 'notnull' constraint. [C:\git\TUnit\TUnit.Assertions\TUnit.Assertions.csproj::TargetFramework=net9.0]
C:\git\TUnit\TUnit.Assertions\Extensions\CollectionAssertionExtensions.cs(113,36): error CS8714: The type 'TElement' cannot be used as type parameter 'TKey' in the generic type or method 'Enumerable.ToDictionary<TSource, TKey, TElement>(IEnumerable<TSource>, Func<TSource, TKey>, Func<TSource, TElement>)'. Nullability of type argument 'TElement' doesn't match 'notnull' constraint. [C:\git\TUnit\TUnit.Assertions\TUnit.Assertions.csproj::TargetFramework=net9.0]
C:\git\TUnit\TUnit.Assertions\Extensions\CollectionAssertionExtensions.cs(137,38): error CS8714: The type 'TElement' cannot be used as type parameter 'TKey' in the generic type or method 'Enumerable.ToDictionary<TSource, TKey, TElement>(IEnumerable<TSource>, Func<TSource, TKey>, Func<TSource, TElement>)'. Nullability of type argument 'TElement' doesn't match 'notnull' constraint. [C:\git\TUnit\TUnit.Assertions\TUnit.Assertions.csproj::TargetFramework=net9.0]
C:\git\TUnit\TUnit.Assertions\Extensions\CollectionAssertionExtensions.cs(138,36): error CS8714: The type 'TElement' cannot be used as type parameter 'TKey' in the generic type or method 'Enumerable.ToDictionary<TSource, TKey, TElement>(IEnumerable<TSource>, Func<TSource, TKey>, Func<TSource, TElement>)'. Nullability of type argument 'TElement' doesn't match 'notnull' constraint. [C:\git\TUnit\TUnit.Assertions\TUnit.Assertions.csproj::TargetFramework=net9.0]
C:\git\TUnit\TUnit.Assertions\Extensions\GenericAssertionExtensions.cs(52,24): error IL2075: 'this' argument does not satisfy 'DynamicallyAccessedMemberTypes.PublicProperties' in call to 'System.Type.GetProperty(String)'. The return value of method 'System.Object.GetType()' does not have matching annotations. The source value must declare at least the same requirements as those declared on the target location it is assigned to. [C:\git\TUnit\TUnit.Assertions\TUnit.Assertions.csproj::TargetFramework=net9.0]
C:\git\TUnit\TUnit.Assertions\Extensions\GenericAssertionExtensions.cs(52,64): error IL2075: 'this' argument does not satisfy 'DynamicallyAccessedMemberTypes.PublicFields' in call to 'System.Type.GetField(String)'. The return value of method 'System.Object.GetType()' does not have matching annotations. The source value must declare at least the same requirements as those declared on the target location it is assigned to. [C:\git\TUnit\TUnit.Assertions\TUnit.Assertions.csproj::TargetFramework=net9.0]
C:\git\TUnit\TUnit.Assertions\Extensions\GenericAssertionExtensions.cs(64,24): error IL2075: 'this' argument does not satisfy 'DynamicallyAccessedMemberTypes.PublicProperties' in call to 'System.Type.GetProperty(String)'. The return value of method 'System.Object.GetType()' does not have matching annotations. The source value must declare at least the same requirements as those declared on the target location it is assigned to. [C:\git\TUnit\TUnit.Assertions\TUnit.Assertions.csproj::TargetFramework=net9.0]
C:\git\TUnit\TUnit.Assertions\Extensions\GenericAssertionExtensions.cs(64,64): error IL2075: 'this' argument does not satisfy 'DynamicallyAccessedMemberTypes.PublicFields' in call to 'System.Type.GetField(String)'. The return value of method 'System.Object.GetType()' does not have matching annotations. The source value must declare at least the same requirements as those declared on the target location it is assigned to. [C:\git\TUnit\TUnit.Assertions\TUnit.Assertions.csproj::TargetFramework=net9.0]
C:\git\TUnit\TUnit.Assertions\Extensions\GenericAssertionExtensions.cs(77,24): error IL2075: 'this' argument does not satisfy 'DynamicallyAccessedMemberTypes.PublicProperties' in call to 'System.Type.GetProperty(String)'. The return value of method 'System.Object.GetType()' does not have matching annotations. The source value must declare at least the same requirements as those declared on the target location it is assigned to. [C:\git\TUnit\TUnit.Assertions\TUnit.Assertions.csproj::TargetFramework=net9.0]
C:\git\TUnit\TUnit.Assertions\Extensions\GenericAssertionExtensions.cs(77,64): error IL2075: 'this' argument does not satisfy 'DynamicallyAccessedMemberTypes.PublicFields' in call to 'System.Type.GetField(String)'. The return value of method 'System.Object.GetType()' does not have matching annotations. The source value must declare at least the same requirements as those declared on the target location it is assigned to. [C:\git\TUnit\TUnit.Assertions\TUnit.Assertions.csproj::TargetFramework=net9.0]
C:\git\TUnit\TUnit.Assertions\Extensions\GenericAssertionExtensions.cs(89,24): error IL2075: 'this' argument does not satisfy 'DynamicallyAccessedMemberTypes.PublicProperties' in call to 'System.Type.GetProperty(String)'. The return value of method 'System.Object.GetType()' does not have matching annotations. The source value must declare at least the same requirements as those declared on the target location it is assigned to. [C:\git\TUnit\TUnit.Assertions\TUnit.Assertions.csproj::TargetFramework=net9.0]
C:\git\TUnit\TUnit.Assertions\Extensions\GenericAssertionExtensions.cs(89,64): error IL2075: 'this' argument does not satisfy 'DynamicallyAccessedMemberTypes.PublicFields' in call to 'System.Type.GetField(String)'. The return value of method 'System.Object.GetType()' does not have matching annotations. The source value must declare at least the same requirements as those declared on the target location it is assigned to. [C:\git\TUnit\TUnit.Assertions\TUnit.Assertions.csproj::TargetFramework=net9.0]
C:\git\TUnit\TUnit.Assertions.Tests\Old\DictionaryAssertionTests.cs(35,44): error CS0411: The type arguments for method 'DictionaryAssertionExtensions.ContainsKey<TDictionary, TKey, TValue>(ValueAssertionBuilder<TDictionary>, TKey)' cannot be inferred from the usage. Try specifying the type arguments explicitly. [C:\git\TUnit\TUnit.Assertions.Tests\TUnit.Assertions.Tests.csproj::TargetFramework=net472]
C:\git\TUnit\TUnit.Assertions.Tests\Old\DictionaryAssertionTests.cs(57,44): error CS1061: 'ValueAssertionBuilder<Dictionary<string, byte[]>>' does not contain a definition for 'ContainsKey' and no accessible extension method 'ContainsKey' accepting a first argument of type 'ValueAssertionBuilder<Dictionary<string, byte[]>>' could be found (are you missing a using directive or an assembly reference?) [C:\git\TUnit\TUnit.Assertions.Tests\TUnit.Assertions.Tests.csproj::TargetFramework=net472]
C:\git\TUnit\TUnit.Assertions.Tests\Assertions\Delegates\Throws.ExactlyTests.cs(76,57): error CS1503: Argument 1: cannot convert from 'System.Exception' to 'TUnit.Assertions.Tests.Assertions.Delegates.Throws.CustomException' [C:\git\TUnit\TUnit.Assertions.Tests\TUnit.Assertions.Tests.csproj::TargetFramework=net472]
C:\git\TUnit\TUnit.Assertions.Tests\Assertions\Delegates\Throws.WithMessageTests.cs(44,57): error CS1503: Argument 1: cannot convert from 'System.Exception' to 'TUnit.Assertions.Tests.Assertions.Delegates.Throws.CustomException' [C:\git\TUnit\TUnit.Assertions.Tests\TUnit.Assertions.Tests.csproj::TargetFramework=net472]
C:\git\TUnit\TUnit.Assertions.Tests\Assertions\Delegates\Throws.WithInnerExceptionTests.cs(46,57): error CS1503: Argument 1: cannot convert from 'System.Exception' to 'TUnit.Assertions.Tests.Assertions.Delegates.Throws.CustomException' [C:\git\TUnit\TUnit.Assertions.Tests\TUnit.Assertions.Tests.csproj::TargetFramework=net472]
C:\git\TUnit\TUnit.Assertions.Tests\Assertions\Delegates\Throws.OfTypeTests.cs(76,57): error CS1503: Argument 1: cannot convert from 'System.Exception' to 'TUnit.Assertions.Tests.Assertions.Delegates.Throws.CustomException' [C:\git\TUnit\TUnit.Assertions.Tests\TUnit.Assertions.Tests.csproj::TargetFramework=net472]
C:\git\TUnit\TUnit.Assertions.Tests\Assertions\Delegates\Throws.WithMessageMatchingTests.cs(67,57): error CS1503: Argument 1: cannot convert from 'System.Exception' to 'TUnit.Assertions.Tests.Assertions.Delegates.Throws.CustomException' [C:\git\TUnit\TUnit.Assertions.Tests\TUnit.Assertions.Tests.csproj::TargetFramework=net472]
C:\git\TUnit\TUnit.Assertions.Tests\Bugs\Tests1600.cs(22,58): error CS1503: Argument 2: cannot convert from 'TUnit.Assertions.Tests.Bugs.Tests1600.MyModelComparer' to 'System.Func<object, object, bool>?' [C:\git\TUnit\TUnit.Assertions.Tests\TUnit.Assertions.Tests.csproj::TargetFramework=net472]
C:\git\TUnit\TUnit.Assertions.Tests\Bugs\Tests1877.cs(13,48): error CS1503: Argument 2: cannot convert from 'TUnit.Assertions.Enums.CollectionOrdering' to 'System.Func<object, object, bool>?' [C:\git\TUnit\TUnit.Assertions.Tests\TUnit.Assertions.Tests.csproj::TargetFramework=net472]
C:\git\TUnit\TUnit.Assertions.Tests\Bugs\Tests1877.cs(22,48): error CS1503: Argument 2: cannot convert from 'TUnit.Assertions.Enums.CollectionOrdering' to 'System.Func<object, object, bool>?' [C:\git\TUnit\TUnit.Assertions.Tests\TUnit.Assertions.Tests.csproj::TargetFramework=net472]
C:\git\TUnit\TUnit.Assertions.Tests\Bugs\Tests2117.cs(49,56): error CS1503: Argument 2: cannot convert from 'TUnit.Assertions.Enums.CollectionOrdering' to 'System.Func<object, object, bool>?' [C:\git\TUnit\TUnit.Assertions.Tests\TUnit.Assertions.Tests.csproj::TargetFramework=net472]
C:\git\TUnit\TUnit.Assertions.Tests\ParseAssertionTests.cs(11,15): error CS1929: 'ValueAssertionBuilder<string>' does not contain a definition for 'IsParsableInto' and the best extension method overload 'StringAssertionBuilderExtensions.IsParsableInto<int>(AssertionBuilder<string>)' requires a receiver of type 'TUnit.Assertions.AssertionBuilders.AssertionBuilder<string>' [C:\git\TUnit\TUnit.Assertions.Tests\TUnit.Assertions.Tests.csproj::TargetFramework=net472]
C:\git\TUnit\TUnit.Assertions.Tests\ParseAssertionTests.cs(17,15): error CS1929: 'ValueAssertionBuilder<string>' does not contain a definition for 'IsNotParsableInto' and the best extension method overload 'StringAssertionBuilderExtensions.IsNotParsableInto<int>(AssertionBuilder<string>)' requires a receiver of type 'TUnit.Assertions.AssertionBuilders.AssertionBuilder<string>' [C:\git\TUnit\TUnit.Assertions.Tests\TUnit.Assertions.Tests.csproj::TargetFramework=net472]
C:\git\TUnit\TUnit.Assertions.Tests\ParseAssertionTests.cs(23,15): error CS1929: 'ValueAssertionBuilder<string>' does not contain a definition for 'WhenParsedInto' and the best extension method overload 'StringAssertionBuilderExtensions.WhenParsedInto<int>(AssertionBuilder<string>)' requires a receiver of type 'TUnit.Assertions.AssertionBuilders.AssertionBuilder<string>' [C:\git\TUnit\TUnit.Assertions.Tests\TUnit.Assertions.Tests.csproj::TargetFramework=net472]
C:\git\TUnit\TUnit.Assertions.Tests\Bugs\Tests2117.cs(84,59): error CS1503: Argument 2: cannot convert from 'TUnit.Assertions.Enums.CollectionOrdering' to 'System.Func<object, object, bool>?' [C:\git\TUnit\TUnit.Assertions.Tests\TUnit.Assertions.Tests.csproj::TargetFramework=net472]
C:\git\TUnit\TUnit.Assertions.Tests\EnumerableTests.cs(161,57): error CS1503: Argument 1: cannot convert from 'System.Collections.IEnumerable' to 'System.Collections.Generic.IEnumerable<object>' [C:\git\TUnit\TUnit.Assertions.Tests\TUnit.Assertions.Tests.csproj::TargetFramework=net472]
C:\git\TUnit\TUnit.Assertions.Tests\Old\MemberTests.cs(16,53): error CS1660: Cannot convert lambda expression to type 'string' because it is not a delegate type [C:\git\TUnit\TUnit.Assertions.Tests\TUnit.Assertions.Tests.csproj::TargetFramework=net472]
C:\git\TUnit\TUnit.Assertions.Tests\ParseAssertionTests.cs(32,15): error CS1929: 'ValueAssertionBuilder<string>' does not contain a definition for 'IsParsableInto' and the best extension method overload 'StringAssertionBuilderExtensions.IsParsableInto<double>(AssertionBuilder<string>)' requires a receiver of type 'TUnit.Assertions.AssertionBuilders.AssertionBuilder<string>' [C:\git\TUnit\TUnit.Assertions.Tests\TUnit.Assertions.Tests.csproj::TargetFramework=net472]
C:\git\TUnit\TUnit.Assertions.Tests\ParseAssertionTests.cs(40,15): error CS1929: 'ValueAssertionBuilder<string>' does not contain a definition for 'IsParsableInto' and the best extension method overload 'StringAssertionBuilderExtensions.IsParsableInto<Guid>(AssertionBuilder<string>)' requires a receiver of type 'TUnit.Assertions.AssertionBuilders.AssertionBuilder<string>' [C:\git\TUnit\TUnit.Assertions.Tests\TUnit.Assertions.Tests.csproj::TargetFramework=net472]
C:\git\TUnit\TUnit.Assertions.Tests\ParseAssertionTests.cs(47,15): error CS1929: 'ValueAssertionBuilder<string>' does not contain a definition for 'IsParsableInto' and the best extension method overload 'StringAssertionBuilderExtensions.IsParsableInto<DateTime>(AssertionBuilder<string>)' requires a receiver of type 'TUnit.Assertions.AssertionBuilders.AssertionBuilder<string>' [C:\git\TUnit\TUnit.Assertions.Tests\TUnit.Assertions.Tests.csproj::TargetFramework=net472]
C:\git\TUnit\TUnit.Assertions.Tests\ParseAssertionTests.cs(53,15): error CS1929: 'ValueAssertionBuilder<string>' does not contain a definition for 'WhenParsedInto' and the best extension method overload 'StringAssertionBuilderExtensions.WhenParsedInto<bool>(AssertionBuilder<string>)' requires a receiver of type 'TUnit.Assertions.AssertionBuilders.AssertionBuilder<string>' [C:\git\TUnit\TUnit.Assertions.Tests\TUnit.Assertions.Tests.csproj::TargetFramework=net472]
C:\git\TUnit\TUnit.Assertions.Tests\Old\EquivalentAssertionTests.cs(108,60): error CS1503: Argument 2: cannot convert from 'TUnit.Assertions.Enums.CollectionOrdering' to 'System.Func<object, object, bool>?' [C:\git\TUnit\TUnit.Assertions.Tests\TUnit.Assertions.Tests.csproj::TargetFramework=net472]
C:\git\TUnit\TUnit.Assertions.Tests\Old\MemberTests.cs(29,136): error CS1660: Cannot convert lambda expression to type 'string' because it is not a delegate type [C:\git\TUnit\TUnit.Assertions.Tests\TUnit.Assertions.Tests.csproj::TargetFramework=net472]
C:\git\TUnit\TUnit.Assertions.Tests\Old\EquivalentAssertionTests.cs(118,60): error CS1503: Argument 2: cannot convert from 'TUnit.Assertions.Enums.CollectionOrdering' to 'System.Func<object, object, bool>?' [C:\git\TUnit\TUnit.Assertions.Tests\TUnit.Assertions.Tests.csproj::TargetFramework=net472]
C:\git\TUnit\TUnit.Assertions.Tests\Old\EquivalentAssertionTests.cs(128,143): error CS1503: Argument 2: cannot convert from 'TUnit.Assertions.Enums.CollectionOrdering' to 'System.Func<object, object, bool>?' [C:\git\TUnit\TUnit.Assertions.Tests\TUnit.Assertions.Tests.csproj::TargetFramework=net472]
C:\git\TUnit\TUnit.Assertions.Tests\Old\MemberTests.cs(51,136): error CS1660: Cannot convert lambda expression to type 'string' because it is not a delegate type [C:\git\TUnit\TUnit.Assertions.Tests\TUnit.Assertions.Tests.csproj::TargetFramework=net472]
C:\git\TUnit\TUnit.Assertions.Tests\Old\EquivalentAssertionTests.cs(148,143): error CS1503: Argument 2: cannot convert from 'TUnit.Assertions.Enums.CollectionOrdering' to 'System.Func<object, object, bool>?' [C:\git\TUnit\TUnit.Assertions.Tests\TUnit.Assertions.Tests.csproj::TargetFramework=net472]
C:\git\TUnit\TUnit.Assertions.Tests\Old\MemberTests.cs(68,136): error CS1660: Cannot convert lambda expression to type 'string' because it is not a delegate type [C:\git\TUnit\TUnit.Assertions.Tests\TUnit.Assertions.Tests.csproj::TargetFramework=net472]
C:\git\TUnit\TUnit.Assertions.Tests\Old\EqualsAssertionTests.cs(11,60): error CS1503: Argument 2: cannot convert from 'System.StringComparison' to 'string' [C:\git\TUnit\TUnit.Assertions.Tests\TUnit.Assertions.Tests.csproj::TargetFramework=net472]
    45 Warning(s)
    45 Error(s)

Time Elapsed 00:00:04.25
