D:\git\TUnit\TestProject.props(29,9): warning MSB3061: Unable to delete file "D:\git\TUnit\TUnit.TestProject\SourceGeneratedViewer\TUnit.Core.SourceGenerator\TUnit.Core.SourceGenerator.CodeGenerators.TestHooksGenerator\Hooks_AssemblySetupTests-5d7478558dfc417a9862d81fe0465cd0.Generated.cs". Access to the path 'D:\git\TUnit\TUnit.TestProject\SourceGeneratedViewer\TUnit.Core.SourceGenerator\TUnit.Core.SourceGenerator.CodeGenerators.TestHooksGenerator\Hooks_AssemblySetupTests-5d7478558dfc417a9862d81fe0465cd0.Generated.cs' is denied.  [D:\git\TUnit\TUnit.TestProject\TUnit.TestProject.csproj::TargetFramework=net8.0]
D:\git\TUnit\TestProject.props(29,9): warning MSB3061: Unable to delete file "D:\git\TUnit\TUnit.TestProject\SourceGeneratedViewer\TUnit.Core.SourceGenerator\TUnit.Core.SourceGenerator.CodeGenerators.TestHooksGenerator\Hooks_Base3-b9c1b43459494c84b513a55550f81de7.Generated.cs". Access to the path 'D:\git\TUnit\TUnit.TestProject\SourceGeneratedViewer\TUnit.Core.SourceGenerator\TUnit.Core.SourceGenerator.CodeGenerators.TestHooksGenerator\Hooks_Base3-b9c1b43459494c84b513a55550f81de7.Generated.cs' is denied.  [D:\git\TUnit\TUnit.TestProject\TUnit.TestProject.csproj::TargetFramework=net9.0]
D:\git\TUnit\TestProject.props(29,9): warning MSB3061: Unable to delete file "D:\git\TUnit\TUnit.TestProject\SourceGeneratedViewer\TUnit.Core.SourceGenerator\TUnit.Core.SourceGenerator.CodeGenerators.TestHooksGenerator\Hooks_Base3-ecc54fc97b844120ae8f6b964fe6ab38.Generated.cs". Access to the path 'D:\git\TUnit\TUnit.TestProject\SourceGeneratedViewer\TUnit.Core.SourceGenerator\TUnit.Core.SourceGenerator.CodeGenerators.TestHooksGenerator\Hooks_Base3-ecc54fc97b844120ae8f6b964fe6ab38.Generated.cs' is denied.  [D:\git\TUnit\TUnit.TestProject\TUnit.TestProject.csproj::TargetFramework=net472]
D:\git\TUnit\TestProject.props(29,9): warning MSB3061: Unable to delete file "D:\git\TUnit\TUnit.TestProject\SourceGeneratedViewer\TUnit.Core.SourceGenerator\TUnit.Core.SourceGenerator.CodeGenerators.TestHooksGenerator\Hooks_DisposableTests-f6e98b72f0294e54978cfbb6d244844e.Generated.cs". Access to the path 'D:\git\TUnit\TUnit.TestProject\SourceGeneratedViewer\TUnit.Core.SourceGenerator\TUnit.Core.SourceGenerator.CodeGenerators.TestHooksGenerator\Hooks_DisposableTests-f6e98b72f0294e54978cfbb6d244844e.Generated.cs' is denied.  [D:\git\TUnit\TUnit.TestProject\TUnit.TestProject.csproj::TargetFramework=net9.0]
D:\git\TUnit\TestProject.props(29,9): warning MSB3061: Unable to delete file "D:\git\TUnit\TUnit.TestProject\SourceGeneratedViewer\TUnit.Core.SourceGenerator\TUnit.Core.SourceGenerator.CodeGenerators.TestHooksGenerator\Hooks_GlobalCleanUpTests-180e728d96de401489165eff4c1633dc.Generated.cs". Access to the path 'D:\git\TUnit\TUnit.TestProject\SourceGeneratedViewer\TUnit.Core.SourceGenerator\TUnit.Core.SourceGenerator.CodeGenerators.TestHooksGenerator\Hooks_GlobalCleanUpTests-180e728d96de401489165eff4c1633dc.Generated.cs' is denied.  [D:\git\TUnit\TUnit.TestProject\TUnit.TestProject.csproj::TargetFramework=net472]
D:\git\TUnit\TestProject.props(29,9): warning MSB3061: Unable to delete file "D:\git\TUnit\TUnit.TestProject\SourceGeneratedViewer\TUnit.Core.SourceGenerator\TUnit.Core.SourceGenerator.CodeGenerators.TestHooksGenerator\Hooks_HookContextRestorationTests-a86c6f1d898a4f1888d67e35e9486f0f.Generated.cs". Access to the path 'D:\git\TUnit\TUnit.TestProject\SourceGeneratedViewer\TUnit.Core.SourceGenerator\TUnit.Core.SourceGenerator.CodeGenerators.TestHooksGenerator\Hooks_HookContextRestorationTests-a86c6f1d898a4f1888d67e35e9486f0f.Generated.cs' is denied.  [D:\git\TUnit\TUnit.TestProject\TUnit.TestProject.csproj::TargetFramework=net9.0]
D:\git\TUnit\TestProject.props(29,9): warning MSB3061: Unable to delete file "D:\git\TUnit\TUnit.TestProject\SourceGeneratedViewer\TUnit.Core.SourceGenerator\TUnit.Core.SourceGenerator.CodeGenerators.TestHooksGenerator\Hooks_NestedBase3-2ca3dbc14c2b462aac262442d632ce44.Generated.cs". Access to the path 'D:\git\TUnit\TUnit.TestProject\SourceGeneratedViewer\TUnit.Core.SourceGenerator\TUnit.Core.SourceGenerator.CodeGenerators.TestHooksGenerator\Hooks_NestedBase3-2ca3dbc14c2b462aac262442d632ce44.Generated.cs' is denied.  [D:\git\TUnit\TUnit.TestProject\TUnit.TestProject.csproj::TargetFramework=net8.0]
D:\git\TUnit\TestProject.props(29,9): warning MSB3061: Unable to delete file "D:\git\TUnit\TUnit.TestProject\SourceGeneratedViewer\TUnit.Core.SourceGenerator\TUnit.Core.SourceGenerator.Generators.TestMetadataGenerator\ApplicableAttributeTests_Test_3c1c906e3c4f44dca89621b912db3973.g.cs". Access to the path 'D:\git\TUnit\TUnit.TestProject\SourceGeneratedViewer\TUnit.Core.SourceGenerator\TUnit.Core.SourceGenerator.Generators.TestMetadataGenerator\ApplicableAttributeTests_Test_3c1c906e3c4f44dca89621b912db3973.g.cs' is denied.  [D:\git\TUnit\TUnit.TestProject\TUnit.TestProject.csproj::TargetFramework=net8.0]
D:\git\TUnit\TestProject.props(29,9): warning MSB3061: Unable to delete file "D:\git\TUnit\TUnit.TestProject\SourceGeneratedViewer\TUnit.Core.SourceGenerator\TUnit.Core.SourceGenerator.Generators.TestMetadataGenerator\AsyncDisposableTests_Three_6a61bc07d2fd4279bda8957ad2eb30ba.g.cs". Access to the path 'D:\git\TUnit\TUnit.TestProject\SourceGeneratedViewer\TUnit.Core.SourceGenerator\TUnit.Core.SourceGenerator.Generators.TestMetadataGenerator\AsyncDisposableTests_Three_6a61bc07d2fd4279bda8957ad2eb30ba.g.cs' is denied.  [D:\git\TUnit\TUnit.TestProject\TUnit.TestProject.csproj::TargetFramework=net9.0]
D:\git\TUnit\TestProject.props(29,9): warning MSB3061: Unable to delete file "D:\git\TUnit\TUnit.TestProject\SourceGeneratedViewer\TUnit.Core.SourceGenerator\TUnit.Core.SourceGenerator.Generators.TestMetadataGenerator\ComprehensiveCountTest_TestWithMultipleDataSources_d80e30347b26415299a4738b27d4f1c7.g.cs". Access to the path 'D:\git\TUnit\TUnit.TestProject\SourceGeneratedViewer\TUnit.Core.SourceGenerator\TUnit.Core.SourceGenerator.Generators.TestMetadataGenerator\ComprehensiveCountTest_TestWithMultipleDataSources_d80e30347b26415299a4738b27d4f1c7.g.cs' is denied.  [D:\git\TUnit\TUnit.TestProject\TUnit.TestProject.csproj::TargetFramework=net472]
D:\git\TUnit\TestProject.props(29,9): warning MSB3061: Unable to delete file "D:\git\TUnit\TUnit.TestProject\SourceGeneratedViewer\TUnit.Core.SourceGenerator\TUnit.Core.SourceGenerator.Generators.TestMetadataGenerator\ConsoleConcurrentTests_Test2_79f23ae38e404c77aaea17fd49e89cbe.g.cs". Access to the path 'D:\git\TUnit\TUnit.TestProject\SourceGeneratedViewer\TUnit.Core.SourceGenerator\TUnit.Core.SourceGenerator.Generators.TestMetadataGenerator\ConsoleConcurrentTests_Test2_79f23ae38e404c77aaea17fd49e89cbe.g.cs' is denied.  [D:\git\TUnit\TUnit.TestProject\TUnit.TestProject.csproj::TargetFramework=net8.0]
D:\git\TUnit\TestProject.props(29,9): warning MSB3061: Unable to delete file "D:\git\TUnit\TUnit.TestProject\SourceGeneratedViewer\TUnit.Core.SourceGenerator\TUnit.Core.SourceGenerator.Generators.TestMetadataGenerator\DataDrivenTests_EnumValue_95fb73820f8d4e058e3a1dcf3ef4f920.g.cs". Access to the path 'D:\git\TUnit\TUnit.TestProject\SourceGeneratedViewer\TUnit.Core.SourceGenerator\TUnit.Core.SourceGenerator.Generators.TestMetadataGenerator\DataDrivenTests_EnumValue_95fb73820f8d4e058e3a1dcf3ef4f920.g.cs' is denied.  [D:\git\TUnit\TUnit.TestProject\TUnit.TestProject.csproj::TargetFramework=net9.0]
D:\git\TUnit\TestProject.props(29,9): warning MSB3061: Unable to delete file "D:\git\TUnit\TUnit.TestProject\SourceGeneratedViewer\TUnit.Core.SourceGenerator\TUnit.Core.SourceGenerator.Generators.TestMetadataGenerator\DataSourceGeneratorTests_GeneratedData_Method_afe481e480ff41c093b03c571553133f.g.cs". Access to the path 'D:\git\TUnit\TUnit.TestProject\SourceGeneratedViewer\TUnit.Core.SourceGenerator\TUnit.Core.SourceGenerator.Generators.TestMetadataGenerator\DataSourceGeneratorTests_GeneratedData_Method_afe481e480ff41c093b03c571553133f.g.cs' is denied.  [D:\git\TUnit\TUnit.TestProject\TUnit.TestProject.csproj::TargetFramework=net472]
D:\git\TUnit\TestProject.props(29,9): warning MSB3061: Unable to delete file "D:\git\TUnit\TUnit.TestProject\SourceGeneratedViewer\TUnit.Core.SourceGenerator\TUnit.Core.SourceGenerator.Generators.TestMetadataGenerator\DependsOnTests3_Test2_d3c390ed2fa547bbb42c22a24a014f10.g.cs". Access to the path 'D:\git\TUnit\TUnit.TestProject\SourceGeneratedViewer\TUnit.Core.SourceGenerator\TUnit.Core.SourceGenerator.Generators.TestMetadataGenerator\DependsOnTests3_Test2_d3c390ed2fa547bbb42c22a24a014f10.g.cs' is denied.  [D:\git\TUnit\TUnit.TestProject\TUnit.TestProject.csproj::TargetFramework=net9.0]
D:\git\TUnit\TestProject.props(29,9): warning MSB3061: Unable to delete file "D:\git\TUnit\TUnit.TestProject\SourceGeneratedViewer\TUnit.Core.SourceGenerator\TUnit.Core.SourceGenerator.Generators.TestMetadataGenerator\DependsOnWithBaseTests_BaseTest_8d8c5db2f15e40af8dc21371e15ca71f.g.cs". Access to the path 'D:\git\TUnit\TUnit.TestProject\SourceGeneratedViewer\TUnit.Core.SourceGenerator\TUnit.Core.SourceGenerator.Generators.TestMetadataGenerator\DependsOnWithBaseTests_BaseTest_8d8c5db2f15e40af8dc21371e15ca71f.g.cs' is denied.  [D:\git\TUnit\TUnit.TestProject\TUnit.TestProject.csproj::TargetFramework=net8.0]
D:\git\TUnit\TestProject.props(29,9): warning MSB3061: Unable to delete file "D:\git\TUnit\TUnit.TestProject\SourceGeneratedViewer\TUnit.Core.SourceGenerator\TUnit.Core.SourceGenerator.Generators.TestMetadataGenerator\InheritedTestsFromDifferentProjectTests_GenericMethodDataSource_df98dda50dbb48a5afa9876a224a55b6.g.cs". Access to the path 'D:\git\TUnit\TUnit.TestProject\SourceGeneratedViewer\TUnit.Core.SourceGenerator\TUnit.Core.SourceGenerator.Generators.TestMetadataGenerator\InheritedTestsFromDifferentProjectTests_GenericMethodDataSource_df98dda50dbb48a5afa9876a224a55b6.g.cs' is denied.  [D:\git\TUnit\TUnit.TestProject\TUnit.TestProject.csproj::TargetFramework=net472]
D:\git\TUnit\TestProject.props(29,9): warning MSB3061: Unable to delete file "D:\git\TUnit\TUnit.TestProject\SourceGeneratedViewer\TUnit.Core.SourceGenerator\TUnit.Core.SourceGenerator.Generators.TestMetadataGenerator\InjectSharedGlobally2_Test1_4829dd26d4024f3db1bde0faa71e3474.g.cs". Access to the path 'D:\git\TUnit\TUnit.TestProject\SourceGeneratedViewer\TUnit.Core.SourceGenerator\TUnit.Core.SourceGenerator.Generators.TestMetadataGenerator\InjectSharedGlobally2_Test1_4829dd26d4024f3db1bde0faa71e3474.g.cs' is denied.  [D:\git\TUnit\TUnit.TestProject\TUnit.TestProject.csproj::TargetFramework=net9.0]
D:\git\TUnit\TestProject.props(29,9): warning MSB3061: Unable to delete file "D:\git\TUnit\TUnit.TestProject\SourceGeneratedViewer\TUnit.Core.SourceGenerator\TUnit.Core.SourceGenerator.Generators.TestMetadataGenerator\MatrixTests_Method4_fce623b4e9984843b4df74ecfdc8aed6.g.cs". Access to the path 'D:\git\TUnit\TUnit.TestProject\SourceGeneratedViewer\TUnit.Core.SourceGenerator\TUnit.Core.SourceGenerator.Generators.TestMetadataGenerator\MatrixTests_Method4_fce623b4e9984843b4df74ecfdc8aed6.g.cs' is denied.  [D:\git\TUnit\TUnit.TestProject\TUnit.TestProject.csproj::TargetFramework=net472]
D:\git\TUnit\TestProject.props(29,9): warning MSB3061: Unable to delete file "D:\git\TUnit\TUnit.TestProject\SourceGeneratedViewer\TUnit.Core.SourceGenerator\TUnit.Core.SourceGenerator.Generators.TestMetadataGenerator\NotInParallelWithDependsOnTests_Step1_0070857918514f7e8fcfb371c68dd033.g.cs". Access to the path 'D:\git\TUnit\TUnit.TestProject\SourceGeneratedViewer\TUnit.Core.SourceGenerator\TUnit.Core.SourceGenerator.Generators.TestMetadataGenerator\NotInParallelWithDependsOnTests_Step1_0070857918514f7e8fcfb371c68dd033.g.cs' is denied.  [D:\git\TUnit\TUnit.TestProject\TUnit.TestProject.csproj::TargetFramework=net8.0]
D:\git\TUnit\TestProject.props(29,9): warning MSB3061: Unable to delete file "D:\git\TUnit\TUnit.TestProject\SourceGeneratedViewer\TUnit.Core.SourceGenerator\TUnit.Core.SourceGenerator.Generators.TestMetadataGenerator\ParametersTests_Test_b674bfe6780645d19c332b5471ae7ce1.g.cs". Access to the path 'D:\git\TUnit\TUnit.TestProject\SourceGeneratedViewer\TUnit.Core.SourceGenerator\TUnit.Core.SourceGenerator.Generators.TestMetadataGenerator\ParametersTests_Test_b674bfe6780645d19c332b5471ae7ce1.g.cs' is denied.  [D:\git\TUnit\TUnit.TestProject\TUnit.TestProject.csproj::TargetFramework=net9.0]
D:\git\TUnit\TestProject.props(29,9): warning MSB3061: Unable to delete file "D:\git\TUnit\TUnit.TestProject\SourceGeneratedViewer\TUnit.Core.SourceGenerator\TUnit.Core.SourceGenerator.Generators.TestMetadataGenerator\ReadTests_Test5_fa4c7fc578ef4c25bfc935672b41b7b9.g.cs". Access to the path 'D:\git\TUnit\TUnit.TestProject\SourceGeneratedViewer\TUnit.Core.SourceGenerator\TUnit.Core.SourceGenerator.Generators.TestMetadataGenerator\ReadTests_Test5_fa4c7fc578ef4c25bfc935672b41b7b9.g.cs' is denied.  [D:\git\TUnit\TUnit.TestProject\TUnit.TestProject.csproj::TargetFramework=net472]
D:\git\TUnit\TestProject.props(29,9): warning MSB3061: Unable to delete file "D:\git\TUnit\TUnit.TestProject\SourceGeneratedViewer\TUnit.Core.SourceGenerator\TUnit.Core.SourceGenerator.Generators.TestMetadataGenerator\SimpleArgumentsTest_JustOneArgument_00627fe4bb8a4375b2bcd275def3a0ee.g.cs". Access to the path 'D:\git\TUnit\TUnit.TestProject\SourceGeneratedViewer\TUnit.Core.SourceGenerator\TUnit.Core.SourceGenerator.Generators.TestMetadataGenerator\SimpleArgumentsTest_JustOneArgument_00627fe4bb8a4375b2bcd275def3a0ee.g.cs' is denied.  [D:\git\TUnit\TUnit.TestProject\TUnit.TestProject.csproj::TargetFramework=net9.0]
D:\git\TUnit\TestProject.props(29,9): warning MSB3061: Unable to delete file "D:\git\TUnit\TUnit.TestProject\SourceGeneratedViewer\TUnit.Core.SourceGenerator\TUnit.Core.SourceGenerator.Generators.TestMetadataGenerator\StringArgumentTests_Nullable_dce1e9628e8b432d9114963d73231de6.g.cs". Access to the path 'D:\git\TUnit\TUnit.TestProject\SourceGeneratedViewer\TUnit.Core.SourceGenerator\TUnit.Core.SourceGenerator.Generators.TestMetadataGenerator\StringArgumentTests_Nullable_dce1e9628e8b432d9114963d73231de6.g.cs' is denied.  [D:\git\TUnit\TUnit.TestProject\TUnit.TestProject.csproj::TargetFramework=net472]
D:\git\TUnit\TestProject.props(29,9): warning MSB3061: Unable to delete file "D:\git\TUnit\TUnit.TestProject\SourceGeneratedViewer\TUnit.Core.SourceGenerator\TUnit.Core.SourceGenerator.Generators.TestMetadataGenerator\Tests_NotNull2_49a5ef1e281549df83c1e8e4b6391faa.g.cs". Access to the path 'D:\git\TUnit\TUnit.TestProject\SourceGeneratedViewer\TUnit.Core.SourceGenerator\TUnit.Core.SourceGenerator.Generators.TestMetadataGenerator\Tests_NotNull2_49a5ef1e281549df83c1e8e4b6391faa.g.cs' is denied.  [D:\git\TUnit\TUnit.TestProject\TUnit.TestProject.csproj::TargetFramework=net9.0]
D:\git\TUnit\TestProject.props(29,9): warning MSB3061: Unable to delete file "D:\git\TUnit\TUnit.TestProject\SourceGeneratedViewer\TUnit.Core.SourceGenerator\TUnit.Core.SourceGenerator.Generators.TestMetadataGenerator\Tests_Parse_InvalidString_ThrowsException_33d43e0f502c4110b6fb76966fff4549.g.cs". Access to the path 'D:\git\TUnit\TUnit.TestProject\SourceGeneratedViewer\TUnit.Core.SourceGenerator\TUnit.Core.SourceGenerator.Generators.TestMetadataGenerator\Tests_Parse_InvalidString_ThrowsException_33d43e0f502c4110b6fb76966fff4549.g.cs' is denied.  [D:\git\TUnit\TUnit.TestProject\TUnit.TestProject.csproj::TargetFramework=net472]
D:\git\TUnit\TestProject.props(29,9): warning MSB3061: Unable to delete file "D:\git\TUnit\TUnit.TestProject\SourceGeneratedViewer\TUnit.Core.SourceGenerator\TUnit.Core.SourceGenerator.Generators.TestMetadataGenerator\TimeoutCancellationTokenTests_MatrixTest_776285e0c02d4969aba5c2be3e889c6c.g.cs". Access to the path 'D:\git\TUnit\TUnit.TestProject\SourceGeneratedViewer\TUnit.Core.SourceGenerator\TUnit.Core.SourceGenerator.Generators.TestMetadataGenerator\TimeoutCancellationTokenTests_MatrixTest_776285e0c02d4969aba5c2be3e889c6c.g.cs' is denied.  [D:\git\TUnit\TUnit.TestProject\TUnit.TestProject.csproj::TargetFramework=net472]
D:\git\TUnit\TestProject.props(29,9): warning MSB3061: Unable to delete file "D:\git\TUnit\TUnit.TestProject\SourceGeneratedViewer\TUnit.Core.SourceGenerator\TUnit.Core.SourceGenerator.Generators.TestMetadataGenerator\TupleUnwrappingTests_Test_MethodDataSource_With_Typed_Tuples_f2442b6951b644dcb90a305da101270c.g.cs". Access to the path 'D:\git\TUnit\TUnit.TestProject\SourceGeneratedViewer\TUnit.Core.SourceGenerator\TUnit.Core.SourceGenerator.Generators.TestMetadataGenerator\TupleUnwrappingTests_Test_MethodDataSource_With_Typed_Tuples_f2442b6951b644dcb90a305da101270c.g.cs' is denied.  [D:\git\TUnit\TUnit.TestProject\TUnit.TestProject.csproj::TargetFramework=net8.0]
C:\Users\thomh\.nuget\packages\system.text.encodings.web\9.0.6\buildTransitive\netcoreapp2.0\System.Text.Encodings.Web.targets(4,5): warning : System.Text.Encodings.Web 9.0.6 doesn't support net6.0 and has not been tested with it. Consider upgrading your TargetFramework to net8.0 or later. You may also set <SuppressTfmSupportBuildWarnings>true</SuppressTfmSupportBuildWarnings> in the project file to ignore this warning and attempt to run in this unsupported configuration at your own risk. [D:\git\TUnit\TUnit.TestProject.Library\TUnit.TestProject.Library.csproj::TargetFramework=net6.0]
C:\Users\thomh\.nuget\packages\system.io.pipelines\9.0.6\buildTransitive\netcoreapp2.0\System.IO.Pipelines.targets(4,5): warning : System.IO.Pipelines 9.0.6 doesn't support net6.0 and has not been tested with it. Consider upgrading your TargetFramework to net8.0 or later. You may also set <SuppressTfmSupportBuildWarnings>true</SuppressTfmSupportBuildWarnings> in the project file to ignore this warning and attempt to run in this unsupported configuration at your own risk. [D:\git\TUnit\TUnit.TestProject.Library\TUnit.TestProject.Library.csproj::TargetFramework=net6.0]
C:\Users\thomh\.nuget\packages\microsoft.bcl.asyncinterfaces\9.0.6\buildTransitive\netcoreapp2.0\Microsoft.Bcl.AsyncInterfaces.targets(4,5): warning : Microsoft.Bcl.AsyncInterfaces 9.0.6 doesn't support net6.0 and has not been tested with it. Consider upgrading your TargetFramework to net8.0 or later. You may also set <SuppressTfmSupportBuildWarnings>true</SuppressTfmSupportBuildWarnings> in the project file to ignore this warning and attempt to run in this unsupported configuration at your own risk. [D:\git\TUnit\TUnit.TestProject.Library\TUnit.TestProject.Library.csproj::TargetFramework=net6.0]
C:\Users\thomh\.nuget\packages\system.text.json\9.0.6\buildTransitive\netcoreapp2.0\System.Text.Json.targets(4,5): warning : System.Text.Json 9.0.6 doesn't support net6.0 and has not been tested with it. Consider upgrading your TargetFramework to net8.0 or later. You may also set <SuppressTfmSupportBuildWarnings>true</SuppressTfmSupportBuildWarnings> in the project file to ignore this warning and attempt to run in this unsupported configuration at your own risk. [D:\git\TUnit\TUnit.TestProject.Library\TUnit.TestProject.Library.csproj::TargetFramework=net6.0]
D:\git\TUnit\TUnit.TestProject\SourceGeneratedViewer\TUnit.Core.SourceGenerator\TUnit.Core.SourceGenerator.Generators.TestMetadataGenerator\Tests_EmptyThings_598bc96be80843348d880ede43f9767b.g.cs(23,46): error CS0234: The type or namespace name 'UnsafeAccessorAttribute' does not exist in the namespace 'System.Runtime.CompilerServices' (are you missing an assembly reference?) [D:\git\TUnit\TUnit.TestProject\TUnit.TestProject.csproj::TargetFramework=net472]
D:\git\TUnit\TUnit.TestProject\SourceGeneratedViewer\TUnit.Core.SourceGenerator\TUnit.Core.SourceGenerator.Generators.TestMetadataGenerator\Tests_EmptyThings_598bc96be80843348d880ede43f9767b.g.cs(23,46): error CS0234: The type or namespace name 'UnsafeAccessor' does not exist in the namespace 'System.Runtime.CompilerServices' (are you missing an assembly reference?) [D:\git\TUnit\TUnit.TestProject\TUnit.TestProject.csproj::TargetFramework=net472]
D:\git\TUnit\TUnit.TestProject\SourceGeneratedViewer\TUnit.Core.SourceGenerator\TUnit.Core.SourceGenerator.Generators.TestMetadataGenerator\Tests_EmptyThings_598bc96be80843348d880ede43f9767b.g.cs(23,61): error CS0234: The type or namespace name 'UnsafeAccessorKind' does not exist in the namespace 'System.Runtime.CompilerServices' (are you missing an assembly reference?) [D:\git\TUnit\TUnit.TestProject\TUnit.TestProject.csproj::TargetFramework=net472]
D:\git\TUnit\TUnit.TestProject\SourceGeneratedViewer\TUnit.Core.SourceGenerator\TUnit.Core.SourceGenerator.Generators.TestMetadataGenerator\BaseClass_Test_3fe3e96e45d449bcb8e65268eca501b9.g.cs(23,46): error CS0234: The type or namespace name 'UnsafeAccessorAttribute' does not exist in the namespace 'System.Runtime.CompilerServices' (are you missing an assembly reference?) [D:\git\TUnit\TUnit.TestProject\TUnit.TestProject.csproj::TargetFramework=net472]
D:\git\TUnit\TUnit.TestProject\SourceGeneratedViewer\TUnit.Core.SourceGenerator\TUnit.Core.SourceGenerator.Generators.TestMetadataGenerator\BaseClass_Test_3fe3e96e45d449bcb8e65268eca501b9.g.cs(23,46): error CS0234: The type or namespace name 'UnsafeAccessor' does not exist in the namespace 'System.Runtime.CompilerServices' (are you missing an assembly reference?) [D:\git\TUnit\TUnit.TestProject\TUnit.TestProject.csproj::TargetFramework=net472]
D:\git\TUnit\TUnit.TestProject\SourceGeneratedViewer\TUnit.Core.SourceGenerator\TUnit.Core.SourceGenerator.Generators.TestMetadataGenerator\BaseClass_Test_3fe3e96e45d449bcb8e65268eca501b9.g.cs(23,61): error CS0234: The type or namespace name 'UnsafeAccessorKind' does not exist in the namespace 'System.Runtime.CompilerServices' (are you missing an assembly reference?) [D:\git\TUnit\TUnit.TestProject\TUnit.TestProject.csproj::TargetFramework=net472]
D:\git\TUnit\TUnit.TestProject\SourceGeneratedViewer\TUnit.Core.SourceGenerator\TUnit.Core.SourceGenerator.Generators.TestMetadataGenerator\BaseClass_Test_e477ede23a514bd99d229fe560d7e0fb.g.cs(23,46): error CS0234: The type or namespace name 'UnsafeAccessorAttribute' does not exist in the namespace 'System.Runtime.CompilerServices' (are you missing an assembly reference?) [D:\git\TUnit\TUnit.TestProject\TUnit.TestProject.csproj::TargetFramework=net472]
D:\git\TUnit\TUnit.TestProject\SourceGeneratedViewer\TUnit.Core.SourceGenerator\TUnit.Core.SourceGenerator.Generators.TestMetadataGenerator\BaseClass_Test_e477ede23a514bd99d229fe560d7e0fb.g.cs(23,46): error CS0234: The type or namespace name 'UnsafeAccessor' does not exist in the namespace 'System.Runtime.CompilerServices' (are you missing an assembly reference?) [D:\git\TUnit\TUnit.TestProject\TUnit.TestProject.csproj::TargetFramework=net472]
D:\git\TUnit\TUnit.TestProject\SourceGeneratedViewer\TUnit.Core.SourceGenerator\TUnit.Core.SourceGenerator.Generators.TestMetadataGenerator\BaseClass_Test_e477ede23a514bd99d229fe560d7e0fb.g.cs(23,61): error CS0234: The type or namespace name 'UnsafeAccessorKind' does not exist in the namespace 'System.Runtime.CompilerServices' (are you missing an assembly reference?) [D:\git\TUnit\TUnit.TestProject\TUnit.TestProject.csproj::TargetFramework=net472]
D:\git\TUnit\TUnit.TestProject\SourceGeneratedViewer\TUnit.Core.SourceGenerator\TUnit.Core.SourceGenerator.Generators.TestMetadataGenerator\BaseClass_Test_cec150741ecb46548eb438009a1de080.g.cs(23,46): error CS0234: The type or namespace name 'UnsafeAccessorAttribute' does not exist in the namespace 'System.Runtime.CompilerServices' (are you missing an assembly reference?) [D:\git\TUnit\TUnit.TestProject\TUnit.TestProject.csproj::TargetFramework=net472]
D:\git\TUnit\TUnit.TestProject\SourceGeneratedViewer\TUnit.Core.SourceGenerator\TUnit.Core.SourceGenerator.Generators.TestMetadataGenerator\BaseClass_Test_cec150741ecb46548eb438009a1de080.g.cs(23,46): error CS0234: The type or namespace name 'UnsafeAccessor' does not exist in the namespace 'System.Runtime.CompilerServices' (are you missing an assembly reference?) [D:\git\TUnit\TUnit.TestProject\TUnit.TestProject.csproj::TargetFramework=net472]
D:\git\TUnit\TUnit.TestProject\SourceGeneratedViewer\TUnit.Core.SourceGenerator\TUnit.Core.SourceGenerator.Generators.TestMetadataGenerator\BaseClass_Test_cec150741ecb46548eb438009a1de080.g.cs(23,61): error CS0234: The type or namespace name 'UnsafeAccessorKind' does not exist in the namespace 'System.Runtime.CompilerServices' (are you missing an assembly reference?) [D:\git\TUnit\TUnit.TestProject\TUnit.TestProject.csproj::TargetFramework=net472]
D:\git\TUnit\TUnit.TestProject\SourceGeneratedViewer\TUnit.Core.SourceGenerator\TUnit.Core.SourceGenerator.Generators.TestMetadataGenerator\BaseClass_Test_21f7bb21395749fb9d978339f5a98276.g.cs(23,46): error CS0234: The type or namespace name 'UnsafeAccessorAttribute' does not exist in the namespace 'System.Runtime.CompilerServices' (are you missing an assembly reference?) [D:\git\TUnit\TUnit.TestProject\TUnit.TestProject.csproj::TargetFramework=net472]
D:\git\TUnit\TUnit.TestProject\SourceGeneratedViewer\TUnit.Core.SourceGenerator\TUnit.Core.SourceGenerator.Generators.TestMetadataGenerator\BaseClass_Test_21f7bb21395749fb9d978339f5a98276.g.cs(23,46): error CS0234: The type or namespace name 'UnsafeAccessor' does not exist in the namespace 'System.Runtime.CompilerServices' (are you missing an assembly reference?) [D:\git\TUnit\TUnit.TestProject\TUnit.TestProject.csproj::TargetFramework=net472]
D:\git\TUnit\TUnit.TestProject\SourceGeneratedViewer\TUnit.Core.SourceGenerator\TUnit.Core.SourceGenerator.Generators.TestMetadataGenerator\BaseClass_Test_21f7bb21395749fb9d978339f5a98276.g.cs(23,61): error CS0234: The type or namespace name 'UnsafeAccessorKind' does not exist in the namespace 'System.Runtime.CompilerServices' (are you missing an assembly reference?) [D:\git\TUnit\TUnit.TestProject\TUnit.TestProject.csproj::TargetFramework=net472]
D:\git\TUnit\TUnit.TestProject\SourceGeneratedViewer\TUnit.Core.SourceGenerator\TUnit.Core.SourceGenerator.Generators.TestMetadataGenerator\BaseClass_Test_207a39727f0b403595ede896a48e1ef3.g.cs(23,46): error CS0234: The type or namespace name 'UnsafeAccessorAttribute' does not exist in the namespace 'System.Runtime.CompilerServices' (are you missing an assembly reference?) [D:\git\TUnit\TUnit.TestProject\TUnit.TestProject.csproj::TargetFramework=net472]
D:\git\TUnit\TUnit.TestProject\SourceGeneratedViewer\TUnit.Core.SourceGenerator\TUnit.Core.SourceGenerator.Generators.TestMetadataGenerator\BaseClass_Test_207a39727f0b403595ede896a48e1ef3.g.cs(23,46): error CS0234: The type or namespace name 'UnsafeAccessor' does not exist in the namespace 'System.Runtime.CompilerServices' (are you missing an assembly reference?) [D:\git\TUnit\TUnit.TestProject\TUnit.TestProject.csproj::TargetFramework=net472]
D:\git\TUnit\TUnit.TestProject\SourceGeneratedViewer\TUnit.Core.SourceGenerator\TUnit.Core.SourceGenerator.Generators.TestMetadataGenerator\BaseClass_Test_207a39727f0b403595ede896a48e1ef3.g.cs(23,61): error CS0234: The type or namespace name 'UnsafeAccessorKind' does not exist in the namespace 'System.Runtime.CompilerServices' (are you missing an assembly reference?) [D:\git\TUnit\TUnit.TestProject\TUnit.TestProject.csproj::TargetFramework=net472]
D:\git\TUnit\TUnit.TestProject\SourceGeneratedViewer\TUnit.Core.SourceGenerator\TUnit.Core.SourceGenerator.Generators.TestMetadataGenerator\ClassTupleDataSourceDrivenTests_DataSource_TupleMethod_0481c8c3b695490c9bd8e2a5bcb89074.g.cs(23,46): error CS0234: The type or namespace name 'UnsafeAccessorAttribute' does not exist in the namespace 'System.Runtime.CompilerServices' (are you missing an assembly reference?) [D:\git\TUnit\TUnit.TestProject\TUnit.TestProject.csproj::TargetFramework=net472]
D:\git\TUnit\TUnit.TestProject\SourceGeneratedViewer\TUnit.Core.SourceGenerator\TUnit.Core.SourceGenerator.Generators.TestMetadataGenerator\ClassTupleDataSourceDrivenTests_DataSource_TupleMethod_0481c8c3b695490c9bd8e2a5bcb89074.g.cs(23,46): error CS0234: The type or namespace name 'UnsafeAccessor' does not exist in the namespace 'System.Runtime.CompilerServices' (are you missing an assembly reference?) [D:\git\TUnit\TUnit.TestProject\TUnit.TestProject.csproj::TargetFramework=net472]
D:\git\TUnit\TUnit.TestProject\SourceGeneratedViewer\TUnit.Core.SourceGenerator\TUnit.Core.SourceGenerator.Generators.TestMetadataGenerator\ClassTupleDataSourceDrivenTests_DataSource_TupleMethod_0481c8c3b695490c9bd8e2a5bcb89074.g.cs(23,61): error CS0234: The type or namespace name 'UnsafeAccessorKind' does not exist in the namespace 'System.Runtime.CompilerServices' (are you missing an assembly reference?) [D:\git\TUnit\TUnit.TestProject\TUnit.TestProject.csproj::TargetFramework=net472]
D:\git\TUnit\TUnit.TestProject\SourceGeneratedViewer\TUnit.Core.SourceGenerator\TUnit.Core.SourceGenerator.Generators.TestMetadataGenerator\ClassTupleDataSourceDrivenTests_DataSource_TupleMethod_0481c8c3b695490c9bd8e2a5bcb89074.g.cs(28,46): error CS0234: The type or namespace name 'UnsafeAccessorAttribute' does not exist in the namespace 'System.Runtime.CompilerServices' (are you missing an assembly reference?) [D:\git\TUnit\TUnit.TestProject\TUnit.TestProject.csproj::TargetFramework=net472]
D:\git\TUnit\TUnit.TestProject\SourceGeneratedViewer\TUnit.Core.SourceGenerator\TUnit.Core.SourceGenerator.Generators.TestMetadataGenerator\ClassTupleDataSourceDrivenTests_DataSource_TupleMethod_0481c8c3b695490c9bd8e2a5bcb89074.g.cs(28,46): error CS0234: The type or namespace name 'UnsafeAccessor' does not exist in the namespace 'System.Runtime.CompilerServices' (are you missing an assembly reference?) [D:\git\TUnit\TUnit.TestProject\TUnit.TestProject.csproj::TargetFramework=net472]
D:\git\TUnit\TUnit.TestProject\SourceGeneratedViewer\TUnit.Core.SourceGenerator\TUnit.Core.SourceGenerator.Generators.TestMetadataGenerator\ClassTupleDataSourceDrivenTests_DataSource_TupleMethod_0481c8c3b695490c9bd8e2a5bcb89074.g.cs(28,61): error CS0234: The type or namespace name 'UnsafeAccessorKind' does not exist in the namespace 'System.Runtime.CompilerServices' (are you missing an assembly reference?) [D:\git\TUnit\TUnit.TestProject\TUnit.TestProject.csproj::TargetFramework=net472]
D:\git\TUnit\TUnit.TestProject\SourceGeneratedViewer\TUnit.Core.SourceGenerator\TUnit.Core.SourceGenerator.Generators.TestMetadataGenerator\ClassTupleDataSourceDrivenTests_DataSource_TupleMethod_0481c8c3b695490c9bd8e2a5bcb89074.g.cs(33,46): error CS0234: The type or namespace name 'UnsafeAccessorAttribute' does not exist in the namespace 'System.Runtime.CompilerServices' (are you missing an assembly reference?) [D:\git\TUnit\TUnit.TestProject\TUnit.TestProject.csproj::TargetFramework=net472]
D:\git\TUnit\TUnit.TestProject\SourceGeneratedViewer\TUnit.Core.SourceGenerator\TUnit.Core.SourceGenerator.Generators.TestMetadataGenerator\ClassTupleDataSourceDrivenTests_DataSource_TupleMethod_0481c8c3b695490c9bd8e2a5bcb89074.g.cs(33,46): error CS0234: The type or namespace name 'UnsafeAccessor' does not exist in the namespace 'System.Runtime.CompilerServices' (are you missing an assembly reference?) [D:\git\TUnit\TUnit.TestProject\TUnit.TestProject.csproj::TargetFramework=net472]
D:\git\TUnit\TUnit.TestProject\SourceGeneratedViewer\TUnit.Core.SourceGenerator\TUnit.Core.SourceGenerator.Generators.TestMetadataGenerator\ClassTupleDataSourceDrivenTests_DataSource_TupleMethod_0481c8c3b695490c9bd8e2a5bcb89074.g.cs(33,61): error CS0234: The type or namespace name 'UnsafeAccessorKind' does not exist in the namespace 'System.Runtime.CompilerServices' (are you missing an assembly reference?) [D:\git\TUnit\TUnit.TestProject\TUnit.TestProject.csproj::TargetFramework=net472]
D:\git\TUnit\TUnit.TestProject\SourceGeneratedViewer\TUnit.Core.SourceGenerator\TUnit.Core.SourceGenerator.Generators.TestMetadataGenerator\ClassTupleDataSourceDrivenTests_DataSource_TupleMethod_0481c8c3b695490c9bd8e2a5bcb89074.g.cs(38,46): error CS0234: The type or namespace name 'UnsafeAccessorAttribute' does not exist in the namespace 'System.Runtime.CompilerServices' (are you missing an assembly reference?) [D:\git\TUnit\TUnit.TestProject\TUnit.TestProject.csproj::TargetFramework=net472]
D:\git\TUnit\TUnit.TestProject\SourceGeneratedViewer\TUnit.Core.SourceGenerator\TUnit.Core.SourceGenerator.Generators.TestMetadataGenerator\ClassTupleDataSourceDrivenTests_DataSource_TupleMethod_0481c8c3b695490c9bd8e2a5bcb89074.g.cs(38,46): error CS0234: The type or namespace name 'UnsafeAccessor' does not exist in the namespace 'System.Runtime.CompilerServices' (are you missing an assembly reference?) [D:\git\TUnit\TUnit.TestProject\TUnit.TestProject.csproj::TargetFramework=net472]
D:\git\TUnit\TUnit.TestProject\SourceGeneratedViewer\TUnit.Core.SourceGenerator\TUnit.Core.SourceGenerator.Generators.TestMetadataGenerator\ClassTupleDataSourceDrivenTests_DataSource_TupleMethod_0481c8c3b695490c9bd8e2a5bcb89074.g.cs(38,61): error CS0234: The type or namespace name 'UnsafeAccessorKind' does not exist in the namespace 'System.Runtime.CompilerServices' (are you missing an assembly reference?) [D:\git\TUnit\TUnit.TestProject\TUnit.TestProject.csproj::TargetFramework=net472]
D:\git\TUnit\TUnit.TestProject\SourceGeneratedViewer\TUnit.Core.SourceGenerator\TUnit.Core.SourceGenerator.Generators.TestMetadataGenerator\PropertySetterTests_Test_ae50253da1a441fb9fcbe9dae360a9b8.g.cs(23,46): error CS0234: The type or namespace name 'UnsafeAccessorAttribute' does not exist in the namespace 'System.Runtime.CompilerServices' (are you missing an assembly reference?) [D:\git\TUnit\TUnit.TestProject\TUnit.TestProject.csproj::TargetFramework=net472]
D:\git\TUnit\TUnit.TestProject\SourceGeneratedViewer\TUnit.Core.SourceGenerator\TUnit.Core.SourceGenerator.Generators.TestMetadataGenerator\PropertySetterTests_Test_ae50253da1a441fb9fcbe9dae360a9b8.g.cs(23,46): error CS0234: The type or namespace name 'UnsafeAccessor' does not exist in the namespace 'System.Runtime.CompilerServices' (are you missing an assembly reference?) [D:\git\TUnit\TUnit.TestProject\TUnit.TestProject.csproj::TargetFramework=net472]
D:\git\TUnit\TUnit.TestProject\SourceGeneratedViewer\TUnit.Core.SourceGenerator\TUnit.Core.SourceGenerator.Generators.TestMetadataGenerator\PropertySetterTests_Test_ae50253da1a441fb9fcbe9dae360a9b8.g.cs(23,61): error CS0234: The type or namespace name 'UnsafeAccessorKind' does not exist in the namespace 'System.Runtime.CompilerServices' (are you missing an assembly reference?) [D:\git\TUnit\TUnit.TestProject\TUnit.TestProject.csproj::TargetFramework=net472]
D:\git\TUnit\TUnit.TestProject\SourceGeneratedViewer\TUnit.Core.SourceGenerator\TUnit.Core.SourceGenerator.Generators.TestMetadataGenerator\PropertySetterTests_Test_ae50253da1a441fb9fcbe9dae360a9b8.g.cs(28,46): error CS0234: The type or namespace name 'UnsafeAccessorAttribute' does not exist in the namespace 'System.Runtime.CompilerServices' (are you missing an assembly reference?) [D:\git\TUnit\TUnit.TestProject\TUnit.TestProject.csproj::TargetFramework=net472]
D:\git\TUnit\TUnit.TestProject\SourceGeneratedViewer\TUnit.Core.SourceGenerator\TUnit.Core.SourceGenerator.Generators.TestMetadataGenerator\PropertySetterTests_Test_ae50253da1a441fb9fcbe9dae360a9b8.g.cs(28,46): error CS0234: The type or namespace name 'UnsafeAccessor' does not exist in the namespace 'System.Runtime.CompilerServices' (are you missing an assembly reference?) [D:\git\TUnit\TUnit.TestProject\TUnit.TestProject.csproj::TargetFramework=net472]
D:\git\TUnit\TUnit.TestProject\SourceGeneratedViewer\TUnit.Core.SourceGenerator\TUnit.Core.SourceGenerator.Generators.TestMetadataGenerator\PropertySetterTests_Test_ae50253da1a441fb9fcbe9dae360a9b8.g.cs(28,61): error CS0234: The type or namespace name 'UnsafeAccessorKind' does not exist in the namespace 'System.Runtime.CompilerServices' (are you missing an assembly reference?) [D:\git\TUnit\TUnit.TestProject\TUnit.TestProject.csproj::TargetFramework=net472]
D:\git\TUnit\TUnit.TestProject\SourceGeneratedViewer\TUnit.Core.SourceGenerator\TUnit.Core.SourceGenerator.Generators.TestMetadataGenerator\PropertySetterTests_Test_ae50253da1a441fb9fcbe9dae360a9b8.g.cs(33,46): error CS0234: The type or namespace name 'UnsafeAccessorAttribute' does not exist in the namespace 'System.Runtime.CompilerServices' (are you missing an assembly reference?) [D:\git\TUnit\TUnit.TestProject\TUnit.TestProject.csproj::TargetFramework=net472]
D:\git\TUnit\TUnit.TestProject\SourceGeneratedViewer\TUnit.Core.SourceGenerator\TUnit.Core.SourceGenerator.Generators.TestMetadataGenerator\PropertySetterTests_Test_ae50253da1a441fb9fcbe9dae360a9b8.g.cs(33,46): error CS0234: The type or namespace name 'UnsafeAccessor' does not exist in the namespace 'System.Runtime.CompilerServices' (are you missing an assembly reference?) [D:\git\TUnit\TUnit.TestProject\TUnit.TestProject.csproj::TargetFramework=net472]
D:\git\TUnit\TUnit.TestProject\SourceGeneratedViewer\TUnit.Core.SourceGenerator\TUnit.Core.SourceGenerator.Generators.TestMetadataGenerator\PropertySetterTests_Test_ae50253da1a441fb9fcbe9dae360a9b8.g.cs(33,61): error CS0234: The type or namespace name 'UnsafeAccessorKind' does not exist in the namespace 'System.Runtime.CompilerServices' (are you missing an assembly reference?) [D:\git\TUnit\TUnit.TestProject\TUnit.TestProject.csproj::TargetFramework=net472]
D:\git\TUnit\TUnit.TestProject\SourceGeneratedViewer\TUnit.Core.SourceGenerator\TUnit.Core.SourceGenerator.Generators.TestMetadataGenerator\PropertySetterTests_Test_ae50253da1a441fb9fcbe9dae360a9b8.g.cs(38,46): error CS0234: The type or namespace name 'UnsafeAccessorAttribute' does not exist in the namespace 'System.Runtime.CompilerServices' (are you missing an assembly reference?) [D:\git\TUnit\TUnit.TestProject\TUnit.TestProject.csproj::TargetFramework=net472]
D:\git\TUnit\TUnit.TestProject\SourceGeneratedViewer\TUnit.Core.SourceGenerator\TUnit.Core.SourceGenerator.Generators.TestMetadataGenerator\PropertySetterTests_Test_ae50253da1a441fb9fcbe9dae360a9b8.g.cs(38,46): error CS0234: The type or namespace name 'UnsafeAccessor' does not exist in the namespace 'System.Runtime.CompilerServices' (are you missing an assembly reference?) [D:\git\TUnit\TUnit.TestProject\TUnit.TestProject.csproj::TargetFramework=net472]
D:\git\TUnit\TUnit.TestProject\SourceGeneratedViewer\TUnit.Core.SourceGenerator\TUnit.Core.SourceGenerator.Generators.TestMetadataGenerator\PropertySetterTests_Test_ae50253da1a441fb9fcbe9dae360a9b8.g.cs(38,61): error CS0234: The type or namespace name 'UnsafeAccessorKind' does not exist in the namespace 'System.Runtime.CompilerServices' (are you missing an assembly reference?) [D:\git\TUnit\TUnit.TestProject\TUnit.TestProject.csproj::TargetFramework=net472]
D:\git\TUnit\TUnit.TestProject\SourceGeneratedViewer\TUnit.Core.SourceGenerator\TUnit.Core.SourceGenerator.Generators.TestMetadataGenerator\PropertySetterTests_Test_ae50253da1a441fb9fcbe9dae360a9b8.g.cs(43,46): error CS0234: The type or namespace name 'UnsafeAccessorAttribute' does not exist in the namespace 'System.Runtime.CompilerServices' (are you missing an assembly reference?) [D:\git\TUnit\TUnit.TestProject\TUnit.TestProject.csproj::TargetFramework=net472]
D:\git\TUnit\TUnit.TestProject\SourceGeneratedViewer\TUnit.Core.SourceGenerator\TUnit.Core.SourceGenerator.Generators.TestMetadataGenerator\PropertySetterTests_Test_ae50253da1a441fb9fcbe9dae360a9b8.g.cs(43,46): error CS0234: The type or namespace name 'UnsafeAccessor' does not exist in the namespace 'System.Runtime.CompilerServices' (are you missing an assembly reference?) [D:\git\TUnit\TUnit.TestProject\TUnit.TestProject.csproj::TargetFramework=net472]
D:\git\TUnit\TUnit.TestProject\SourceGeneratedViewer\TUnit.Core.SourceGenerator\TUnit.Core.SourceGenerator.Generators.TestMetadataGenerator\PropertySetterTests_Test_ae50253da1a441fb9fcbe9dae360a9b8.g.cs(43,61): error CS0234: The type or namespace name 'UnsafeAccessorKind' does not exist in the namespace 'System.Runtime.CompilerServices' (are you missing an assembly reference?) [D:\git\TUnit\TUnit.TestProject\TUnit.TestProject.csproj::TargetFramework=net472]
D:\git\TUnit\TUnit.TestProject\SourceGeneratedViewer\TUnit.Core.SourceGenerator\TUnit.Core.SourceGenerator.Generators.TestMetadataGenerator\PropertySetterTests_Test_ae50253da1a441fb9fcbe9dae360a9b8.g.cs(48,46): error CS0234: The type or namespace name 'UnsafeAccessorAttribute' does not exist in the namespace 'System.Runtime.CompilerServices' (are you missing an assembly reference?) [D:\git\TUnit\TUnit.TestProject\TUnit.TestProject.csproj::TargetFramework=net472]
D:\git\TUnit\TUnit.TestProject\SourceGeneratedViewer\TUnit.Core.SourceGenerator\TUnit.Core.SourceGenerator.Generators.TestMetadataGenerator\PropertySetterTests_Test_ae50253da1a441fb9fcbe9dae360a9b8.g.cs(48,46): error CS0234: The type or namespace name 'UnsafeAccessor' does not exist in the namespace 'System.Runtime.CompilerServices' (are you missing an assembly reference?) [D:\git\TUnit\TUnit.TestProject\TUnit.TestProject.csproj::TargetFramework=net472]
D:\git\TUnit\TUnit.TestProject\SourceGeneratedViewer\TUnit.Core.SourceGenerator\TUnit.Core.SourceGenerator.Generators.TestMetadataGenerator\PropertySetterTests_Test_ae50253da1a441fb9fcbe9dae360a9b8.g.cs(48,61): error CS0234: The type or namespace name 'UnsafeAccessorKind' does not exist in the namespace 'System.Runtime.CompilerServices' (are you missing an assembly reference?) [D:\git\TUnit\TUnit.TestProject\TUnit.TestProject.csproj::TargetFramework=net472]
D:\git\TUnit\TUnit.TestProject\SourceGeneratedViewer\TUnit.Core.SourceGenerator\TUnit.Core.SourceGenerator.Generators.TestMetadataGenerator\PropertySetterTests_Test_ae50253da1a441fb9fcbe9dae360a9b8.g.cs(53,46): error CS0234: The type or namespace name 'UnsafeAccessorAttribute' does not exist in the namespace 'System.Runtime.CompilerServices' (are you missing an assembly reference?) [D:\git\TUnit\TUnit.TestProject\TUnit.TestProject.csproj::TargetFramework=net472]
D:\git\TUnit\TUnit.TestProject\SourceGeneratedViewer\TUnit.Core.SourceGenerator\TUnit.Core.SourceGenerator.Generators.TestMetadataGenerator\PropertySetterTests_Test_ae50253da1a441fb9fcbe9dae360a9b8.g.cs(53,46): error CS0234: The type or namespace name 'UnsafeAccessor' does not exist in the namespace 'System.Runtime.CompilerServices' (are you missing an assembly reference?) [D:\git\TUnit\TUnit.TestProject\TUnit.TestProject.csproj::TargetFramework=net472]
D:\git\TUnit\TUnit.TestProject\SourceGeneratedViewer\TUnit.Core.SourceGenerator\TUnit.Core.SourceGenerator.Generators.TestMetadataGenerator\PropertySetterTests_Test_ae50253da1a441fb9fcbe9dae360a9b8.g.cs(53,61): error CS0234: The type or namespace name 'UnsafeAccessorKind' does not exist in the namespace 'System.Runtime.CompilerServices' (are you missing an assembly reference?) [D:\git\TUnit\TUnit.TestProject\TUnit.TestProject.csproj::TargetFramework=net472]
D:\git\TUnit\TUnit.TestProject\SourceGeneratedViewer\TUnit.Core.SourceGenerator\TUnit.Core.SourceGenerator.Generators.TestMetadataGenerator\Tests_Test_f44aacdd54184ef682e3ee824ce0bee1.g.cs(23,46): error CS0234: The type or namespace name 'UnsafeAccessorAttribute' does not exist in the namespace 'System.Runtime.CompilerServices' (are you missing an assembly reference?) [D:\git\TUnit\TUnit.TestProject\TUnit.TestProject.csproj::TargetFramework=net472]
D:\git\TUnit\TUnit.TestProject\SourceGeneratedViewer\TUnit.Core.SourceGenerator\TUnit.Core.SourceGenerator.Generators.TestMetadataGenerator\Tests_Test_f44aacdd54184ef682e3ee824ce0bee1.g.cs(23,46): error CS0234: The type or namespace name 'UnsafeAccessor' does not exist in the namespace 'System.Runtime.CompilerServices' (are you missing an assembly reference?) [D:\git\TUnit\TUnit.TestProject\TUnit.TestProject.csproj::TargetFramework=net472]
D:\git\TUnit\TUnit.TestProject\SourceGeneratedViewer\TUnit.Core.SourceGenerator\TUnit.Core.SourceGenerator.Generators.TestMetadataGenerator\Tests_Test_f44aacdd54184ef682e3ee824ce0bee1.g.cs(23,61): error CS0234: The type or namespace name 'UnsafeAccessorKind' does not exist in the namespace 'System.Runtime.CompilerServices' (are you missing an assembly reference?) [D:\git\TUnit\TUnit.TestProject\TUnit.TestProject.csproj::TargetFramework=net472]
D:\git\TUnit\TUnit.TestProject\SourceGeneratedViewer\TUnit.Core.SourceGenerator\TUnit.Core.SourceGenerator.Generators.TestMetadataGenerator\Tests2_Test_51d97f57cb454cef816f33670956b6c6.g.cs(23,46): error CS0234: The type or namespace name 'UnsafeAccessorAttribute' does not exist in the namespace 'System.Runtime.CompilerServices' (are you missing an assembly reference?) [D:\git\TUnit\TUnit.TestProject\TUnit.TestProject.csproj::TargetFramework=net472]
D:\git\TUnit\TUnit.TestProject\SourceGeneratedViewer\TUnit.Core.SourceGenerator\TUnit.Core.SourceGenerator.Generators.TestMetadataGenerator\Tests2_Test_51d97f57cb454cef816f33670956b6c6.g.cs(23,46): error CS0234: The type or namespace name 'UnsafeAccessor' does not exist in the namespace 'System.Runtime.CompilerServices' (are you missing an assembly reference?) [D:\git\TUnit\TUnit.TestProject\TUnit.TestProject.csproj::TargetFramework=net472]
D:\git\TUnit\TUnit.TestProject\SourceGeneratedViewer\TUnit.Core.SourceGenerator\TUnit.Core.SourceGenerator.Generators.TestMetadataGenerator\Tests2_Test_51d97f57cb454cef816f33670956b6c6.g.cs(23,61): error CS0234: The type or namespace name 'UnsafeAccessorKind' does not exist in the namespace 'System.Runtime.CompilerServices' (are you missing an assembly reference?) [D:\git\TUnit\TUnit.TestProject\TUnit.TestProject.csproj::TargetFramework=net472]
D:\git\TUnit\TUnit.TestProject\SourceGeneratedViewer\TUnit.Core.SourceGenerator\TUnit.Core.SourceGenerator.Generators.TestMetadataGenerator\Tests2_Test_0da4eaa5735c493baa670c24da7cf875.g.cs(23,46): error CS0234: The type or namespace name 'UnsafeAccessorAttribute' does not exist in the namespace 'System.Runtime.CompilerServices' (are you missing an assembly reference?) [D:\git\TUnit\TUnit.TestProject\TUnit.TestProject.csproj::TargetFramework=net472]
D:\git\TUnit\TUnit.TestProject\SourceGeneratedViewer\TUnit.Core.SourceGenerator\TUnit.Core.SourceGenerator.Generators.TestMetadataGenerator\Tests2_Test_0da4eaa5735c493baa670c24da7cf875.g.cs(23,46): error CS0234: The type or namespace name 'UnsafeAccessor' does not exist in the namespace 'System.Runtime.CompilerServices' (are you missing an assembly reference?) [D:\git\TUnit\TUnit.TestProject\TUnit.TestProject.csproj::TargetFramework=net472]
D:\git\TUnit\TUnit.TestProject\SourceGeneratedViewer\TUnit.Core.SourceGenerator\TUnit.Core.SourceGenerator.Generators.TestMetadataGenerator\Tests2_Test_0da4eaa5735c493baa670c24da7cf875.g.cs(23,61): error CS0234: The type or namespace name 'UnsafeAccessorKind' does not exist in the namespace 'System.Runtime.CompilerServices' (are you missing an assembly reference?) [D:\git\TUnit\TUnit.TestProject\TUnit.TestProject.csproj::TargetFramework=net472]
D:\git\TUnit\TUnit.TestProject\SourceGeneratedViewer\TUnit.Core.SourceGenerator\TUnit.Core.SourceGenerator.Generators.TestMetadataGenerator\Tests3_Test_535de6c53cec4f6c882f40666530cffd.g.cs(23,46): error CS0234: The type or namespace name 'UnsafeAccessorAttribute' does not exist in the namespace 'System.Runtime.CompilerServices' (are you missing an assembly reference?) [D:\git\TUnit\TUnit.TestProject\TUnit.TestProject.csproj::TargetFramework=net472]
D:\git\TUnit\TUnit.TestProject\SourceGeneratedViewer\TUnit.Core.SourceGenerator\TUnit.Core.SourceGenerator.Generators.TestMetadataGenerator\Tests3_Test_535de6c53cec4f6c882f40666530cffd.g.cs(23,46): error CS0234: The type or namespace name 'UnsafeAccessor' does not exist in the namespace 'System.Runtime.CompilerServices' (are you missing an assembly reference?) [D:\git\TUnit\TUnit.TestProject\TUnit.TestProject.csproj::TargetFramework=net472]
D:\git\TUnit\TUnit.TestProject\SourceGeneratedViewer\TUnit.Core.SourceGenerator\TUnit.Core.SourceGenerator.Generators.TestMetadataGenerator\Tests3_Test_535de6c53cec4f6c882f40666530cffd.g.cs(23,61): error CS0234: The type or namespace name 'UnsafeAccessorKind' does not exist in the namespace 'System.Runtime.CompilerServices' (are you missing an assembly reference?) [D:\git\TUnit\TUnit.TestProject\TUnit.TestProject.csproj::TargetFramework=net472]
D:\git\TUnit\TUnit.TestProject\SourceGeneratedViewer\TUnit.Core.SourceGenerator\TUnit.Core.SourceGenerator.Generators.TestMetadataGenerator\Tests3_Test_adf08725371b468397690a9a4ae54072.g.cs(23,46): error CS0234: The type or namespace name 'UnsafeAccessorAttribute' does not exist in the namespace 'System.Runtime.CompilerServices' (are you missing an assembly reference?) [D:\git\TUnit\TUnit.TestProject\TUnit.TestProject.csproj::TargetFramework=net472]
D:\git\TUnit\TUnit.TestProject\SourceGeneratedViewer\TUnit.Core.SourceGenerator\TUnit.Core.SourceGenerator.Generators.TestMetadataGenerator\Tests3_Test_adf08725371b468397690a9a4ae54072.g.cs(23,46): error CS0234: The type or namespace name 'UnsafeAccessor' does not exist in the namespace 'System.Runtime.CompilerServices' (are you missing an assembly reference?) [D:\git\TUnit\TUnit.TestProject\TUnit.TestProject.csproj::TargetFramework=net472]
D:\git\TUnit\TUnit.TestProject\SourceGeneratedViewer\TUnit.Core.SourceGenerator\TUnit.Core.SourceGenerator.Generators.TestMetadataGenerator\Tests3_Test_adf08725371b468397690a9a4ae54072.g.cs(23,61): error CS0234: The type or namespace name 'UnsafeAccessorKind' does not exist in the namespace 'System.Runtime.CompilerServices' (are you missing an assembly reference?) [D:\git\TUnit\TUnit.TestProject\TUnit.TestProject.csproj::TargetFramework=net472]
D:\git\TUnit\TUnit.TestProject\SourceGeneratedViewer\TUnit.Core.SourceGenerator\TUnit.Core.SourceGenerator.Generators.TestMetadataGenerator\Tests_Test_34c89c44acb84167b8af206d7fd1c805.g.cs(23,46): error CS0234: The type or namespace name 'UnsafeAccessorAttribute' does not exist in the namespace 'System.Runtime.CompilerServices' (are you missing an assembly reference?) [D:\git\TUnit\TUnit.TestProject\TUnit.TestProject.csproj::TargetFramework=net472]
D:\git\TUnit\TUnit.TestProject\SourceGeneratedViewer\TUnit.Core.SourceGenerator\TUnit.Core.SourceGenerator.Generators.TestMetadataGenerator\Tests_Test_34c89c44acb84167b8af206d7fd1c805.g.cs(23,46): error CS0234: The type or namespace name 'UnsafeAccessor' does not exist in the namespace 'System.Runtime.CompilerServices' (are you missing an assembly reference?) [D:\git\TUnit\TUnit.TestProject\TUnit.TestProject.csproj::TargetFramework=net472]
D:\git\TUnit\TUnit.TestProject\SourceGeneratedViewer\TUnit.Core.SourceGenerator\TUnit.Core.SourceGenerator.Generators.TestMetadataGenerator\Tests_Test_34c89c44acb84167b8af206d7fd1c805.g.cs(23,61): error CS0234: The type or namespace name 'UnsafeAccessorKind' does not exist in the namespace 'System.Runtime.CompilerServices' (are you missing an assembly reference?) [D:\git\TUnit\TUnit.TestProject\TUnit.TestProject.csproj::TargetFramework=net472]
D:\git\TUnit\TUnit.TestProject\SourceGeneratedViewer\TUnit.Core.SourceGenerator\TUnit.Core.SourceGenerator.Generators.TestMetadataGenerator\Tests_Test_4174293bfd934e7ba440d7ae73c5c7bc.g.cs(23,46): error CS0234: The type or namespace name 'UnsafeAccessorAttribute' does not exist in the namespace 'System.Runtime.CompilerServices' (are you missing an assembly reference?) [D:\git\TUnit\TUnit.TestProject\TUnit.TestProject.csproj::TargetFramework=net472]
D:\git\TUnit\TUnit.TestProject\SourceGeneratedViewer\TUnit.Core.SourceGenerator\TUnit.Core.SourceGenerator.Generators.TestMetadataGenerator\Tests_Test_4174293bfd934e7ba440d7ae73c5c7bc.g.cs(23,46): error CS0234: The type or namespace name 'UnsafeAccessor' does not exist in the namespace 'System.Runtime.CompilerServices' (are you missing an assembly reference?) [D:\git\TUnit\TUnit.TestProject\TUnit.TestProject.csproj::TargetFramework=net472]
D:\git\TUnit\TUnit.TestProject\SourceGeneratedViewer\TUnit.Core.SourceGenerator\TUnit.Core.SourceGenerator.Generators.TestMetadataGenerator\Tests_Test_4174293bfd934e7ba440d7ae73c5c7bc.g.cs(23,61): error CS0234: The type or namespace name 'UnsafeAccessorKind' does not exist in the namespace 'System.Runtime.CompilerServices' (are you missing an assembly reference?) [D:\git\TUnit\TUnit.TestProject\TUnit.TestProject.csproj::TargetFramework=net472]
D:\git\TUnit\TUnit.TestProject\SourceGeneratedViewer\TUnit.Core.SourceGenerator\TUnit.Core.SourceGenerator.Generators.TestMetadataGenerator\Tests2_Test_cfa36c67cd0548f0954878c890d98418.g.cs(23,46): error CS0234: The type or namespace name 'UnsafeAccessorAttribute' does not exist in the namespace 'System.Runtime.CompilerServices' (are you missing an assembly reference?) [D:\git\TUnit\TUnit.TestProject\TUnit.TestProject.csproj::TargetFramework=net472]
D:\git\TUnit\TUnit.TestProject\SourceGeneratedViewer\TUnit.Core.SourceGenerator\TUnit.Core.SourceGenerator.Generators.TestMetadataGenerator\Tests2_Test_cfa36c67cd0548f0954878c890d98418.g.cs(23,46): error CS0234: The type or namespace name 'UnsafeAccessor' does not exist in the namespace 'System.Runtime.CompilerServices' (are you missing an assembly reference?) [D:\git\TUnit\TUnit.TestProject\TUnit.TestProject.csproj::TargetFramework=net472]
D:\git\TUnit\TUnit.TestProject\SourceGeneratedViewer\TUnit.Core.SourceGenerator\TUnit.Core.SourceGenerator.Generators.TestMetadataGenerator\Tests2_Test_cfa36c67cd0548f0954878c890d98418.g.cs(23,61): error CS0234: The type or namespace name 'UnsafeAccessorKind' does not exist in the namespace 'System.Runtime.CompilerServices' (are you missing an assembly reference?) [D:\git\TUnit\TUnit.TestProject\TUnit.TestProject.csproj::TargetFramework=net472]
D:\git\TUnit\TUnit.TestProject\SourceGeneratedViewer\TUnit.Core.SourceGenerator\TUnit.Core.SourceGenerator.Generators.TestMetadataGenerator\Tests3_Test_76e778df8f8943aea6a555009a44fcd1.g.cs(23,46): error CS0234: The type or namespace name 'UnsafeAccessorAttribute' does not exist in the namespace 'System.Runtime.CompilerServices' (are you missing an assembly reference?) [D:\git\TUnit\TUnit.TestProject\TUnit.TestProject.csproj::TargetFramework=net472]
D:\git\TUnit\TUnit.TestProject\SourceGeneratedViewer\TUnit.Core.SourceGenerator\TUnit.Core.SourceGenerator.Generators.TestMetadataGenerator\Tests3_Test_76e778df8f8943aea6a555009a44fcd1.g.cs(23,46): error CS0234: The type or namespace name 'UnsafeAccessor' does not exist in the namespace 'System.Runtime.CompilerServices' (are you missing an assembly reference?) [D:\git\TUnit\TUnit.TestProject\TUnit.TestProject.csproj::TargetFramework=net472]
D:\git\TUnit\TUnit.TestProject\SourceGeneratedViewer\TUnit.Core.SourceGenerator\TUnit.Core.SourceGenerator.Generators.TestMetadataGenerator\Tests3_Test_76e778df8f8943aea6a555009a44fcd1.g.cs(23,61): error CS0234: The type or namespace name 'UnsafeAccessorKind' does not exist in the namespace 'System.Runtime.CompilerServices' (are you missing an assembly reference?) [D:\git\TUnit\TUnit.TestProject\TUnit.TestProject.csproj::TargetFramework=net472]
D:\git\TUnit\TUnit.TestProject\SourceGeneratedViewer\TUnit.Core.SourceGenerator\TUnit.Core.SourceGenerator.Generators.TestMetadataGenerator\Tests_Test_bb34e7778650468f9f85ab51c57d8e90.g.cs(23,46): error CS0234: The type or namespace name 'UnsafeAccessorAttribute' does not exist in the namespace 'System.Runtime.CompilerServices' (are you missing an assembly reference?) [D:\git\TUnit\TUnit.TestProject\TUnit.TestProject.csproj::TargetFramework=net472]
D:\git\TUnit\TUnit.TestProject\SourceGeneratedViewer\TUnit.Core.SourceGenerator\TUnit.Core.SourceGenerator.Generators.TestMetadataGenerator\Tests_Test_bb34e7778650468f9f85ab51c57d8e90.g.cs(23,46): error CS0234: The type or namespace name 'UnsafeAccessor' does not exist in the namespace 'System.Runtime.CompilerServices' (are you missing an assembly reference?) [D:\git\TUnit\TUnit.TestProject\TUnit.TestProject.csproj::TargetFramework=net472]
D:\git\TUnit\TUnit.TestProject\SourceGeneratedViewer\TUnit.Core.SourceGenerator\TUnit.Core.SourceGenerator.Generators.TestMetadataGenerator\Tests_Test_bb34e7778650468f9f85ab51c57d8e90.g.cs(23,61): error CS0234: The type or namespace name 'UnsafeAccessorKind' does not exist in the namespace 'System.Runtime.CompilerServices' (are you missing an assembly reference?) [D:\git\TUnit\TUnit.TestProject\TUnit.TestProject.csproj::TargetFramework=net472]
D:\git\TUnit\TUnit.TestProject\SourceGeneratedViewer\TUnit.Core.SourceGenerator\TUnit.Core.SourceGenerator.Generators.TestMetadataGenerator\Tests2_Test_ae0ffc363e4844049632678e41fb6965.g.cs(23,46): error CS0234: The type or namespace name 'UnsafeAccessorAttribute' does not exist in the namespace 'System.Runtime.CompilerServices' (are you missing an assembly reference?) [D:\git\TUnit\TUnit.TestProject\TUnit.TestProject.csproj::TargetFramework=net472]
D:\git\TUnit\TUnit.TestProject\SourceGeneratedViewer\TUnit.Core.SourceGenerator\TUnit.Core.SourceGenerator.Generators.TestMetadataGenerator\Tests2_Test_ae0ffc363e4844049632678e41fb6965.g.cs(23,46): error CS0234: The type or namespace name 'UnsafeAccessor' does not exist in the namespace 'System.Runtime.CompilerServices' (are you missing an assembly reference?) [D:\git\TUnit\TUnit.TestProject\TUnit.TestProject.csproj::TargetFramework=net472]
D:\git\TUnit\TUnit.TestProject\SourceGeneratedViewer\TUnit.Core.SourceGenerator\TUnit.Core.SourceGenerator.Generators.TestMetadataGenerator\Tests2_Test_ae0ffc363e4844049632678e41fb6965.g.cs(23,61): error CS0234: The type or namespace name 'UnsafeAccessorKind' does not exist in the namespace 'System.Runtime.CompilerServices' (are you missing an assembly reference?) [D:\git\TUnit\TUnit.TestProject\TUnit.TestProject.csproj::TargetFramework=net472]
D:\git\TUnit\TUnit.TestProject\SourceGeneratedViewer\TUnit.Core.SourceGenerator\TUnit.Core.SourceGenerator.Generators.TestMetadataGenerator\InheritedPropertySetterTests_Test_5b1bf3e884ad4619b2bd6d83cbdd8213.g.cs(23,46): error CS0234: The type or namespace name 'UnsafeAccessorAttribute' does not exist in the namespace 'System.Runtime.CompilerServices' (are you missing an assembly reference?) [D:\git\TUnit\TUnit.TestProject\TUnit.TestProject.csproj::TargetFramework=net472]
D:\git\TUnit\TUnit.TestProject\SourceGeneratedViewer\TUnit.Core.SourceGenerator\TUnit.Core.SourceGenerator.Generators.TestMetadataGenerator\InheritedPropertySetterTests_Test_5b1bf3e884ad4619b2bd6d83cbdd8213.g.cs(23,46): error CS0234: The type or namespace name 'UnsafeAccessor' does not exist in the namespace 'System.Runtime.CompilerServices' (are you missing an assembly reference?) [D:\git\TUnit\TUnit.TestProject\TUnit.TestProject.csproj::TargetFramework=net472]
D:\git\TUnit\TUnit.TestProject\SourceGeneratedViewer\TUnit.Core.SourceGenerator\TUnit.Core.SourceGenerator.Generators.TestMetadataGenerator\InheritedPropertySetterTests_Test_5b1bf3e884ad4619b2bd6d83cbdd8213.g.cs(23,61): error CS0234: The type or namespace name 'UnsafeAccessorKind' does not exist in the namespace 'System.Runtime.CompilerServices' (are you missing an assembly reference?) [D:\git\TUnit\TUnit.TestProject\TUnit.TestProject.csproj::TargetFramework=net472]
D:\git\TUnit\TUnit.TestProject\SourceGeneratedViewer\TUnit.Core.SourceGenerator\TUnit.Core.SourceGenerator.Generators.TestMetadataGenerator\Tests3_Test_e7663542af0746ac8e9f477ee38c39a5.g.cs(23,46): error CS0234: The type or namespace name 'UnsafeAccessorAttribute' does not exist in the namespace 'System.Runtime.CompilerServices' (are you missing an assembly reference?) [D:\git\TUnit\TUnit.TestProject\TUnit.TestProject.csproj::TargetFramework=net472]
D:\git\TUnit\TUnit.TestProject\SourceGeneratedViewer\TUnit.Core.SourceGenerator\TUnit.Core.SourceGenerator.Generators.TestMetadataGenerator\Tests3_Test_e7663542af0746ac8e9f477ee38c39a5.g.cs(23,46): error CS0234: The type or namespace name 'UnsafeAccessor' does not exist in the namespace 'System.Runtime.CompilerServices' (are you missing an assembly reference?) [D:\git\TUnit\TUnit.TestProject\TUnit.TestProject.csproj::TargetFramework=net472]
D:\git\TUnit\TUnit.TestProject\SourceGeneratedViewer\TUnit.Core.SourceGenerator\TUnit.Core.SourceGenerator.Generators.TestMetadataGenerator\Tests3_Test_e7663542af0746ac8e9f477ee38c39a5.g.cs(23,61): error CS0234: The type or namespace name 'UnsafeAccessorKind' does not exist in the namespace 'System.Runtime.CompilerServices' (are you missing an assembly reference?) [D:\git\TUnit\TUnit.TestProject\TUnit.TestProject.csproj::TargetFramework=net472]
D:\git\TUnit\TUnit.TestProject\SourceGeneratedViewer\TUnit.Core.SourceGenerator\TUnit.Core.SourceGenerator.Generators.TestMetadataGenerator\InheritedPropertySetterTests_Test_5b1bf3e884ad4619b2bd6d83cbdd8213.g.cs(28,46): error CS0234: The type or namespace name 'UnsafeAccessorAttribute' does not exist in the namespace 'System.Runtime.CompilerServices' (are you missing an assembly reference?) [D:\git\TUnit\TUnit.TestProject\TUnit.TestProject.csproj::TargetFramework=net472]
D:\git\TUnit\TUnit.TestProject\SourceGeneratedViewer\TUnit.Core.SourceGenerator\TUnit.Core.SourceGenerator.Generators.TestMetadataGenerator\InheritedPropertySetterTests_Test_5b1bf3e884ad4619b2bd6d83cbdd8213.g.cs(28,46): error CS0234: The type or namespace name 'UnsafeAccessor' does not exist in the namespace 'System.Runtime.CompilerServices' (are you missing an assembly reference?) [D:\git\TUnit\TUnit.TestProject\TUnit.TestProject.csproj::TargetFramework=net472]
D:\git\TUnit\TUnit.TestProject\SourceGeneratedViewer\TUnit.Core.SourceGenerator\TUnit.Core.SourceGenerator.Generators.TestMetadataGenerator\InheritedPropertySetterTests_Test_5b1bf3e884ad4619b2bd6d83cbdd8213.g.cs(28,61): error CS0234: The type or namespace name 'UnsafeAccessorKind' does not exist in the namespace 'System.Runtime.CompilerServices' (are you missing an assembly reference?) [D:\git\TUnit\TUnit.TestProject\TUnit.TestProject.csproj::TargetFramework=net472]
D:\git\TUnit\TUnit.TestProject\SourceGeneratedViewer\TUnit.Core.SourceGenerator\TUnit.Core.SourceGenerator.Generators.TestMetadataGenerator\Tests_Test_99ae4ad49513416592a36524fa578818.g.cs(23,46): error CS0234: The type or namespace name 'UnsafeAccessorAttribute' does not exist in the namespace 'System.Runtime.CompilerServices' (are you missing an assembly reference?) [D:\git\TUnit\TUnit.TestProject\TUnit.TestProject.csproj::TargetFramework=net472]
D:\git\TUnit\TUnit.TestProject\SourceGeneratedViewer\TUnit.Core.SourceGenerator\TUnit.Core.SourceGenerator.Generators.TestMetadataGenerator\Tests_Test_99ae4ad49513416592a36524fa578818.g.cs(23,46): error CS0234: The type or namespace name 'UnsafeAccessor' does not exist in the namespace 'System.Runtime.CompilerServices' (are you missing an assembly reference?) [D:\git\TUnit\TUnit.TestProject\TUnit.TestProject.csproj::TargetFramework=net472]
D:\git\TUnit\TUnit.TestProject\SourceGeneratedViewer\TUnit.Core.SourceGenerator\TUnit.Core.SourceGenerator.Generators.TestMetadataGenerator\Tests_Test_99ae4ad49513416592a36524fa578818.g.cs(23,61): error CS0234: The type or namespace name 'UnsafeAccessorKind' does not exist in the namespace 'System.Runtime.CompilerServices' (are you missing an assembly reference?) [D:\git\TUnit\TUnit.TestProject\TUnit.TestProject.csproj::TargetFramework=net472]
D:\git\TUnit\TUnit.TestProject\SourceGeneratedViewer\TUnit.Core.SourceGenerator\TUnit.Core.SourceGenerator.Generators.TestMetadataGenerator\InheritedPropertySetterTests_Test_5b1bf3e884ad4619b2bd6d83cbdd8213.g.cs(33,46): error CS0234: The type or namespace name 'UnsafeAccessorAttribute' does not exist in the namespace 'System.Runtime.CompilerServices' (are you missing an assembly reference?) [D:\git\TUnit\TUnit.TestProject\TUnit.TestProject.csproj::TargetFramework=net472]
D:\git\TUnit\TUnit.TestProject\SourceGeneratedViewer\TUnit.Core.SourceGenerator\TUnit.Core.SourceGenerator.Generators.TestMetadataGenerator\InheritedPropertySetterTests_Test_5b1bf3e884ad4619b2bd6d83cbdd8213.g.cs(33,46): error CS0234: The type or namespace name 'UnsafeAccessor' does not exist in the namespace 'System.Runtime.CompilerServices' (are you missing an assembly reference?) [D:\git\TUnit\TUnit.TestProject\TUnit.TestProject.csproj::TargetFramework=net472]
D:\git\TUnit\TUnit.TestProject\SourceGeneratedViewer\TUnit.Core.SourceGenerator\TUnit.Core.SourceGenerator.Generators.TestMetadataGenerator\InheritedPropertySetterTests_Test_5b1bf3e884ad4619b2bd6d83cbdd8213.g.cs(33,61): error CS0234: The type or namespace name 'UnsafeAccessorKind' does not exist in the namespace 'System.Runtime.CompilerServices' (are you missing an assembly reference?) [D:\git\TUnit\TUnit.TestProject\TUnit.TestProject.csproj::TargetFramework=net472]
D:\git\TUnit\TUnit.TestProject\SourceGeneratedViewer\TUnit.Core.SourceGenerator\TUnit.Core.SourceGenerator.Generators.TestMetadataGenerator\InheritedPropertySetterTests_Test_5b1bf3e884ad4619b2bd6d83cbdd8213.g.cs(38,46): error CS0234: The type or namespace name 'UnsafeAccessorAttribute' does not exist in the namespace 'System.Runtime.CompilerServices' (are you missing an assembly reference?) [D:\git\TUnit\TUnit.TestProject\TUnit.TestProject.csproj::TargetFramework=net472]
D:\git\TUnit\TUnit.TestProject\SourceGeneratedViewer\TUnit.Core.SourceGenerator\TUnit.Core.SourceGenerator.Generators.TestMetadataGenerator\InheritedPropertySetterTests_Test_5b1bf3e884ad4619b2bd6d83cbdd8213.g.cs(38,46): error CS0234: The type or namespace name 'UnsafeAccessor' does not exist in the namespace 'System.Runtime.CompilerServices' (are you missing an assembly reference?) [D:\git\TUnit\TUnit.TestProject\TUnit.TestProject.csproj::TargetFramework=net472]
D:\git\TUnit\TUnit.TestProject\SourceGeneratedViewer\TUnit.Core.SourceGenerator\TUnit.Core.SourceGenerator.Generators.TestMetadataGenerator\InheritedPropertySetterTests_Test_5b1bf3e884ad4619b2bd6d83cbdd8213.g.cs(38,61): error CS0234: The type or namespace name 'UnsafeAccessorKind' does not exist in the namespace 'System.Runtime.CompilerServices' (are you missing an assembly reference?) [D:\git\TUnit\TUnit.TestProject\TUnit.TestProject.csproj::TargetFramework=net472]
D:\git\TUnit\TUnit.TestProject\SourceGeneratedViewer\TUnit.Core.SourceGenerator\TUnit.Core.SourceGenerator.Generators.TestMetadataGenerator\InheritedPropertySetterTests_Test_5b1bf3e884ad4619b2bd6d83cbdd8213.g.cs(43,46): error CS0234: The type or namespace name 'UnsafeAccessorAttribute' does not exist in the namespace 'System.Runtime.CompilerServices' (are you missing an assembly reference?) [D:\git\TUnit\TUnit.TestProject\TUnit.TestProject.csproj::TargetFramework=net472]
D:\git\TUnit\TUnit.TestProject\SourceGeneratedViewer\TUnit.Core.SourceGenerator\TUnit.Core.SourceGenerator.Generators.TestMetadataGenerator\InheritedPropertySetterTests_Test_5b1bf3e884ad4619b2bd6d83cbdd8213.g.cs(43,46): error CS0234: The type or namespace name 'UnsafeAccessor' does not exist in the namespace 'System.Runtime.CompilerServices' (are you missing an assembly reference?) [D:\git\TUnit\TUnit.TestProject\TUnit.TestProject.csproj::TargetFramework=net472]
D:\git\TUnit\TUnit.TestProject\SourceGeneratedViewer\TUnit.Core.SourceGenerator\TUnit.Core.SourceGenerator.Generators.TestMetadataGenerator\InheritedPropertySetterTests_Test_5b1bf3e884ad4619b2bd6d83cbdd8213.g.cs(43,61): error CS0234: The type or namespace name 'UnsafeAccessorKind' does not exist in the namespace 'System.Runtime.CompilerServices' (are you missing an assembly reference?) [D:\git\TUnit\TUnit.TestProject\TUnit.TestProject.csproj::TargetFramework=net472]
D:\git\TUnit\TUnit.TestProject\SourceGeneratedViewer\TUnit.Core.SourceGenerator\TUnit.Core.SourceGenerator.Generators.TestMetadataGenerator\Tests2_Test_73592b446b3e46998c0fe8be7a1ac228.g.cs(23,46): error CS0234: The type or namespace name 'UnsafeAccessorAttribute' does not exist in the namespace 'System.Runtime.CompilerServices' (are you missing an assembly reference?) [D:\git\TUnit\TUnit.TestProject\TUnit.TestProject.csproj::TargetFramework=net472]
D:\git\TUnit\TUnit.TestProject\SourceGeneratedViewer\TUnit.Core.SourceGenerator\TUnit.Core.SourceGenerator.Generators.TestMetadataGenerator\Tests2_Test_73592b446b3e46998c0fe8be7a1ac228.g.cs(23,46): error CS0234: The type or namespace name 'UnsafeAccessor' does not exist in the namespace 'System.Runtime.CompilerServices' (are you missing an assembly reference?) [D:\git\TUnit\TUnit.TestProject\TUnit.TestProject.csproj::TargetFramework=net472]
D:\git\TUnit\TUnit.TestProject\SourceGeneratedViewer\TUnit.Core.SourceGenerator\TUnit.Core.SourceGenerator.Generators.TestMetadataGenerator\Tests2_Test_73592b446b3e46998c0fe8be7a1ac228.g.cs(23,61): error CS0234: The type or namespace name 'UnsafeAccessorKind' does not exist in the namespace 'System.Runtime.CompilerServices' (are you missing an assembly reference?) [D:\git\TUnit\TUnit.TestProject\TUnit.TestProject.csproj::TargetFramework=net472]
D:\git\TUnit\TUnit.TestProject\SourceGeneratedViewer\TUnit.Core.SourceGenerator\TUnit.Core.SourceGenerator.Generators.TestMetadataGenerator\InheritedPropertySetterTests_Test_5b1bf3e884ad4619b2bd6d83cbdd8213.g.cs(48,46): error CS0234: The type or namespace name 'UnsafeAccessorAttribute' does not exist in the namespace 'System.Runtime.CompilerServices' (are you missing an assembly reference?) [D:\git\TUnit\TUnit.TestProject\TUnit.TestProject.csproj::TargetFramework=net472]
D:\git\TUnit\TUnit.TestProject\SourceGeneratedViewer\TUnit.Core.SourceGenerator\TUnit.Core.SourceGenerator.Generators.TestMetadataGenerator\InheritedPropertySetterTests_Test_5b1bf3e884ad4619b2bd6d83cbdd8213.g.cs(48,46): error CS0234: The type or namespace name 'UnsafeAccessor' does not exist in the namespace 'System.Runtime.CompilerServices' (are you missing an assembly reference?) [D:\git\TUnit\TUnit.TestProject\TUnit.TestProject.csproj::TargetFramework=net472]
D:\git\TUnit\TUnit.TestProject\SourceGeneratedViewer\TUnit.Core.SourceGenerator\TUnit.Core.SourceGenerator.Generators.TestMetadataGenerator\InheritedPropertySetterTests_Test_5b1bf3e884ad4619b2bd6d83cbdd8213.g.cs(48,61): error CS0234: The type or namespace name 'UnsafeAccessorKind' does not exist in the namespace 'System.Runtime.CompilerServices' (are you missing an assembly reference?) [D:\git\TUnit\TUnit.TestProject\TUnit.TestProject.csproj::TargetFramework=net472]
D:\git\TUnit\TUnit.TestProject\SourceGeneratedViewer\TUnit.Core.SourceGenerator\TUnit.Core.SourceGenerator.Generators.TestMetadataGenerator\Tests3_Test_6278d9c86eb04348b28fa7f05f828795.g.cs(23,46): error CS0234: The type or namespace name 'UnsafeAccessorAttribute' does not exist in the namespace 'System.Runtime.CompilerServices' (are you missing an assembly reference?) [D:\git\TUnit\TUnit.TestProject\TUnit.TestProject.csproj::TargetFramework=net472]
D:\git\TUnit\TUnit.TestProject\SourceGeneratedViewer\TUnit.Core.SourceGenerator\TUnit.Core.SourceGenerator.Generators.TestMetadataGenerator\Tests3_Test_6278d9c86eb04348b28fa7f05f828795.g.cs(23,46): error CS0234: The type or namespace name 'UnsafeAccessor' does not exist in the namespace 'System.Runtime.CompilerServices' (are you missing an assembly reference?) [D:\git\TUnit\TUnit.TestProject\TUnit.TestProject.csproj::TargetFramework=net472]
D:\git\TUnit\TUnit.TestProject\SourceGeneratedViewer\TUnit.Core.SourceGenerator\TUnit.Core.SourceGenerator.Generators.TestMetadataGenerator\Tests3_Test_6278d9c86eb04348b28fa7f05f828795.g.cs(23,61): error CS0234: The type or namespace name 'UnsafeAccessorKind' does not exist in the namespace 'System.Runtime.CompilerServices' (are you missing an assembly reference?) [D:\git\TUnit\TUnit.TestProject\TUnit.TestProject.csproj::TargetFramework=net472]
D:\git\TUnit\TUnit.TestProject\SourceGeneratedViewer\TUnit.Core.SourceGenerator\TUnit.Core.SourceGenerator.Generators.TestMetadataGenerator\InheritedPropertySetterTests_Test_5b1bf3e884ad4619b2bd6d83cbdd8213.g.cs(53,46): error CS0234: The type or namespace name 'UnsafeAccessorAttribute' does not exist in the namespace 'System.Runtime.CompilerServices' (are you missing an assembly reference?) [D:\git\TUnit\TUnit.TestProject\TUnit.TestProject.csproj::TargetFramework=net472]
D:\git\TUnit\TUnit.TestProject\SourceGeneratedViewer\TUnit.Core.SourceGenerator\TUnit.Core.SourceGenerator.Generators.TestMetadataGenerator\InheritedPropertySetterTests_Test_5b1bf3e884ad4619b2bd6d83cbdd8213.g.cs(53,46): error CS0234: The type or namespace name 'UnsafeAccessor' does not exist in the namespace 'System.Runtime.CompilerServices' (are you missing an assembly reference?) [D:\git\TUnit\TUnit.TestProject\TUnit.TestProject.csproj::TargetFramework=net472]
D:\git\TUnit\TUnit.TestProject\SourceGeneratedViewer\TUnit.Core.SourceGenerator\TUnit.Core.SourceGenerator.Generators.TestMetadataGenerator\InheritedPropertySetterTests_Test_5b1bf3e884ad4619b2bd6d83cbdd8213.g.cs(53,61): error CS0234: The type or namespace name 'UnsafeAccessorKind' does not exist in the namespace 'System.Runtime.CompilerServices' (are you missing an assembly reference?) [D:\git\TUnit\TUnit.TestProject\TUnit.TestProject.csproj::TargetFramework=net472]

The build failed. Fix the build errors and run again.
