D:\git\TUnit\TestProject.props(29,9): warning MSB3061: Unable to delete file "D:\git\TUnit\TUnit.TestProject\SourceGeneratedViewer\TUnit.Core.SourceGenerator\TUnit.Core.SourceGenerator.Generators.TestMetadataGenerator\ArgumentWithImplicitConverterTests_Implicit_4a91938d246247a8b98bc791e11f9803.g.cs". Access to the path 'D:\git\TUnit\TUnit.TestProject\SourceGeneratedViewer\TUnit.Core.SourceGenerator\TUnit.Core.SourceGenerator.Generators.TestMetadataGenerator\ArgumentWithImplicitConverterTests_Implicit_4a91938d246247a8b98bc791e11f9803.g.cs' is denied.  [D:\git\TUnit\TUnit.TestProject\TUnit.TestProject.csproj::TargetFramework=net9.0]
D:\git\TUnit\TestProject.props(29,9): warning MSB3061: Unable to delete file "D:\git\TUnit\TUnit.TestProject\SourceGeneratedViewer\TUnit.Core.SourceGenerator\TUnit.Core.SourceGenerator.Generators.TestMetadataGenerator\ByteArgumentTests_Normal_69d8623b72d9482ba82fe817a22ea0cd.g.cs". Access to the path 'D:\git\TUnit\TUnit.TestProject\SourceGeneratedViewer\TUnit.Core.SourceGenerator\TUnit.Core.SourceGenerator.Generators.TestMetadataGenerator\ByteArgumentTests_Normal_69d8623b72d9482ba82fe817a22ea0cd.g.cs' is denied.  [D:\git\TUnit\TUnit.TestProject\TUnit.TestProject.csproj::TargetFramework=net472]
D:\git\TUnit\TestProject.props(29,9): warning MSB3061: Unable to delete file "D:\git\TUnit\TUnit.TestProject\SourceGeneratedViewer\TUnit.Core.SourceGenerator\TUnit.Core.SourceGenerator.Generators.TestMetadataGenerator\ConsoleConcurrentTests_Test2_596f5e3c246a4ecd930e6de487915afe.g.cs". Access to the path 'D:\git\TUnit\TUnit.TestProject\SourceGeneratedViewer\TUnit.Core.SourceGenerator\TUnit.Core.SourceGenerator.Generators.TestMetadataGenerator\ConsoleConcurrentTests_Test2_596f5e3c246a4ecd930e6de487915afe.g.cs' is denied.  [D:\git\TUnit\TUnit.TestProject\TUnit.TestProject.csproj::TargetFramework=net8.0]
D:\git\TUnit\TestProject.props(29,9): warning MSB3061: Unable to delete file "D:\git\TUnit\TUnit.TestProject\SourceGeneratedViewer\TUnit.Core.SourceGenerator\TUnit.Core.SourceGenerator.Generators.TestMetadataGenerator\ConsoleConcurrentTests_Test2_596f5e3c246a4ecd930e6de487915afe.g.cs". Access to the path 'D:\git\TUnit\TUnit.TestProject\SourceGeneratedViewer\TUnit.Core.SourceGenerator\TUnit.Core.SourceGenerator.Generators.TestMetadataGenerator\ConsoleConcurrentTests_Test2_596f5e3c246a4ecd930e6de487915afe.g.cs' is denied.  [D:\git\TUnit\TUnit.TestProject\TUnit.TestProject.csproj::TargetFramework=net472]
D:\git\TUnit\TestProject.props(29,9): warning MSB3061: Unable to delete file "D:\git\TUnit\TUnit.TestProject\SourceGeneratedViewer\TUnit.Core.SourceGenerator\TUnit.Core.SourceGenerator.Generators.TestMetadataGenerator\DataSourceGeneratorTests_GeneratedData_Method2_6e71557b97634064aa477730922256e0.g.cs". Access to the path 'D:\git\TUnit\TUnit.TestProject\SourceGeneratedViewer\TUnit.Core.SourceGenerator\TUnit.Core.SourceGenerator.Generators.TestMetadataGenerator\DataSourceGeneratorTests_GeneratedData_Method2_6e71557b97634064aa477730922256e0.g.cs' is denied.  [D:\git\TUnit\TUnit.TestProject\TUnit.TestProject.csproj::TargetFramework=net8.0]
D:\git\TUnit\TestProject.props(29,9): warning MSB3061: Unable to delete file "D:\git\TUnit\TUnit.TestProject\SourceGeneratedViewer\TUnit.Core.SourceGenerator\TUnit.Core.SourceGenerator.Generators.TestMetadataGenerator\DeepNestedDependencyConflict_Test8_bf349efaee0548509cf1d1b955cfc06b.g.cs". Access to the path 'D:\git\TUnit\TUnit.TestProject\SourceGeneratedViewer\TUnit.Core.SourceGenerator\TUnit.Core.SourceGenerator.Generators.TestMetadataGenerator\DeepNestedDependencyConflict_Test8_bf349efaee0548509cf1d1b955cfc06b.g.cs' is denied.  [D:\git\TUnit\TUnit.TestProject\TUnit.TestProject.csproj::TargetFramework=net9.0]
D:\git\TUnit\TestProject.props(29,9): warning MSB3061: Unable to delete file "D:\git\TUnit\TUnit.TestProject\SourceGeneratedViewer\TUnit.Core.SourceGenerator\TUnit.Core.SourceGenerator.Generators.TestMetadataGenerator\DependsOnWithBaseTests_BaseTest_12eee59c33b24f11ad27afa67b6a8ae6.g.cs". Access to the path 'D:\git\TUnit\TUnit.TestProject\SourceGeneratedViewer\TUnit.Core.SourceGenerator\TUnit.Core.SourceGenerator.Generators.TestMetadataGenerator\DependsOnWithBaseTests_BaseTest_12eee59c33b24f11ad27afa67b6a8ae6.g.cs' is denied.  [D:\git\TUnit\TUnit.TestProject\TUnit.TestProject.csproj::TargetFramework=net8.0]
D:\git\TUnit\TestProject.props(29,9): warning MSB3061: Unable to delete file "D:\git\TUnit\TUnit.TestProject\SourceGeneratedViewer\TUnit.Core.SourceGenerator\TUnit.Core.SourceGenerator.Generators.TestMetadataGenerator\DerivedTest_Test3_ba3bb2ef40374d73bc948e2a42173ded.g.cs". Access to the path 'D:\git\TUnit\TUnit.TestProject\SourceGeneratedViewer\TUnit.Core.SourceGenerator\TUnit.Core.SourceGenerator.Generators.TestMetadataGenerator\DerivedTest_Test3_ba3bb2ef40374d73bc948e2a42173ded.g.cs' is denied.  [D:\git\TUnit\TUnit.TestProject\TUnit.TestProject.csproj::TargetFramework=net9.0]
D:\git\TUnit\TestProject.props(29,9): warning MSB3061: Unable to delete file "D:\git\TUnit\TUnit.TestProject\SourceGeneratedViewer\TUnit.Core.SourceGenerator\TUnit.Core.SourceGenerator.Generators.TestMetadataGenerator\InjectNonSharedInstance_Test3_8959eac85c144076bebcd71a8a95b902.g.cs". Access to the path 'D:\git\TUnit\TUnit.TestProject\SourceGeneratedViewer\TUnit.Core.SourceGenerator\TUnit.Core.SourceGenerator.Generators.TestMetadataGenerator\InjectNonSharedInstance_Test3_8959eac85c144076bebcd71a8a95b902.g.cs' is denied.  [D:\git\TUnit\TUnit.TestProject\TUnit.TestProject.csproj::TargetFramework=net9.0]
D:\git\TUnit\TestProject.props(29,9): warning MSB3061: Unable to delete file "D:\git\TUnit\TUnit.TestProject\SourceGeneratedViewer\TUnit.Core.SourceGenerator\TUnit.Core.SourceGenerator.Generators.TestMetadataGenerator\InjectedClassDataSourceWithAsyncInitializerTests_Test2_834fc694bc23497dbf1cec8371bd189e.g.cs". Access to the path 'D:\git\TUnit\TUnit.TestProject\SourceGeneratedViewer\TUnit.Core.SourceGenerator\TUnit.Core.SourceGenerator.Generators.TestMetadataGenerator\InjectedClassDataSourceWithAsyncInitializerTests_Test2_834fc694bc23497dbf1cec8371bd189e.g.cs' is denied.  [D:\git\TUnit\TUnit.TestProject\TUnit.TestProject.csproj::TargetFramework=net472]
D:\git\TUnit\TestProject.props(29,9): warning MSB3061: Unable to delete file "D:\git\TUnit\TUnit.TestProject\SourceGeneratedViewer\TUnit.Core.SourceGenerator\TUnit.Core.SourceGenerator.Generators.TestMetadataGenerator\MatrixTests_Method4_1ab537635dd340c7b803fd15a74675df.g.cs". Access to the path 'D:\git\TUnit\TUnit.TestProject\SourceGeneratedViewer\TUnit.Core.SourceGenerator\TUnit.Core.SourceGenerator.Generators.TestMetadataGenerator\MatrixTests_Method4_1ab537635dd340c7b803fd15a74675df.g.cs' is denied.  [D:\git\TUnit\TUnit.TestProject\TUnit.TestProject.csproj::TargetFramework=net8.0]
D:\git\TUnit\TestProject.props(29,9): warning MSB3061: Unable to delete file "D:\git\TUnit\TUnit.TestProject\SourceGeneratedViewer\TUnit.Core.SourceGenerator\TUnit.Core.SourceGenerator.Generators.TestMetadataGenerator\MethodDataSourceDrivenTests_EnumerableFuncArrayTest_5fcf3b2bf99b4ded9c23d6b883af59f2.g.cs". Access to the path 'D:\git\TUnit\TUnit.TestProject\SourceGeneratedViewer\TUnit.Core.SourceGenerator\TUnit.Core.SourceGenerator.Generators.TestMetadataGenerator\MethodDataSourceDrivenTests_EnumerableFuncArrayTest_5fcf3b2bf99b4ded9c23d6b883af59f2.g.cs' is denied.  [D:\git\TUnit\TUnit.TestProject\TUnit.TestProject.csproj::TargetFramework=net472]
D:\git\TUnit\TestProject.props(29,9): warning MSB3061: Unable to delete file "D:\git\TUnit\TUnit.TestProject\SourceGeneratedViewer\TUnit.Core.SourceGenerator\TUnit.Core.SourceGenerator.Generators.TestMetadataGenerator\OrderedTests_AssertOrder_d432d58c52f74ad6bdeb600df026cb45.g.cs". Access to the path 'D:\git\TUnit\TUnit.TestProject\SourceGeneratedViewer\TUnit.Core.SourceGenerator\TUnit.Core.SourceGenerator.Generators.TestMetadataGenerator\OrderedTests_AssertOrder_d432d58c52f74ad6bdeb600df026cb45.g.cs' is denied.  [D:\git\TUnit\TUnit.TestProject\TUnit.TestProject.csproj::TargetFramework=net8.0]
D:\git\TUnit\TestProject.props(29,9): warning MSB3061: Unable to delete file "D:\git\TUnit\TUnit.TestProject\SourceGeneratedViewer\TUnit.Core.SourceGenerator\TUnit.Core.SourceGenerator.Generators.TestMetadataGenerator\ParallelTests_Parallel_Test3_d4f6131e185c4ba69e1cd9727a453a52.g.cs". Access to the path 'D:\git\TUnit\TUnit.TestProject\SourceGeneratedViewer\TUnit.Core.SourceGenerator\TUnit.Core.SourceGenerator.Generators.TestMetadataGenerator\ParallelTests_Parallel_Test3_d4f6131e185c4ba69e1cd9727a453a52.g.cs' is denied.  [D:\git\TUnit\TUnit.TestProject\TUnit.TestProject.csproj::TargetFramework=net9.0]
D:\git\TUnit\TestProject.props(29,9): warning MSB3061: Unable to delete file "D:\git\TUnit\TUnit.TestProject\SourceGeneratedViewer\TUnit.Core.SourceGenerator\TUnit.Core.SourceGenerator.Generators.TestMetadataGenerator\ReadTests_Test2_2d6b0a576e7343ddbc9fee6d573d3f7a.g.cs". Access to the path 'D:\git\TUnit\TUnit.TestProject\SourceGeneratedViewer\TUnit.Core.SourceGenerator\TUnit.Core.SourceGenerator.Generators.TestMetadataGenerator\ReadTests_Test2_2d6b0a576e7343ddbc9fee6d573d3f7a.g.cs' is denied.  [D:\git\TUnit\TUnit.TestProject\TUnit.TestProject.csproj::TargetFramework=net8.0]
D:\git\TUnit\TestProject.props(29,9): warning MSB3061: Unable to delete file "D:\git\TUnit\TUnit.TestProject\SourceGeneratedViewer\TUnit.Core.SourceGenerator\TUnit.Core.SourceGenerator.Generators.TestMetadataGenerator\ReturnTypeTests_Test4_185b222fc5544c289668a9ac29d6f2f1.g.cs". Access to the path 'D:\git\TUnit\TUnit.TestProject\SourceGeneratedViewer\TUnit.Core.SourceGenerator\TUnit.Core.SourceGenerator.Generators.TestMetadataGenerator\ReturnTypeTests_Test4_185b222fc5544c289668a9ac29d6f2f1.g.cs' is denied.  [D:\git\TUnit\TUnit.TestProject\TUnit.TestProject.csproj::TargetFramework=net9.0]
D:\git\TUnit\TestProject.props(29,9): warning MSB3061: Unable to delete file "D:\git\TUnit\TUnit.TestProject\SourceGeneratedViewer\TUnit.Core.SourceGenerator\TUnit.Core.SourceGenerator.Generators.TestMetadataGenerator\STAThreadTests_STA_WithSimpleAwait_71a8f38209b34093b19f234d073f88e2.g.cs". Access to the path 'D:\git\TUnit\TUnit.TestProject\SourceGeneratedViewer\TUnit.Core.SourceGenerator\TUnit.Core.SourceGenerator.Generators.TestMetadataGenerator\STAThreadTests_STA_WithSimpleAwait_71a8f38209b34093b19f234d073f88e2.g.cs' is denied.  [D:\git\TUnit\TUnit.TestProject\TUnit.TestProject.csproj::TargetFramework=net8.0]
D:\git\TUnit\TestProject.props(29,9): warning MSB3061: Unable to delete file "D:\git\TUnit\TUnit.TestProject\SourceGeneratedViewer\TUnit.Core.SourceGenerator\TUnit.Core.SourceGenerator.Generators.TestMetadataGenerator\Tests_LessThan_ea5d318c24074947b1a72b1158b59903.g.cs". Access to the path 'D:\git\TUnit\TUnit.TestProject\SourceGeneratedViewer\TUnit.Core.SourceGenerator\TUnit.Core.SourceGenerator.Generators.TestMetadataGenerator\Tests_LessThan_ea5d318c24074947b1a72b1158b59903.g.cs' is denied.  [D:\git\TUnit\TUnit.TestProject\TUnit.TestProject.csproj::TargetFramework=net472]
D:\git\TUnit\TestProject.props(29,9): warning MSB3061: Unable to delete file "D:\git\TUnit\TUnit.TestProject\SourceGeneratedViewer\TUnit.Core.SourceGenerator\TUnit.Core.SourceGenerator.Generators.TestMetadataGenerator\Tests_NullTest_696adc97a8db47b7980c5d7ccd083439.g.cs". Access to the path 'D:\git\TUnit\TUnit.TestProject\SourceGeneratedViewer\TUnit.Core.SourceGenerator\TUnit.Core.SourceGenerator.Generators.TestMetadataGenerator\Tests_NullTest_696adc97a8db47b7980c5d7ccd083439.g.cs' is denied.  [D:\git\TUnit\TUnit.TestProject\TUnit.TestProject.csproj::TargetFramework=net9.0]
D:\git\TUnit\TestProject.props(29,9): warning MSB3061: Unable to delete file "D:\git\TUnit\TUnit.TestProject\SourceGeneratedViewer\TUnit.Core.SourceGenerator\TUnit.Core.SourceGenerator.Generators.TestMetadataGenerator\Tests_TryParse_ValidString_ReturnsAccountId_a2c64879588143928dd4290dc7b74a52.g.cs". Access to the path 'D:\git\TUnit\TUnit.TestProject\SourceGeneratedViewer\TUnit.Core.SourceGenerator\TUnit.Core.SourceGenerator.Generators.TestMetadataGenerator\Tests_TryParse_ValidString_ReturnsAccountId_a2c64879588143928dd4290dc7b74a52.g.cs' is denied.  [D:\git\TUnit\TUnit.TestProject\TUnit.TestProject.csproj::TargetFramework=net472]
D:\git\TUnit\TestProject.props(29,9): warning MSB3061: Unable to delete file "D:\git\TUnit\TUnit.TestProject\SourceGeneratedViewer\TUnit.Core.SourceGenerator\TUnit.Core.SourceGenerator.Generators.TestMetadataGenerator\TupleDataSourceDrivenTests_DataSource_TupleMethod_1fdde0b98ea94871ad9259ce106b549b.g.cs". Access to the path 'D:\git\TUnit\TUnit.TestProject\SourceGeneratedViewer\TUnit.Core.SourceGenerator\TUnit.Core.SourceGenerator.Generators.TestMetadataGenerator\TupleDataSourceDrivenTests_DataSource_TupleMethod_1fdde0b98ea94871ad9259ce106b549b.g.cs' is denied.  [D:\git\TUnit\TUnit.TestProject\TUnit.TestProject.csproj::TargetFramework=net9.0]
C:\Users\thomh\.nuget\packages\system.text.encodings.web\9.0.6\buildTransitive\netcoreapp2.0\System.Text.Encodings.Web.targets(4,5): warning : System.Text.Encodings.Web 9.0.6 doesn't support net6.0 and has not been tested with it. Consider upgrading your TargetFramework to net8.0 or later. You may also set <SuppressTfmSupportBuildWarnings>true</SuppressTfmSupportBuildWarnings> in the project file to ignore this warning and attempt to run in this unsupported configuration at your own risk. [D:\git\TUnit\TUnit.TestProject.Library\TUnit.TestProject.Library.csproj::TargetFramework=net6.0]
C:\Users\thomh\.nuget\packages\system.io.pipelines\9.0.6\buildTransitive\netcoreapp2.0\System.IO.Pipelines.targets(4,5): warning : System.IO.Pipelines 9.0.6 doesn't support net6.0 and has not been tested with it. Consider upgrading your TargetFramework to net8.0 or later. You may also set <SuppressTfmSupportBuildWarnings>true</SuppressTfmSupportBuildWarnings> in the project file to ignore this warning and attempt to run in this unsupported configuration at your own risk. [D:\git\TUnit\TUnit.TestProject.Library\TUnit.TestProject.Library.csproj::TargetFramework=net6.0]
C:\Users\thomh\.nuget\packages\microsoft.bcl.asyncinterfaces\9.0.6\buildTransitive\netcoreapp2.0\Microsoft.Bcl.AsyncInterfaces.targets(4,5): warning : Microsoft.Bcl.AsyncInterfaces 9.0.6 doesn't support net6.0 and has not been tested with it. Consider upgrading your TargetFramework to net8.0 or later. You may also set <SuppressTfmSupportBuildWarnings>true</SuppressTfmSupportBuildWarnings> in the project file to ignore this warning and attempt to run in this unsupported configuration at your own risk. [D:\git\TUnit\TUnit.TestProject.Library\TUnit.TestProject.Library.csproj::TargetFramework=net6.0]
C:\Users\thomh\.nuget\packages\system.text.json\9.0.6\buildTransitive\netcoreapp2.0\System.Text.Json.targets(4,5): warning : System.Text.Json 9.0.6 doesn't support net6.0 and has not been tested with it. Consider upgrading your TargetFramework to net8.0 or later. You may also set <SuppressTfmSupportBuildWarnings>true</SuppressTfmSupportBuildWarnings> in the project file to ignore this warning and attempt to run in this unsupported configuration at your own risk. [D:\git\TUnit\TUnit.TestProject.Library\TUnit.TestProject.Library.csproj::TargetFramework=net6.0]
D:\git\TUnit\TUnit.TestProject\SourceGeneratedViewer\TUnit.Core.SourceGenerator\TUnit.Core.SourceGenerator.Generators.TestMetadataGenerator\Tests_EmptyThings_0af49b05063c44949d66d6248a677561.g.cs(23,46): error CS0234: The type or namespace name 'UnsafeAccessorAttribute' does not exist in the namespace 'System.Runtime.CompilerServices' (are you missing an assembly reference?) [D:\git\TUnit\TUnit.TestProject\TUnit.TestProject.csproj::TargetFramework=net472]
D:\git\TUnit\TUnit.TestProject\SourceGeneratedViewer\TUnit.Core.SourceGenerator\TUnit.Core.SourceGenerator.Generators.TestMetadataGenerator\Tests_EmptyThings_0af49b05063c44949d66d6248a677561.g.cs(23,46): error CS0234: The type or namespace name 'UnsafeAccessor' does not exist in the namespace 'System.Runtime.CompilerServices' (are you missing an assembly reference?) [D:\git\TUnit\TUnit.TestProject\TUnit.TestProject.csproj::TargetFramework=net472]
D:\git\TUnit\TUnit.TestProject\SourceGeneratedViewer\TUnit.Core.SourceGenerator\TUnit.Core.SourceGenerator.Generators.TestMetadataGenerator\Tests_EmptyThings_0af49b05063c44949d66d6248a677561.g.cs(23,61): error CS0234: The type or namespace name 'UnsafeAccessorKind' does not exist in the namespace 'System.Runtime.CompilerServices' (are you missing an assembly reference?) [D:\git\TUnit\TUnit.TestProject\TUnit.TestProject.csproj::TargetFramework=net472]
D:\git\TUnit\TUnit.TestProject\SourceGeneratedViewer\TUnit.Core.SourceGenerator\TUnit.Core.SourceGenerator.Generators.TestMetadataGenerator\BaseClass_Test_899b6d7126be42ccaebb2d3e326bd1b8.g.cs(23,46): error CS0234: The type or namespace name 'UnsafeAccessorAttribute' does not exist in the namespace 'System.Runtime.CompilerServices' (are you missing an assembly reference?) [D:\git\TUnit\TUnit.TestProject\TUnit.TestProject.csproj::TargetFramework=net472]
D:\git\TUnit\TUnit.TestProject\SourceGeneratedViewer\TUnit.Core.SourceGenerator\TUnit.Core.SourceGenerator.Generators.TestMetadataGenerator\BaseClass_Test_899b6d7126be42ccaebb2d3e326bd1b8.g.cs(23,46): error CS0234: The type or namespace name 'UnsafeAccessor' does not exist in the namespace 'System.Runtime.CompilerServices' (are you missing an assembly reference?) [D:\git\TUnit\TUnit.TestProject\TUnit.TestProject.csproj::TargetFramework=net472]
D:\git\TUnit\TUnit.TestProject\SourceGeneratedViewer\TUnit.Core.SourceGenerator\TUnit.Core.SourceGenerator.Generators.TestMetadataGenerator\BaseClass_Test_899b6d7126be42ccaebb2d3e326bd1b8.g.cs(23,61): error CS0234: The type or namespace name 'UnsafeAccessorKind' does not exist in the namespace 'System.Runtime.CompilerServices' (are you missing an assembly reference?) [D:\git\TUnit\TUnit.TestProject\TUnit.TestProject.csproj::TargetFramework=net472]
D:\git\TUnit\TUnit.TestProject\SourceGeneratedViewer\TUnit.Core.SourceGenerator\TUnit.Core.SourceGenerator.Generators.TestMetadataGenerator\BaseClass_Test_67efca1efc4e49a9ba276578cc7f5a36.g.cs(23,46): error CS0234: The type or namespace name 'UnsafeAccessorAttribute' does not exist in the namespace 'System.Runtime.CompilerServices' (are you missing an assembly reference?) [D:\git\TUnit\TUnit.TestProject\TUnit.TestProject.csproj::TargetFramework=net472]
D:\git\TUnit\TUnit.TestProject\SourceGeneratedViewer\TUnit.Core.SourceGenerator\TUnit.Core.SourceGenerator.Generators.TestMetadataGenerator\BaseClass_Test_67efca1efc4e49a9ba276578cc7f5a36.g.cs(23,46): error CS0234: The type or namespace name 'UnsafeAccessor' does not exist in the namespace 'System.Runtime.CompilerServices' (are you missing an assembly reference?) [D:\git\TUnit\TUnit.TestProject\TUnit.TestProject.csproj::TargetFramework=net472]
D:\git\TUnit\TUnit.TestProject\SourceGeneratedViewer\TUnit.Core.SourceGenerator\TUnit.Core.SourceGenerator.Generators.TestMetadataGenerator\BaseClass_Test_67efca1efc4e49a9ba276578cc7f5a36.g.cs(23,61): error CS0234: The type or namespace name 'UnsafeAccessorKind' does not exist in the namespace 'System.Runtime.CompilerServices' (are you missing an assembly reference?) [D:\git\TUnit\TUnit.TestProject\TUnit.TestProject.csproj::TargetFramework=net472]
D:\git\TUnit\TUnit.TestProject\SourceGeneratedViewer\TUnit.Core.SourceGenerator\TUnit.Core.SourceGenerator.Generators.TestMetadataGenerator\BaseClass_Test_70470057205746de91590f791bccad00.g.cs(23,46): error CS0234: The type or namespace name 'UnsafeAccessorAttribute' does not exist in the namespace 'System.Runtime.CompilerServices' (are you missing an assembly reference?) [D:\git\TUnit\TUnit.TestProject\TUnit.TestProject.csproj::TargetFramework=net472]
D:\git\TUnit\TUnit.TestProject\SourceGeneratedViewer\TUnit.Core.SourceGenerator\TUnit.Core.SourceGenerator.Generators.TestMetadataGenerator\BaseClass_Test_70470057205746de91590f791bccad00.g.cs(23,46): error CS0234: The type or namespace name 'UnsafeAccessor' does not exist in the namespace 'System.Runtime.CompilerServices' (are you missing an assembly reference?) [D:\git\TUnit\TUnit.TestProject\TUnit.TestProject.csproj::TargetFramework=net472]
D:\git\TUnit\TUnit.TestProject\SourceGeneratedViewer\TUnit.Core.SourceGenerator\TUnit.Core.SourceGenerator.Generators.TestMetadataGenerator\BaseClass_Test_70470057205746de91590f791bccad00.g.cs(23,61): error CS0234: The type or namespace name 'UnsafeAccessorKind' does not exist in the namespace 'System.Runtime.CompilerServices' (are you missing an assembly reference?) [D:\git\TUnit\TUnit.TestProject\TUnit.TestProject.csproj::TargetFramework=net472]
D:\git\TUnit\TUnit.TestProject\SourceGeneratedViewer\TUnit.Core.SourceGenerator\TUnit.Core.SourceGenerator.Generators.TestMetadataGenerator\BaseClass_Test_60495e1db28844eca5f7ecd883c018a4.g.cs(23,46): error CS0234: The type or namespace name 'UnsafeAccessorAttribute' does not exist in the namespace 'System.Runtime.CompilerServices' (are you missing an assembly reference?) [D:\git\TUnit\TUnit.TestProject\TUnit.TestProject.csproj::TargetFramework=net472]
D:\git\TUnit\TUnit.TestProject\SourceGeneratedViewer\TUnit.Core.SourceGenerator\TUnit.Core.SourceGenerator.Generators.TestMetadataGenerator\BaseClass_Test_60495e1db28844eca5f7ecd883c018a4.g.cs(23,46): error CS0234: The type or namespace name 'UnsafeAccessor' does not exist in the namespace 'System.Runtime.CompilerServices' (are you missing an assembly reference?) [D:\git\TUnit\TUnit.TestProject\TUnit.TestProject.csproj::TargetFramework=net472]
D:\git\TUnit\TUnit.TestProject\SourceGeneratedViewer\TUnit.Core.SourceGenerator\TUnit.Core.SourceGenerator.Generators.TestMetadataGenerator\BaseClass_Test_60495e1db28844eca5f7ecd883c018a4.g.cs(23,61): error CS0234: The type or namespace name 'UnsafeAccessorKind' does not exist in the namespace 'System.Runtime.CompilerServices' (are you missing an assembly reference?) [D:\git\TUnit\TUnit.TestProject\TUnit.TestProject.csproj::TargetFramework=net472]
D:\git\TUnit\TUnit.TestProject\SourceGeneratedViewer\TUnit.Core.SourceGenerator\TUnit.Core.SourceGenerator.Generators.TestMetadataGenerator\BaseClass_Test_b0b2967bbdc54e189ad8da330040405e.g.cs(23,46): error CS0234: The type or namespace name 'UnsafeAccessorAttribute' does not exist in the namespace 'System.Runtime.CompilerServices' (are you missing an assembly reference?) [D:\git\TUnit\TUnit.TestProject\TUnit.TestProject.csproj::TargetFramework=net472]
D:\git\TUnit\TUnit.TestProject\SourceGeneratedViewer\TUnit.Core.SourceGenerator\TUnit.Core.SourceGenerator.Generators.TestMetadataGenerator\BaseClass_Test_b0b2967bbdc54e189ad8da330040405e.g.cs(23,46): error CS0234: The type or namespace name 'UnsafeAccessor' does not exist in the namespace 'System.Runtime.CompilerServices' (are you missing an assembly reference?) [D:\git\TUnit\TUnit.TestProject\TUnit.TestProject.csproj::TargetFramework=net472]
D:\git\TUnit\TUnit.TestProject\SourceGeneratedViewer\TUnit.Core.SourceGenerator\TUnit.Core.SourceGenerator.Generators.TestMetadataGenerator\BaseClass_Test_b0b2967bbdc54e189ad8da330040405e.g.cs(23,61): error CS0234: The type or namespace name 'UnsafeAccessorKind' does not exist in the namespace 'System.Runtime.CompilerServices' (are you missing an assembly reference?) [D:\git\TUnit\TUnit.TestProject\TUnit.TestProject.csproj::TargetFramework=net472]
D:\git\TUnit\TUnit.TestProject\SourceGeneratedViewer\TUnit.Core.SourceGenerator\TUnit.Core.SourceGenerator.Generators.TestMetadataGenerator\ClassTupleDataSourceDrivenTests_DataSource_TupleMethod_b02ee6ff037f4d2ab56bda9fa5144d87.g.cs(23,46): error CS0234: The type or namespace name 'UnsafeAccessorAttribute' does not exist in the namespace 'System.Runtime.CompilerServices' (are you missing an assembly reference?) [D:\git\TUnit\TUnit.TestProject\TUnit.TestProject.csproj::TargetFramework=net472]
D:\git\TUnit\TUnit.TestProject\SourceGeneratedViewer\TUnit.Core.SourceGenerator\TUnit.Core.SourceGenerator.Generators.TestMetadataGenerator\ClassTupleDataSourceDrivenTests_DataSource_TupleMethod_b02ee6ff037f4d2ab56bda9fa5144d87.g.cs(23,46): error CS0234: The type or namespace name 'UnsafeAccessor' does not exist in the namespace 'System.Runtime.CompilerServices' (are you missing an assembly reference?) [D:\git\TUnit\TUnit.TestProject\TUnit.TestProject.csproj::TargetFramework=net472]
D:\git\TUnit\TUnit.TestProject\SourceGeneratedViewer\TUnit.Core.SourceGenerator\TUnit.Core.SourceGenerator.Generators.TestMetadataGenerator\ClassTupleDataSourceDrivenTests_DataSource_TupleMethod_b02ee6ff037f4d2ab56bda9fa5144d87.g.cs(23,61): error CS0234: The type or namespace name 'UnsafeAccessorKind' does not exist in the namespace 'System.Runtime.CompilerServices' (are you missing an assembly reference?) [D:\git\TUnit\TUnit.TestProject\TUnit.TestProject.csproj::TargetFramework=net472]
D:\git\TUnit\TUnit.TestProject\SourceGeneratedViewer\TUnit.Core.SourceGenerator\TUnit.Core.SourceGenerator.Generators.TestMetadataGenerator\ClassTupleDataSourceDrivenTests_DataSource_TupleMethod_b02ee6ff037f4d2ab56bda9fa5144d87.g.cs(28,46): error CS0234: The type or namespace name 'UnsafeAccessorAttribute' does not exist in the namespace 'System.Runtime.CompilerServices' (are you missing an assembly reference?) [D:\git\TUnit\TUnit.TestProject\TUnit.TestProject.csproj::TargetFramework=net472]
D:\git\TUnit\TUnit.TestProject\SourceGeneratedViewer\TUnit.Core.SourceGenerator\TUnit.Core.SourceGenerator.Generators.TestMetadataGenerator\ClassTupleDataSourceDrivenTests_DataSource_TupleMethod_b02ee6ff037f4d2ab56bda9fa5144d87.g.cs(28,46): error CS0234: The type or namespace name 'UnsafeAccessor' does not exist in the namespace 'System.Runtime.CompilerServices' (are you missing an assembly reference?) [D:\git\TUnit\TUnit.TestProject\TUnit.TestProject.csproj::TargetFramework=net472]
D:\git\TUnit\TUnit.TestProject\SourceGeneratedViewer\TUnit.Core.SourceGenerator\TUnit.Core.SourceGenerator.Generators.TestMetadataGenerator\ClassTupleDataSourceDrivenTests_DataSource_TupleMethod_b02ee6ff037f4d2ab56bda9fa5144d87.g.cs(28,61): error CS0234: The type or namespace name 'UnsafeAccessorKind' does not exist in the namespace 'System.Runtime.CompilerServices' (are you missing an assembly reference?) [D:\git\TUnit\TUnit.TestProject\TUnit.TestProject.csproj::TargetFramework=net472]
D:\git\TUnit\TUnit.TestProject\SourceGeneratedViewer\TUnit.Core.SourceGenerator\TUnit.Core.SourceGenerator.Generators.TestMetadataGenerator\ClassTupleDataSourceDrivenTests_DataSource_TupleMethod_b02ee6ff037f4d2ab56bda9fa5144d87.g.cs(33,46): error CS0234: The type or namespace name 'UnsafeAccessorAttribute' does not exist in the namespace 'System.Runtime.CompilerServices' (are you missing an assembly reference?) [D:\git\TUnit\TUnit.TestProject\TUnit.TestProject.csproj::TargetFramework=net472]
D:\git\TUnit\TUnit.TestProject\SourceGeneratedViewer\TUnit.Core.SourceGenerator\TUnit.Core.SourceGenerator.Generators.TestMetadataGenerator\ClassTupleDataSourceDrivenTests_DataSource_TupleMethod_b02ee6ff037f4d2ab56bda9fa5144d87.g.cs(33,46): error CS0234: The type or namespace name 'UnsafeAccessor' does not exist in the namespace 'System.Runtime.CompilerServices' (are you missing an assembly reference?) [D:\git\TUnit\TUnit.TestProject\TUnit.TestProject.csproj::TargetFramework=net472]
D:\git\TUnit\TUnit.TestProject\SourceGeneratedViewer\TUnit.Core.SourceGenerator\TUnit.Core.SourceGenerator.Generators.TestMetadataGenerator\ClassTupleDataSourceDrivenTests_DataSource_TupleMethod_b02ee6ff037f4d2ab56bda9fa5144d87.g.cs(33,61): error CS0234: The type or namespace name 'UnsafeAccessorKind' does not exist in the namespace 'System.Runtime.CompilerServices' (are you missing an assembly reference?) [D:\git\TUnit\TUnit.TestProject\TUnit.TestProject.csproj::TargetFramework=net472]
D:\git\TUnit\TUnit.TestProject\SourceGeneratedViewer\TUnit.Core.SourceGenerator\TUnit.Core.SourceGenerator.Generators.TestMetadataGenerator\ClassTupleDataSourceDrivenTests_DataSource_TupleMethod_b02ee6ff037f4d2ab56bda9fa5144d87.g.cs(38,46): error CS0234: The type or namespace name 'UnsafeAccessorAttribute' does not exist in the namespace 'System.Runtime.CompilerServices' (are you missing an assembly reference?) [D:\git\TUnit\TUnit.TestProject\TUnit.TestProject.csproj::TargetFramework=net472]
D:\git\TUnit\TUnit.TestProject\SourceGeneratedViewer\TUnit.Core.SourceGenerator\TUnit.Core.SourceGenerator.Generators.TestMetadataGenerator\ClassTupleDataSourceDrivenTests_DataSource_TupleMethod_b02ee6ff037f4d2ab56bda9fa5144d87.g.cs(38,46): error CS0234: The type or namespace name 'UnsafeAccessor' does not exist in the namespace 'System.Runtime.CompilerServices' (are you missing an assembly reference?) [D:\git\TUnit\TUnit.TestProject\TUnit.TestProject.csproj::TargetFramework=net472]
D:\git\TUnit\TUnit.TestProject\SourceGeneratedViewer\TUnit.Core.SourceGenerator\TUnit.Core.SourceGenerator.Generators.TestMetadataGenerator\ClassTupleDataSourceDrivenTests_DataSource_TupleMethod_b02ee6ff037f4d2ab56bda9fa5144d87.g.cs(38,61): error CS0234: The type or namespace name 'UnsafeAccessorKind' does not exist in the namespace 'System.Runtime.CompilerServices' (are you missing an assembly reference?) [D:\git\TUnit\TUnit.TestProject\TUnit.TestProject.csproj::TargetFramework=net472]
D:\git\TUnit\TUnit.TestProject\SourceGeneratedViewer\TUnit.Core.SourceGenerator\TUnit.Core.SourceGenerator.Generators.TestMetadataGenerator\PropertySetterTests_Test_f730db51bbc14e5a83a7abe0f35b249e.g.cs(23,46): error CS0234: The type or namespace name 'UnsafeAccessorAttribute' does not exist in the namespace 'System.Runtime.CompilerServices' (are you missing an assembly reference?) [D:\git\TUnit\TUnit.TestProject\TUnit.TestProject.csproj::TargetFramework=net472]
D:\git\TUnit\TUnit.TestProject\SourceGeneratedViewer\TUnit.Core.SourceGenerator\TUnit.Core.SourceGenerator.Generators.TestMetadataGenerator\PropertySetterTests_Test_f730db51bbc14e5a83a7abe0f35b249e.g.cs(23,46): error CS0234: The type or namespace name 'UnsafeAccessor' does not exist in the namespace 'System.Runtime.CompilerServices' (are you missing an assembly reference?) [D:\git\TUnit\TUnit.TestProject\TUnit.TestProject.csproj::TargetFramework=net472]
D:\git\TUnit\TUnit.TestProject\SourceGeneratedViewer\TUnit.Core.SourceGenerator\TUnit.Core.SourceGenerator.Generators.TestMetadataGenerator\PropertySetterTests_Test_f730db51bbc14e5a83a7abe0f35b249e.g.cs(23,61): error CS0234: The type or namespace name 'UnsafeAccessorKind' does not exist in the namespace 'System.Runtime.CompilerServices' (are you missing an assembly reference?) [D:\git\TUnit\TUnit.TestProject\TUnit.TestProject.csproj::TargetFramework=net472]
D:\git\TUnit\TUnit.TestProject\SourceGeneratedViewer\TUnit.Core.SourceGenerator\TUnit.Core.SourceGenerator.Generators.TestMetadataGenerator\PropertySetterTests_Test_f730db51bbc14e5a83a7abe0f35b249e.g.cs(28,46): error CS0234: The type or namespace name 'UnsafeAccessorAttribute' does not exist in the namespace 'System.Runtime.CompilerServices' (are you missing an assembly reference?) [D:\git\TUnit\TUnit.TestProject\TUnit.TestProject.csproj::TargetFramework=net472]
D:\git\TUnit\TUnit.TestProject\SourceGeneratedViewer\TUnit.Core.SourceGenerator\TUnit.Core.SourceGenerator.Generators.TestMetadataGenerator\PropertySetterTests_Test_f730db51bbc14e5a83a7abe0f35b249e.g.cs(28,46): error CS0234: The type or namespace name 'UnsafeAccessor' does not exist in the namespace 'System.Runtime.CompilerServices' (are you missing an assembly reference?) [D:\git\TUnit\TUnit.TestProject\TUnit.TestProject.csproj::TargetFramework=net472]
D:\git\TUnit\TUnit.TestProject\SourceGeneratedViewer\TUnit.Core.SourceGenerator\TUnit.Core.SourceGenerator.Generators.TestMetadataGenerator\PropertySetterTests_Test_f730db51bbc14e5a83a7abe0f35b249e.g.cs(28,61): error CS0234: The type or namespace name 'UnsafeAccessorKind' does not exist in the namespace 'System.Runtime.CompilerServices' (are you missing an assembly reference?) [D:\git\TUnit\TUnit.TestProject\TUnit.TestProject.csproj::TargetFramework=net472]
D:\git\TUnit\TUnit.TestProject\SourceGeneratedViewer\TUnit.Core.SourceGenerator\TUnit.Core.SourceGenerator.Generators.TestMetadataGenerator\PropertySetterTests_Test_f730db51bbc14e5a83a7abe0f35b249e.g.cs(33,46): error CS0234: The type or namespace name 'UnsafeAccessorAttribute' does not exist in the namespace 'System.Runtime.CompilerServices' (are you missing an assembly reference?) [D:\git\TUnit\TUnit.TestProject\TUnit.TestProject.csproj::TargetFramework=net472]
D:\git\TUnit\TUnit.TestProject\SourceGeneratedViewer\TUnit.Core.SourceGenerator\TUnit.Core.SourceGenerator.Generators.TestMetadataGenerator\PropertySetterTests_Test_f730db51bbc14e5a83a7abe0f35b249e.g.cs(33,46): error CS0234: The type or namespace name 'UnsafeAccessor' does not exist in the namespace 'System.Runtime.CompilerServices' (are you missing an assembly reference?) [D:\git\TUnit\TUnit.TestProject\TUnit.TestProject.csproj::TargetFramework=net472]
D:\git\TUnit\TUnit.TestProject\SourceGeneratedViewer\TUnit.Core.SourceGenerator\TUnit.Core.SourceGenerator.Generators.TestMetadataGenerator\PropertySetterTests_Test_f730db51bbc14e5a83a7abe0f35b249e.g.cs(33,61): error CS0234: The type or namespace name 'UnsafeAccessorKind' does not exist in the namespace 'System.Runtime.CompilerServices' (are you missing an assembly reference?) [D:\git\TUnit\TUnit.TestProject\TUnit.TestProject.csproj::TargetFramework=net472]
D:\git\TUnit\TUnit.TestProject\SourceGeneratedViewer\TUnit.Core.SourceGenerator\TUnit.Core.SourceGenerator.Generators.TestMetadataGenerator\PropertySetterTests_Test_f730db51bbc14e5a83a7abe0f35b249e.g.cs(38,46): error CS0234: The type or namespace name 'UnsafeAccessorAttribute' does not exist in the namespace 'System.Runtime.CompilerServices' (are you missing an assembly reference?) [D:\git\TUnit\TUnit.TestProject\TUnit.TestProject.csproj::TargetFramework=net472]
D:\git\TUnit\TUnit.TestProject\SourceGeneratedViewer\TUnit.Core.SourceGenerator\TUnit.Core.SourceGenerator.Generators.TestMetadataGenerator\PropertySetterTests_Test_f730db51bbc14e5a83a7abe0f35b249e.g.cs(38,46): error CS0234: The type or namespace name 'UnsafeAccessor' does not exist in the namespace 'System.Runtime.CompilerServices' (are you missing an assembly reference?) [D:\git\TUnit\TUnit.TestProject\TUnit.TestProject.csproj::TargetFramework=net472]
D:\git\TUnit\TUnit.TestProject\SourceGeneratedViewer\TUnit.Core.SourceGenerator\TUnit.Core.SourceGenerator.Generators.TestMetadataGenerator\PropertySetterTests_Test_f730db51bbc14e5a83a7abe0f35b249e.g.cs(38,61): error CS0234: The type or namespace name 'UnsafeAccessorKind' does not exist in the namespace 'System.Runtime.CompilerServices' (are you missing an assembly reference?) [D:\git\TUnit\TUnit.TestProject\TUnit.TestProject.csproj::TargetFramework=net472]
D:\git\TUnit\TUnit.TestProject\SourceGeneratedViewer\TUnit.Core.SourceGenerator\TUnit.Core.SourceGenerator.Generators.TestMetadataGenerator\PropertySetterTests_Test_f730db51bbc14e5a83a7abe0f35b249e.g.cs(43,46): error CS0234: The type or namespace name 'UnsafeAccessorAttribute' does not exist in the namespace 'System.Runtime.CompilerServices' (are you missing an assembly reference?) [D:\git\TUnit\TUnit.TestProject\TUnit.TestProject.csproj::TargetFramework=net472]
D:\git\TUnit\TUnit.TestProject\SourceGeneratedViewer\TUnit.Core.SourceGenerator\TUnit.Core.SourceGenerator.Generators.TestMetadataGenerator\PropertySetterTests_Test_f730db51bbc14e5a83a7abe0f35b249e.g.cs(43,46): error CS0234: The type or namespace name 'UnsafeAccessor' does not exist in the namespace 'System.Runtime.CompilerServices' (are you missing an assembly reference?) [D:\git\TUnit\TUnit.TestProject\TUnit.TestProject.csproj::TargetFramework=net472]
D:\git\TUnit\TUnit.TestProject\SourceGeneratedViewer\TUnit.Core.SourceGenerator\TUnit.Core.SourceGenerator.Generators.TestMetadataGenerator\PropertySetterTests_Test_f730db51bbc14e5a83a7abe0f35b249e.g.cs(43,61): error CS0234: The type or namespace name 'UnsafeAccessorKind' does not exist in the namespace 'System.Runtime.CompilerServices' (are you missing an assembly reference?) [D:\git\TUnit\TUnit.TestProject\TUnit.TestProject.csproj::TargetFramework=net472]
D:\git\TUnit\TUnit.TestProject\SourceGeneratedViewer\TUnit.Core.SourceGenerator\TUnit.Core.SourceGenerator.Generators.TestMetadataGenerator\PropertySetterTests_Test_f730db51bbc14e5a83a7abe0f35b249e.g.cs(48,46): error CS0234: The type or namespace name 'UnsafeAccessorAttribute' does not exist in the namespace 'System.Runtime.CompilerServices' (are you missing an assembly reference?) [D:\git\TUnit\TUnit.TestProject\TUnit.TestProject.csproj::TargetFramework=net472]
D:\git\TUnit\TUnit.TestProject\SourceGeneratedViewer\TUnit.Core.SourceGenerator\TUnit.Core.SourceGenerator.Generators.TestMetadataGenerator\PropertySetterTests_Test_f730db51bbc14e5a83a7abe0f35b249e.g.cs(48,46): error CS0234: The type or namespace name 'UnsafeAccessor' does not exist in the namespace 'System.Runtime.CompilerServices' (are you missing an assembly reference?) [D:\git\TUnit\TUnit.TestProject\TUnit.TestProject.csproj::TargetFramework=net472]
D:\git\TUnit\TUnit.TestProject\SourceGeneratedViewer\TUnit.Core.SourceGenerator\TUnit.Core.SourceGenerator.Generators.TestMetadataGenerator\PropertySetterTests_Test_f730db51bbc14e5a83a7abe0f35b249e.g.cs(48,61): error CS0234: The type or namespace name 'UnsafeAccessorKind' does not exist in the namespace 'System.Runtime.CompilerServices' (are you missing an assembly reference?) [D:\git\TUnit\TUnit.TestProject\TUnit.TestProject.csproj::TargetFramework=net472]
D:\git\TUnit\TUnit.TestProject\SourceGeneratedViewer\TUnit.Core.SourceGenerator\TUnit.Core.SourceGenerator.Generators.TestMetadataGenerator\PropertySetterTests_Test_f730db51bbc14e5a83a7abe0f35b249e.g.cs(53,46): error CS0234: The type or namespace name 'UnsafeAccessorAttribute' does not exist in the namespace 'System.Runtime.CompilerServices' (are you missing an assembly reference?) [D:\git\TUnit\TUnit.TestProject\TUnit.TestProject.csproj::TargetFramework=net472]
D:\git\TUnit\TUnit.TestProject\SourceGeneratedViewer\TUnit.Core.SourceGenerator\TUnit.Core.SourceGenerator.Generators.TestMetadataGenerator\PropertySetterTests_Test_f730db51bbc14e5a83a7abe0f35b249e.g.cs(53,46): error CS0234: The type or namespace name 'UnsafeAccessor' does not exist in the namespace 'System.Runtime.CompilerServices' (are you missing an assembly reference?) [D:\git\TUnit\TUnit.TestProject\TUnit.TestProject.csproj::TargetFramework=net472]
D:\git\TUnit\TUnit.TestProject\SourceGeneratedViewer\TUnit.Core.SourceGenerator\TUnit.Core.SourceGenerator.Generators.TestMetadataGenerator\PropertySetterTests_Test_f730db51bbc14e5a83a7abe0f35b249e.g.cs(53,61): error CS0234: The type or namespace name 'UnsafeAccessorKind' does not exist in the namespace 'System.Runtime.CompilerServices' (are you missing an assembly reference?) [D:\git\TUnit\TUnit.TestProject\TUnit.TestProject.csproj::TargetFramework=net472]
D:\git\TUnit\TUnit.TestProject\SourceGeneratedViewer\TUnit.Core.SourceGenerator\TUnit.Core.SourceGenerator.Generators.TestMetadataGenerator\Tests2_Test_34b53827cf164ad8b36526517d3f93f7.g.cs(23,46): error CS0234: The type or namespace name 'UnsafeAccessorAttribute' does not exist in the namespace 'System.Runtime.CompilerServices' (are you missing an assembly reference?) [D:\git\TUnit\TUnit.TestProject\TUnit.TestProject.csproj::TargetFramework=net472]
D:\git\TUnit\TUnit.TestProject\SourceGeneratedViewer\TUnit.Core.SourceGenerator\TUnit.Core.SourceGenerator.Generators.TestMetadataGenerator\Tests2_Test_34b53827cf164ad8b36526517d3f93f7.g.cs(23,46): error CS0234: The type or namespace name 'UnsafeAccessor' does not exist in the namespace 'System.Runtime.CompilerServices' (are you missing an assembly reference?) [D:\git\TUnit\TUnit.TestProject\TUnit.TestProject.csproj::TargetFramework=net472]
D:\git\TUnit\TUnit.TestProject\SourceGeneratedViewer\TUnit.Core.SourceGenerator\TUnit.Core.SourceGenerator.Generators.TestMetadataGenerator\Tests2_Test_34b53827cf164ad8b36526517d3f93f7.g.cs(23,61): error CS0234: The type or namespace name 'UnsafeAccessorKind' does not exist in the namespace 'System.Runtime.CompilerServices' (are you missing an assembly reference?) [D:\git\TUnit\TUnit.TestProject\TUnit.TestProject.csproj::TargetFramework=net472]
D:\git\TUnit\TUnit.TestProject\SourceGeneratedViewer\TUnit.Core.SourceGenerator\TUnit.Core.SourceGenerator.Generators.TestMetadataGenerator\Tests_Test_d2f813bf8fe044168cd1055846853466.g.cs(23,46): error CS0234: The type or namespace name 'UnsafeAccessorAttribute' does not exist in the namespace 'System.Runtime.CompilerServices' (are you missing an assembly reference?) [D:\git\TUnit\TUnit.TestProject\TUnit.TestProject.csproj::TargetFramework=net472]
D:\git\TUnit\TUnit.TestProject\SourceGeneratedViewer\TUnit.Core.SourceGenerator\TUnit.Core.SourceGenerator.Generators.TestMetadataGenerator\Tests_Test_d2f813bf8fe044168cd1055846853466.g.cs(23,46): error CS0234: The type or namespace name 'UnsafeAccessor' does not exist in the namespace 'System.Runtime.CompilerServices' (are you missing an assembly reference?) [D:\git\TUnit\TUnit.TestProject\TUnit.TestProject.csproj::TargetFramework=net472]
D:\git\TUnit\TUnit.TestProject\SourceGeneratedViewer\TUnit.Core.SourceGenerator\TUnit.Core.SourceGenerator.Generators.TestMetadataGenerator\Tests_Test_d2f813bf8fe044168cd1055846853466.g.cs(23,61): error CS0234: The type or namespace name 'UnsafeAccessorKind' does not exist in the namespace 'System.Runtime.CompilerServices' (are you missing an assembly reference?) [D:\git\TUnit\TUnit.TestProject\TUnit.TestProject.csproj::TargetFramework=net472]
D:\git\TUnit\TUnit.TestProject\SourceGeneratedViewer\TUnit.Core.SourceGenerator\TUnit.Core.SourceGenerator.Generators.TestMetadataGenerator\Tests_Test_df93d0f210c64659b3bd2a20afa4547d.g.cs(23,46): error CS0234: The type or namespace name 'UnsafeAccessorAttribute' does not exist in the namespace 'System.Runtime.CompilerServices' (are you missing an assembly reference?) [D:\git\TUnit\TUnit.TestProject\TUnit.TestProject.csproj::TargetFramework=net472]
D:\git\TUnit\TUnit.TestProject\SourceGeneratedViewer\TUnit.Core.SourceGenerator\TUnit.Core.SourceGenerator.Generators.TestMetadataGenerator\Tests_Test_df93d0f210c64659b3bd2a20afa4547d.g.cs(23,46): error CS0234: The type or namespace name 'UnsafeAccessor' does not exist in the namespace 'System.Runtime.CompilerServices' (are you missing an assembly reference?) [D:\git\TUnit\TUnit.TestProject\TUnit.TestProject.csproj::TargetFramework=net472]
D:\git\TUnit\TUnit.TestProject\SourceGeneratedViewer\TUnit.Core.SourceGenerator\TUnit.Core.SourceGenerator.Generators.TestMetadataGenerator\Tests_Test_df93d0f210c64659b3bd2a20afa4547d.g.cs(23,61): error CS0234: The type or namespace name 'UnsafeAccessorKind' does not exist in the namespace 'System.Runtime.CompilerServices' (are you missing an assembly reference?) [D:\git\TUnit\TUnit.TestProject\TUnit.TestProject.csproj::TargetFramework=net472]
D:\git\TUnit\TUnit.TestProject\SourceGeneratedViewer\TUnit.Core.SourceGenerator\TUnit.Core.SourceGenerator.Generators.TestMetadataGenerator\Tests2_Test_6954ceb71d1f4bc98abafd9146be9b46.g.cs(23,46): error CS0234: The type or namespace name 'UnsafeAccessorAttribute' does not exist in the namespace 'System.Runtime.CompilerServices' (are you missing an assembly reference?) [D:\git\TUnit\TUnit.TestProject\TUnit.TestProject.csproj::TargetFramework=net472]
D:\git\TUnit\TUnit.TestProject\SourceGeneratedViewer\TUnit.Core.SourceGenerator\TUnit.Core.SourceGenerator.Generators.TestMetadataGenerator\Tests2_Test_6954ceb71d1f4bc98abafd9146be9b46.g.cs(23,46): error CS0234: The type or namespace name 'UnsafeAccessor' does not exist in the namespace 'System.Runtime.CompilerServices' (are you missing an assembly reference?) [D:\git\TUnit\TUnit.TestProject\TUnit.TestProject.csproj::TargetFramework=net472]
D:\git\TUnit\TUnit.TestProject\SourceGeneratedViewer\TUnit.Core.SourceGenerator\TUnit.Core.SourceGenerator.Generators.TestMetadataGenerator\Tests2_Test_6954ceb71d1f4bc98abafd9146be9b46.g.cs(23,61): error CS0234: The type or namespace name 'UnsafeAccessorKind' does not exist in the namespace 'System.Runtime.CompilerServices' (are you missing an assembly reference?) [D:\git\TUnit\TUnit.TestProject\TUnit.TestProject.csproj::TargetFramework=net472]
D:\git\TUnit\TUnit.TestProject\SourceGeneratedViewer\TUnit.Core.SourceGenerator\TUnit.Core.SourceGenerator.Generators.TestMetadataGenerator\Tests3_Test_e74ae8ee5fe74f4ca97e3d6db08520af.g.cs(23,46): error CS0234: The type or namespace name 'UnsafeAccessorAttribute' does not exist in the namespace 'System.Runtime.CompilerServices' (are you missing an assembly reference?) [D:\git\TUnit\TUnit.TestProject\TUnit.TestProject.csproj::TargetFramework=net472]
D:\git\TUnit\TUnit.TestProject\SourceGeneratedViewer\TUnit.Core.SourceGenerator\TUnit.Core.SourceGenerator.Generators.TestMetadataGenerator\Tests3_Test_e74ae8ee5fe74f4ca97e3d6db08520af.g.cs(23,46): error CS0234: The type or namespace name 'UnsafeAccessor' does not exist in the namespace 'System.Runtime.CompilerServices' (are you missing an assembly reference?) [D:\git\TUnit\TUnit.TestProject\TUnit.TestProject.csproj::TargetFramework=net472]
D:\git\TUnit\TUnit.TestProject\SourceGeneratedViewer\TUnit.Core.SourceGenerator\TUnit.Core.SourceGenerator.Generators.TestMetadataGenerator\Tests3_Test_e74ae8ee5fe74f4ca97e3d6db08520af.g.cs(23,61): error CS0234: The type or namespace name 'UnsafeAccessorKind' does not exist in the namespace 'System.Runtime.CompilerServices' (are you missing an assembly reference?) [D:\git\TUnit\TUnit.TestProject\TUnit.TestProject.csproj::TargetFramework=net472]
D:\git\TUnit\TUnit.TestProject\SourceGeneratedViewer\TUnit.Core.SourceGenerator\TUnit.Core.SourceGenerator.Generators.TestMetadataGenerator\Tests2_Test_51ebf1ea01bd48889d86c49a1f87a6fb.g.cs(23,46): error CS0234: The type or namespace name 'UnsafeAccessorAttribute' does not exist in the namespace 'System.Runtime.CompilerServices' (are you missing an assembly reference?) [D:\git\TUnit\TUnit.TestProject\TUnit.TestProject.csproj::TargetFramework=net472]
D:\git\TUnit\TUnit.TestProject\SourceGeneratedViewer\TUnit.Core.SourceGenerator\TUnit.Core.SourceGenerator.Generators.TestMetadataGenerator\Tests2_Test_51ebf1ea01bd48889d86c49a1f87a6fb.g.cs(23,46): error CS0234: The type or namespace name 'UnsafeAccessor' does not exist in the namespace 'System.Runtime.CompilerServices' (are you missing an assembly reference?) [D:\git\TUnit\TUnit.TestProject\TUnit.TestProject.csproj::TargetFramework=net472]
D:\git\TUnit\TUnit.TestProject\SourceGeneratedViewer\TUnit.Core.SourceGenerator\TUnit.Core.SourceGenerator.Generators.TestMetadataGenerator\Tests2_Test_51ebf1ea01bd48889d86c49a1f87a6fb.g.cs(23,61): error CS0234: The type or namespace name 'UnsafeAccessorKind' does not exist in the namespace 'System.Runtime.CompilerServices' (are you missing an assembly reference?) [D:\git\TUnit\TUnit.TestProject\TUnit.TestProject.csproj::TargetFramework=net472]
D:\git\TUnit\TUnit.TestProject\SourceGeneratedViewer\TUnit.Core.SourceGenerator\TUnit.Core.SourceGenerator.Generators.TestMetadataGenerator\Tests3_Test_b5de3e1ff9e544198f063faca8bbccc6.g.cs(23,46): error CS0234: The type or namespace name 'UnsafeAccessorAttribute' does not exist in the namespace 'System.Runtime.CompilerServices' (are you missing an assembly reference?) [D:\git\TUnit\TUnit.TestProject\TUnit.TestProject.csproj::TargetFramework=net472]
D:\git\TUnit\TUnit.TestProject\SourceGeneratedViewer\TUnit.Core.SourceGenerator\TUnit.Core.SourceGenerator.Generators.TestMetadataGenerator\Tests3_Test_b5de3e1ff9e544198f063faca8bbccc6.g.cs(23,46): error CS0234: The type or namespace name 'UnsafeAccessor' does not exist in the namespace 'System.Runtime.CompilerServices' (are you missing an assembly reference?) [D:\git\TUnit\TUnit.TestProject\TUnit.TestProject.csproj::TargetFramework=net472]
D:\git\TUnit\TUnit.TestProject\SourceGeneratedViewer\TUnit.Core.SourceGenerator\TUnit.Core.SourceGenerator.Generators.TestMetadataGenerator\Tests3_Test_b5de3e1ff9e544198f063faca8bbccc6.g.cs(23,61): error CS0234: The type or namespace name 'UnsafeAccessorKind' does not exist in the namespace 'System.Runtime.CompilerServices' (are you missing an assembly reference?) [D:\git\TUnit\TUnit.TestProject\TUnit.TestProject.csproj::TargetFramework=net472]
D:\git\TUnit\TUnit.TestProject\SourceGeneratedViewer\TUnit.Core.SourceGenerator\TUnit.Core.SourceGenerator.Generators.TestMetadataGenerator\Tests_Test_cc36f922e58b4affaf716e554fc0556a.g.cs(23,46): error CS0234: The type or namespace name 'UnsafeAccessorAttribute' does not exist in the namespace 'System.Runtime.CompilerServices' (are you missing an assembly reference?) [D:\git\TUnit\TUnit.TestProject\TUnit.TestProject.csproj::TargetFramework=net472]
D:\git\TUnit\TUnit.TestProject\SourceGeneratedViewer\TUnit.Core.SourceGenerator\TUnit.Core.SourceGenerator.Generators.TestMetadataGenerator\Tests_Test_cc36f922e58b4affaf716e554fc0556a.g.cs(23,46): error CS0234: The type or namespace name 'UnsafeAccessor' does not exist in the namespace 'System.Runtime.CompilerServices' (are you missing an assembly reference?) [D:\git\TUnit\TUnit.TestProject\TUnit.TestProject.csproj::TargetFramework=net472]
D:\git\TUnit\TUnit.TestProject\SourceGeneratedViewer\TUnit.Core.SourceGenerator\TUnit.Core.SourceGenerator.Generators.TestMetadataGenerator\Tests_Test_cc36f922e58b4affaf716e554fc0556a.g.cs(23,61): error CS0234: The type or namespace name 'UnsafeAccessorKind' does not exist in the namespace 'System.Runtime.CompilerServices' (are you missing an assembly reference?) [D:\git\TUnit\TUnit.TestProject\TUnit.TestProject.csproj::TargetFramework=net472]
D:\git\TUnit\TUnit.TestProject\SourceGeneratedViewer\TUnit.Core.SourceGenerator\TUnit.Core.SourceGenerator.Generators.TestMetadataGenerator\Tests3_Test_57d83a0a35c94dcc83425cd919750668.g.cs(23,46): error CS0234: The type or namespace name 'UnsafeAccessorAttribute' does not exist in the namespace 'System.Runtime.CompilerServices' (are you missing an assembly reference?) [D:\git\TUnit\TUnit.TestProject\TUnit.TestProject.csproj::TargetFramework=net472]
D:\git\TUnit\TUnit.TestProject\SourceGeneratedViewer\TUnit.Core.SourceGenerator\TUnit.Core.SourceGenerator.Generators.TestMetadataGenerator\Tests3_Test_57d83a0a35c94dcc83425cd919750668.g.cs(23,46): error CS0234: The type or namespace name 'UnsafeAccessor' does not exist in the namespace 'System.Runtime.CompilerServices' (are you missing an assembly reference?) [D:\git\TUnit\TUnit.TestProject\TUnit.TestProject.csproj::TargetFramework=net472]
D:\git\TUnit\TUnit.TestProject\SourceGeneratedViewer\TUnit.Core.SourceGenerator\TUnit.Core.SourceGenerator.Generators.TestMetadataGenerator\Tests3_Test_57d83a0a35c94dcc83425cd919750668.g.cs(23,61): error CS0234: The type or namespace name 'UnsafeAccessorKind' does not exist in the namespace 'System.Runtime.CompilerServices' (are you missing an assembly reference?) [D:\git\TUnit\TUnit.TestProject\TUnit.TestProject.csproj::TargetFramework=net472]
D:\git\TUnit\TUnit.TestProject\SourceGeneratedViewer\TUnit.Core.SourceGenerator\TUnit.Core.SourceGenerator.Generators.TestMetadataGenerator\Tests2_Test_f0a88ea10c3048f587aa85f8729a1fce.g.cs(23,46): error CS0234: The type or namespace name 'UnsafeAccessorAttribute' does not exist in the namespace 'System.Runtime.CompilerServices' (are you missing an assembly reference?) [D:\git\TUnit\TUnit.TestProject\TUnit.TestProject.csproj::TargetFramework=net472]
D:\git\TUnit\TUnit.TestProject\SourceGeneratedViewer\TUnit.Core.SourceGenerator\TUnit.Core.SourceGenerator.Generators.TestMetadataGenerator\Tests2_Test_f0a88ea10c3048f587aa85f8729a1fce.g.cs(23,46): error CS0234: The type or namespace name 'UnsafeAccessor' does not exist in the namespace 'System.Runtime.CompilerServices' (are you missing an assembly reference?) [D:\git\TUnit\TUnit.TestProject\TUnit.TestProject.csproj::TargetFramework=net472]
D:\git\TUnit\TUnit.TestProject\SourceGeneratedViewer\TUnit.Core.SourceGenerator\TUnit.Core.SourceGenerator.Generators.TestMetadataGenerator\Tests2_Test_f0a88ea10c3048f587aa85f8729a1fce.g.cs(23,61): error CS0234: The type or namespace name 'UnsafeAccessorKind' does not exist in the namespace 'System.Runtime.CompilerServices' (are you missing an assembly reference?) [D:\git\TUnit\TUnit.TestProject\TUnit.TestProject.csproj::TargetFramework=net472]
D:\git\TUnit\TUnit.TestProject\SourceGeneratedViewer\TUnit.Core.SourceGenerator\TUnit.Core.SourceGenerator.Generators.TestMetadataGenerator\Tests_Test_c93172fdcb49493c99474338c8c3e15a.g.cs(23,46): error CS0234: The type or namespace name 'UnsafeAccessorAttribute' does not exist in the namespace 'System.Runtime.CompilerServices' (are you missing an assembly reference?) [D:\git\TUnit\TUnit.TestProject\TUnit.TestProject.csproj::TargetFramework=net472]
D:\git\TUnit\TUnit.TestProject\SourceGeneratedViewer\TUnit.Core.SourceGenerator\TUnit.Core.SourceGenerator.Generators.TestMetadataGenerator\Tests_Test_c93172fdcb49493c99474338c8c3e15a.g.cs(23,46): error CS0234: The type or namespace name 'UnsafeAccessor' does not exist in the namespace 'System.Runtime.CompilerServices' (are you missing an assembly reference?) [D:\git\TUnit\TUnit.TestProject\TUnit.TestProject.csproj::TargetFramework=net472]
D:\git\TUnit\TUnit.TestProject\SourceGeneratedViewer\TUnit.Core.SourceGenerator\TUnit.Core.SourceGenerator.Generators.TestMetadataGenerator\Tests_Test_c93172fdcb49493c99474338c8c3e15a.g.cs(23,61): error CS0234: The type or namespace name 'UnsafeAccessorKind' does not exist in the namespace 'System.Runtime.CompilerServices' (are you missing an assembly reference?) [D:\git\TUnit\TUnit.TestProject\TUnit.TestProject.csproj::TargetFramework=net472]
D:\git\TUnit\TUnit.TestProject\SourceGeneratedViewer\TUnit.Core.SourceGenerator\TUnit.Core.SourceGenerator.Generators.TestMetadataGenerator\Tests3_Test_b84b3873e17e4b968bad91a71f4b9f89.g.cs(23,46): error CS0234: The type or namespace name 'UnsafeAccessorAttribute' does not exist in the namespace 'System.Runtime.CompilerServices' (are you missing an assembly reference?) [D:\git\TUnit\TUnit.TestProject\TUnit.TestProject.csproj::TargetFramework=net472]
D:\git\TUnit\TUnit.TestProject\SourceGeneratedViewer\TUnit.Core.SourceGenerator\TUnit.Core.SourceGenerator.Generators.TestMetadataGenerator\Tests3_Test_b84b3873e17e4b968bad91a71f4b9f89.g.cs(23,46): error CS0234: The type or namespace name 'UnsafeAccessor' does not exist in the namespace 'System.Runtime.CompilerServices' (are you missing an assembly reference?) [D:\git\TUnit\TUnit.TestProject\TUnit.TestProject.csproj::TargetFramework=net472]
D:\git\TUnit\TUnit.TestProject\SourceGeneratedViewer\TUnit.Core.SourceGenerator\TUnit.Core.SourceGenerator.Generators.TestMetadataGenerator\Tests3_Test_b84b3873e17e4b968bad91a71f4b9f89.g.cs(23,61): error CS0234: The type or namespace name 'UnsafeAccessorKind' does not exist in the namespace 'System.Runtime.CompilerServices' (are you missing an assembly reference?) [D:\git\TUnit\TUnit.TestProject\TUnit.TestProject.csproj::TargetFramework=net472]
D:\git\TUnit\TUnit.TestProject\SourceGeneratedViewer\TUnit.Core.SourceGenerator\TUnit.Core.SourceGenerator.Generators.TestMetadataGenerator\Tests_Test_e1f67493cf6f49a5aff62d516d195fe2.g.cs(23,46): error CS0234: The type or namespace name 'UnsafeAccessorAttribute' does not exist in the namespace 'System.Runtime.CompilerServices' (are you missing an assembly reference?) [D:\git\TUnit\TUnit.TestProject\TUnit.TestProject.csproj::TargetFramework=net472]
D:\git\TUnit\TUnit.TestProject\SourceGeneratedViewer\TUnit.Core.SourceGenerator\TUnit.Core.SourceGenerator.Generators.TestMetadataGenerator\Tests_Test_e1f67493cf6f49a5aff62d516d195fe2.g.cs(23,46): error CS0234: The type or namespace name 'UnsafeAccessor' does not exist in the namespace 'System.Runtime.CompilerServices' (are you missing an assembly reference?) [D:\git\TUnit\TUnit.TestProject\TUnit.TestProject.csproj::TargetFramework=net472]
D:\git\TUnit\TUnit.TestProject\SourceGeneratedViewer\TUnit.Core.SourceGenerator\TUnit.Core.SourceGenerator.Generators.TestMetadataGenerator\Tests_Test_e1f67493cf6f49a5aff62d516d195fe2.g.cs(23,61): error CS0234: The type or namespace name 'UnsafeAccessorKind' does not exist in the namespace 'System.Runtime.CompilerServices' (are you missing an assembly reference?) [D:\git\TUnit\TUnit.TestProject\TUnit.TestProject.csproj::TargetFramework=net472]
D:\git\TUnit\TUnit.TestProject\SourceGeneratedViewer\TUnit.Core.SourceGenerator\TUnit.Core.SourceGenerator.Generators.TestMetadataGenerator\Tests2_Test_acf82aa634c84bf3abf99a9138b4fa46.g.cs(23,46): error CS0234: The type or namespace name 'UnsafeAccessorAttribute' does not exist in the namespace 'System.Runtime.CompilerServices' (are you missing an assembly reference?) [D:\git\TUnit\TUnit.TestProject\TUnit.TestProject.csproj::TargetFramework=net472]
D:\git\TUnit\TUnit.TestProject\SourceGeneratedViewer\TUnit.Core.SourceGenerator\TUnit.Core.SourceGenerator.Generators.TestMetadataGenerator\Tests2_Test_acf82aa634c84bf3abf99a9138b4fa46.g.cs(23,46): error CS0234: The type or namespace name 'UnsafeAccessor' does not exist in the namespace 'System.Runtime.CompilerServices' (are you missing an assembly reference?) [D:\git\TUnit\TUnit.TestProject\TUnit.TestProject.csproj::TargetFramework=net472]
D:\git\TUnit\TUnit.TestProject\SourceGeneratedViewer\TUnit.Core.SourceGenerator\TUnit.Core.SourceGenerator.Generators.TestMetadataGenerator\Tests2_Test_acf82aa634c84bf3abf99a9138b4fa46.g.cs(23,61): error CS0234: The type or namespace name 'UnsafeAccessorKind' does not exist in the namespace 'System.Runtime.CompilerServices' (are you missing an assembly reference?) [D:\git\TUnit\TUnit.TestProject\TUnit.TestProject.csproj::TargetFramework=net472]
D:\git\TUnit\TUnit.TestProject\SourceGeneratedViewer\TUnit.Core.SourceGenerator\TUnit.Core.SourceGenerator.Generators.TestMetadataGenerator\Tests3_Test_8281c10bd0b74ed49e01d40eb6b25522.g.cs(23,46): error CS0234: The type or namespace name 'UnsafeAccessorAttribute' does not exist in the namespace 'System.Runtime.CompilerServices' (are you missing an assembly reference?) [D:\git\TUnit\TUnit.TestProject\TUnit.TestProject.csproj::TargetFramework=net472]
D:\git\TUnit\TUnit.TestProject\SourceGeneratedViewer\TUnit.Core.SourceGenerator\TUnit.Core.SourceGenerator.Generators.TestMetadataGenerator\Tests3_Test_8281c10bd0b74ed49e01d40eb6b25522.g.cs(23,46): error CS0234: The type or namespace name 'UnsafeAccessor' does not exist in the namespace 'System.Runtime.CompilerServices' (are you missing an assembly reference?) [D:\git\TUnit\TUnit.TestProject\TUnit.TestProject.csproj::TargetFramework=net472]
D:\git\TUnit\TUnit.TestProject\SourceGeneratedViewer\TUnit.Core.SourceGenerator\TUnit.Core.SourceGenerator.Generators.TestMetadataGenerator\Tests3_Test_8281c10bd0b74ed49e01d40eb6b25522.g.cs(23,61): error CS0234: The type or namespace name 'UnsafeAccessorKind' does not exist in the namespace 'System.Runtime.CompilerServices' (are you missing an assembly reference?) [D:\git\TUnit\TUnit.TestProject\TUnit.TestProject.csproj::TargetFramework=net472]
D:\git\TUnit\TUnit.TestProject\SourceGeneratedViewer\TUnit.Core.SourceGenerator\TUnit.Core.SourceGenerator.Generators.TestMetadataGenerator\InheritedPropertySetterTests_Test_6a5a694e273c483fb945cef1790975db.g.cs(23,46): error CS0234: The type or namespace name 'UnsafeAccessorAttribute' does not exist in the namespace 'System.Runtime.CompilerServices' (are you missing an assembly reference?) [D:\git\TUnit\TUnit.TestProject\TUnit.TestProject.csproj::TargetFramework=net472]
D:\git\TUnit\TUnit.TestProject\SourceGeneratedViewer\TUnit.Core.SourceGenerator\TUnit.Core.SourceGenerator.Generators.TestMetadataGenerator\InheritedPropertySetterTests_Test_6a5a694e273c483fb945cef1790975db.g.cs(23,46): error CS0234: The type or namespace name 'UnsafeAccessor' does not exist in the namespace 'System.Runtime.CompilerServices' (are you missing an assembly reference?) [D:\git\TUnit\TUnit.TestProject\TUnit.TestProject.csproj::TargetFramework=net472]
D:\git\TUnit\TUnit.TestProject\SourceGeneratedViewer\TUnit.Core.SourceGenerator\TUnit.Core.SourceGenerator.Generators.TestMetadataGenerator\InheritedPropertySetterTests_Test_6a5a694e273c483fb945cef1790975db.g.cs(23,61): error CS0234: The type or namespace name 'UnsafeAccessorKind' does not exist in the namespace 'System.Runtime.CompilerServices' (are you missing an assembly reference?) [D:\git\TUnit\TUnit.TestProject\TUnit.TestProject.csproj::TargetFramework=net472]
D:\git\TUnit\TUnit.TestProject\SourceGeneratedViewer\TUnit.Core.SourceGenerator\TUnit.Core.SourceGenerator.Generators.TestMetadataGenerator\InheritedPropertySetterTests_Test_6a5a694e273c483fb945cef1790975db.g.cs(28,46): error CS0234: The type or namespace name 'UnsafeAccessorAttribute' does not exist in the namespace 'System.Runtime.CompilerServices' (are you missing an assembly reference?) [D:\git\TUnit\TUnit.TestProject\TUnit.TestProject.csproj::TargetFramework=net472]
D:\git\TUnit\TUnit.TestProject\SourceGeneratedViewer\TUnit.Core.SourceGenerator\TUnit.Core.SourceGenerator.Generators.TestMetadataGenerator\InheritedPropertySetterTests_Test_6a5a694e273c483fb945cef1790975db.g.cs(28,46): error CS0234: The type or namespace name 'UnsafeAccessor' does not exist in the namespace 'System.Runtime.CompilerServices' (are you missing an assembly reference?) [D:\git\TUnit\TUnit.TestProject\TUnit.TestProject.csproj::TargetFramework=net472]
D:\git\TUnit\TUnit.TestProject\SourceGeneratedViewer\TUnit.Core.SourceGenerator\TUnit.Core.SourceGenerator.Generators.TestMetadataGenerator\InheritedPropertySetterTests_Test_6a5a694e273c483fb945cef1790975db.g.cs(28,61): error CS0234: The type or namespace name 'UnsafeAccessorKind' does not exist in the namespace 'System.Runtime.CompilerServices' (are you missing an assembly reference?) [D:\git\TUnit\TUnit.TestProject\TUnit.TestProject.csproj::TargetFramework=net472]
D:\git\TUnit\TUnit.TestProject\SourceGeneratedViewer\TUnit.Core.SourceGenerator\TUnit.Core.SourceGenerator.Generators.TestMetadataGenerator\InheritedPropertySetterTests_Test_6a5a694e273c483fb945cef1790975db.g.cs(33,46): error CS0234: The type or namespace name 'UnsafeAccessorAttribute' does not exist in the namespace 'System.Runtime.CompilerServices' (are you missing an assembly reference?) [D:\git\TUnit\TUnit.TestProject\TUnit.TestProject.csproj::TargetFramework=net472]
D:\git\TUnit\TUnit.TestProject\SourceGeneratedViewer\TUnit.Core.SourceGenerator\TUnit.Core.SourceGenerator.Generators.TestMetadataGenerator\InheritedPropertySetterTests_Test_6a5a694e273c483fb945cef1790975db.g.cs(33,46): error CS0234: The type or namespace name 'UnsafeAccessor' does not exist in the namespace 'System.Runtime.CompilerServices' (are you missing an assembly reference?) [D:\git\TUnit\TUnit.TestProject\TUnit.TestProject.csproj::TargetFramework=net472]
D:\git\TUnit\TUnit.TestProject\SourceGeneratedViewer\TUnit.Core.SourceGenerator\TUnit.Core.SourceGenerator.Generators.TestMetadataGenerator\InheritedPropertySetterTests_Test_6a5a694e273c483fb945cef1790975db.g.cs(33,61): error CS0234: The type or namespace name 'UnsafeAccessorKind' does not exist in the namespace 'System.Runtime.CompilerServices' (are you missing an assembly reference?) [D:\git\TUnit\TUnit.TestProject\TUnit.TestProject.csproj::TargetFramework=net472]
D:\git\TUnit\TUnit.TestProject\SourceGeneratedViewer\TUnit.Core.SourceGenerator\TUnit.Core.SourceGenerator.Generators.TestMetadataGenerator\InheritedPropertySetterTests_Test_6a5a694e273c483fb945cef1790975db.g.cs(38,46): error CS0234: The type or namespace name 'UnsafeAccessorAttribute' does not exist in the namespace 'System.Runtime.CompilerServices' (are you missing an assembly reference?) [D:\git\TUnit\TUnit.TestProject\TUnit.TestProject.csproj::TargetFramework=net472]
D:\git\TUnit\TUnit.TestProject\SourceGeneratedViewer\TUnit.Core.SourceGenerator\TUnit.Core.SourceGenerator.Generators.TestMetadataGenerator\InheritedPropertySetterTests_Test_6a5a694e273c483fb945cef1790975db.g.cs(38,46): error CS0234: The type or namespace name 'UnsafeAccessor' does not exist in the namespace 'System.Runtime.CompilerServices' (are you missing an assembly reference?) [D:\git\TUnit\TUnit.TestProject\TUnit.TestProject.csproj::TargetFramework=net472]
D:\git\TUnit\TUnit.TestProject\SourceGeneratedViewer\TUnit.Core.SourceGenerator\TUnit.Core.SourceGenerator.Generators.TestMetadataGenerator\InheritedPropertySetterTests_Test_6a5a694e273c483fb945cef1790975db.g.cs(38,61): error CS0234: The type or namespace name 'UnsafeAccessorKind' does not exist in the namespace 'System.Runtime.CompilerServices' (are you missing an assembly reference?) [D:\git\TUnit\TUnit.TestProject\TUnit.TestProject.csproj::TargetFramework=net472]
D:\git\TUnit\TUnit.TestProject\SourceGeneratedViewer\TUnit.Core.SourceGenerator\TUnit.Core.SourceGenerator.Generators.TestMetadataGenerator\InheritedPropertySetterTests_Test_6a5a694e273c483fb945cef1790975db.g.cs(43,46): error CS0234: The type or namespace name 'UnsafeAccessorAttribute' does not exist in the namespace 'System.Runtime.CompilerServices' (are you missing an assembly reference?) [D:\git\TUnit\TUnit.TestProject\TUnit.TestProject.csproj::TargetFramework=net472]
D:\git\TUnit\TUnit.TestProject\SourceGeneratedViewer\TUnit.Core.SourceGenerator\TUnit.Core.SourceGenerator.Generators.TestMetadataGenerator\InheritedPropertySetterTests_Test_6a5a694e273c483fb945cef1790975db.g.cs(43,46): error CS0234: The type or namespace name 'UnsafeAccessor' does not exist in the namespace 'System.Runtime.CompilerServices' (are you missing an assembly reference?) [D:\git\TUnit\TUnit.TestProject\TUnit.TestProject.csproj::TargetFramework=net472]
D:\git\TUnit\TUnit.TestProject\SourceGeneratedViewer\TUnit.Core.SourceGenerator\TUnit.Core.SourceGenerator.Generators.TestMetadataGenerator\InheritedPropertySetterTests_Test_6a5a694e273c483fb945cef1790975db.g.cs(43,61): error CS0234: The type or namespace name 'UnsafeAccessorKind' does not exist in the namespace 'System.Runtime.CompilerServices' (are you missing an assembly reference?) [D:\git\TUnit\TUnit.TestProject\TUnit.TestProject.csproj::TargetFramework=net472]
D:\git\TUnit\TUnit.TestProject\SourceGeneratedViewer\TUnit.Core.SourceGenerator\TUnit.Core.SourceGenerator.Generators.TestMetadataGenerator\InheritedPropertySetterTests_Test_6a5a694e273c483fb945cef1790975db.g.cs(48,46): error CS0234: The type or namespace name 'UnsafeAccessorAttribute' does not exist in the namespace 'System.Runtime.CompilerServices' (are you missing an assembly reference?) [D:\git\TUnit\TUnit.TestProject\TUnit.TestProject.csproj::TargetFramework=net472]
D:\git\TUnit\TUnit.TestProject\SourceGeneratedViewer\TUnit.Core.SourceGenerator\TUnit.Core.SourceGenerator.Generators.TestMetadataGenerator\InheritedPropertySetterTests_Test_6a5a694e273c483fb945cef1790975db.g.cs(48,46): error CS0234: The type or namespace name 'UnsafeAccessor' does not exist in the namespace 'System.Runtime.CompilerServices' (are you missing an assembly reference?) [D:\git\TUnit\TUnit.TestProject\TUnit.TestProject.csproj::TargetFramework=net472]
D:\git\TUnit\TUnit.TestProject\SourceGeneratedViewer\TUnit.Core.SourceGenerator\TUnit.Core.SourceGenerator.Generators.TestMetadataGenerator\InheritedPropertySetterTests_Test_6a5a694e273c483fb945cef1790975db.g.cs(48,61): error CS0234: The type or namespace name 'UnsafeAccessorKind' does not exist in the namespace 'System.Runtime.CompilerServices' (are you missing an assembly reference?) [D:\git\TUnit\TUnit.TestProject\TUnit.TestProject.csproj::TargetFramework=net472]
D:\git\TUnit\TUnit.TestProject\SourceGeneratedViewer\TUnit.Core.SourceGenerator\TUnit.Core.SourceGenerator.Generators.TestMetadataGenerator\InheritedPropertySetterTests_Test_6a5a694e273c483fb945cef1790975db.g.cs(53,46): error CS0234: The type or namespace name 'UnsafeAccessorAttribute' does not exist in the namespace 'System.Runtime.CompilerServices' (are you missing an assembly reference?) [D:\git\TUnit\TUnit.TestProject\TUnit.TestProject.csproj::TargetFramework=net472]
D:\git\TUnit\TUnit.TestProject\SourceGeneratedViewer\TUnit.Core.SourceGenerator\TUnit.Core.SourceGenerator.Generators.TestMetadataGenerator\InheritedPropertySetterTests_Test_6a5a694e273c483fb945cef1790975db.g.cs(53,46): error CS0234: The type or namespace name 'UnsafeAccessor' does not exist in the namespace 'System.Runtime.CompilerServices' (are you missing an assembly reference?) [D:\git\TUnit\TUnit.TestProject\TUnit.TestProject.csproj::TargetFramework=net472]
D:\git\TUnit\TUnit.TestProject\SourceGeneratedViewer\TUnit.Core.SourceGenerator\TUnit.Core.SourceGenerator.Generators.TestMetadataGenerator\InheritedPropertySetterTests_Test_6a5a694e273c483fb945cef1790975db.g.cs(53,61): error CS0234: The type or namespace name 'UnsafeAccessorKind' does not exist in the namespace 'System.Runtime.CompilerServices' (are you missing an assembly reference?) [D:\git\TUnit\TUnit.TestProject\TUnit.TestProject.csproj::TargetFramework=net472]

The build failed. Fix the build errors and run again.
