  Determining projects to restore...
  All projects are up-to-date for restore.
C:\Users\thomh\.nuget\packages\system.text.encodings.web\9.0.6\buildTransitive\netcoreapp2.0\System.Text.Encodings.Web.targets(4,5): warning : System.Text.Encodings.Web 9.0.6 doesn't support net6.0 and has not been tested with it. Consider upgrading your TargetFramework to net8.0 or later. You may also set <SuppressTfmSupportBuildWarnings>true</SuppressTfmSupportBuildWarnings> in the project file to ignore this warning and attempt to run in this unsupported configuration at your own risk. [D:\git\TUnit\TUnit.TestProject.Library\TUnit.TestProject.Library.csproj::TargetFramework=net6.0]
C:\Users\thomh\.nuget\packages\system.io.pipelines\9.0.6\buildTransitive\netcoreapp2.0\System.IO.Pipelines.targets(4,5): warning : System.IO.Pipelines 9.0.6 doesn't support net6.0 and has not been tested with it. Consider upgrading your TargetFramework to net8.0 or later. You may also set <SuppressTfmSupportBuildWarnings>true</SuppressTfmSupportBuildWarnings> in the project file to ignore this warning and attempt to run in this unsupported configuration at your own risk. [D:\git\TUnit\TUnit.TestProject.Library\TUnit.TestProject.Library.csproj::TargetFramework=net6.0]
C:\Users\thomh\.nuget\packages\microsoft.bcl.asyncinterfaces\9.0.6\buildTransitive\netcoreapp2.0\Microsoft.Bcl.AsyncInterfaces.targets(4,5): warning : Microsoft.Bcl.AsyncInterfaces 9.0.6 doesn't support net6.0 and has not been tested with it. Consider upgrading your TargetFramework to net8.0 or later. You may also set <SuppressTfmSupportBuildWarnings>true</SuppressTfmSupportBuildWarnings> in the project file to ignore this warning and attempt to run in this unsupported configuration at your own risk. [D:\git\TUnit\TUnit.TestProject.Library\TUnit.TestProject.Library.csproj::TargetFramework=net6.0]
C:\Users\thomh\.nuget\packages\system.text.json\9.0.6\buildTransitive\netcoreapp2.0\System.Text.Json.targets(4,5): warning : System.Text.Json 9.0.6 doesn't support net6.0 and has not been tested with it. Consider upgrading your TargetFramework to net8.0 or later. You may also set <SuppressTfmSupportBuildWarnings>true</SuppressTfmSupportBuildWarnings> in the project file to ignore this warning and attempt to run in this unsupported configuration at your own risk. [D:\git\TUnit\TUnit.TestProject.Library\TUnit.TestProject.Library.csproj::TargetFramework=net6.0]
  TUnit.Core -> D:\git\TUnit\TUnit.Core\bin\Debug\net9.0\TUnit.Core.dll
  TUnit.Assertions.Analyzers -> D:\git\TUnit\TUnit.Assertions.Analyzers\bin\Debug\netstandard2.0\TUnit.Assertions.Analyzers.dll
  TUnit.Core.SourceGenerator -> D:\git\TUnit\TUnit.Core.SourceGenerator\bin\Debug\netstandard2.0\TUnit.Core.SourceGenerator.dll
  TUnit.Engine -> D:\git\TUnit\TUnit.Engine\bin\Debug\net9.0\TUnit.Engine.dll
  TUnit.Assertions.Analyzers.CodeFixers -> D:\git\TUnit\TUnit.Assertions.Analyzers.CodeFixers\bin\Debug\netstandard2.0\TUnit.Assertions.Analyzers.CodeFixers.dll
  TUnit.Analyzers -> D:\git\TUnit\TUnit.Analyzers\bin\Debug\netstandard2.0\TUnit.Analyzers.dll
  TUnit.Analyzers.CodeFixers -> D:\git\TUnit\TUnit.Analyzers.CodeFixers\bin\Debug\netstandard2.0\TUnit.Analyzers.CodeFixers.dll
  TUnit.Assertions -> D:\git\TUnit\TUnit.Assertions\bin\Debug\net9.0\TUnit.Assertions.dll
  TUnit.TestProject.Library -> D:\git\TUnit\TUnit.TestProject.Library\bin\Debug\net9.0\TUnit.TestProject.Library.dll
  TUnit -> D:\git\TUnit\TUnit\bin\Debug\net9.0\TUnit.dll
  TUnit.TestProject -> D:\git\TUnit\TUnit.TestProject\bin\Debug\net9.0\TUnit.TestProject.dll
  TUnit.Core -> D:\git\TUnit\TUnit.Core\bin\Debug\netstandard2.0\TUnit.Core.dll
  TUnit.TestProject.Library -> D:\git\TUnit\TUnit.TestProject.Library\bin\Debug\net472\TUnit.TestProject.Library.dll
  TUnit.Core -> D:\git\TUnit\TUnit.Core\bin\Debug\net8.0\TUnit.Core.dll
  TUnit.Assertions -> D:\git\TUnit\TUnit.Assertions\bin\Debug\net8.0\TUnit.Assertions.dll
  TUnit.TestProject.Library -> D:\git\TUnit\TUnit.TestProject.Library\bin\Debug\net8.0\TUnit.TestProject.Library.dll
  TUnit.Engine -> D:\git\TUnit\TUnit.Engine\bin\Debug\netstandard2.0\TUnit.Engine.dll
  TUnit.Assertions -> D:\git\TUnit\TUnit.Assertions\bin\Debug\netstandard2.0\TUnit.Assertions.dll
  TUnit.Engine -> D:\git\TUnit\TUnit.Engine\bin\Debug\net8.0\TUnit.Engine.dll
  TUnit -> D:\git\TUnit\TUnit\bin\Debug\netstandard2.0\TUnit.dll
  TUnit -> D:\git\TUnit\TUnit\bin\Debug\net8.0\TUnit.dll
D:\git\TUnit\TUnit.TestProject\SourceGeneratedViewer\TUnit.Core.SourceGenerator\TUnit.Core.SourceGenerator.Generators.TestMetadataGenerator\Tests_EmptyThings_1ad5d4fb59d64a159514405ee2324b49.g.cs(23,46): error CS0234: The type or namespace name 'UnsafeAccessorAttribute' does not exist in the namespace 'System.Runtime.CompilerServices' (are you missing an assembly reference?) [D:\git\TUnit\TUnit.TestProject\TUnit.TestProject.csproj::TargetFramework=net472]
D:\git\TUnit\TUnit.TestProject\SourceGeneratedViewer\TUnit.Core.SourceGenerator\TUnit.Core.SourceGenerator.Generators.TestMetadataGenerator\Tests_EmptyThings_1ad5d4fb59d64a159514405ee2324b49.g.cs(23,46): error CS0234: The type or namespace name 'UnsafeAccessor' does not exist in the namespace 'System.Runtime.CompilerServices' (are you missing an assembly reference?) [D:\git\TUnit\TUnit.TestProject\TUnit.TestProject.csproj::TargetFramework=net472]
D:\git\TUnit\TUnit.TestProject\SourceGeneratedViewer\TUnit.Core.SourceGenerator\TUnit.Core.SourceGenerator.Generators.TestMetadataGenerator\Tests_EmptyThings_1ad5d4fb59d64a159514405ee2324b49.g.cs(23,61): error CS0234: The type or namespace name 'UnsafeAccessorKind' does not exist in the namespace 'System.Runtime.CompilerServices' (are you missing an assembly reference?) [D:\git\TUnit\TUnit.TestProject\TUnit.TestProject.csproj::TargetFramework=net472]
D:\git\TUnit\TUnit.TestProject\SourceGeneratedViewer\TUnit.Core.SourceGenerator\TUnit.Core.SourceGenerator.Generators.TestMetadataGenerator\BaseClass_Test_68b98404aa0b41b28ca900b433c85e01.g.cs(23,46): error CS0234: The type or namespace name 'UnsafeAccessorAttribute' does not exist in the namespace 'System.Runtime.CompilerServices' (are you missing an assembly reference?) [D:\git\TUnit\TUnit.TestProject\TUnit.TestProject.csproj::TargetFramework=net472]
D:\git\TUnit\TUnit.TestProject\SourceGeneratedViewer\TUnit.Core.SourceGenerator\TUnit.Core.SourceGenerator.Generators.TestMetadataGenerator\BaseClass_Test_68b98404aa0b41b28ca900b433c85e01.g.cs(23,46): error CS0234: The type or namespace name 'UnsafeAccessor' does not exist in the namespace 'System.Runtime.CompilerServices' (are you missing an assembly reference?) [D:\git\TUnit\TUnit.TestProject\TUnit.TestProject.csproj::TargetFramework=net472]
D:\git\TUnit\TUnit.TestProject\SourceGeneratedViewer\TUnit.Core.SourceGenerator\TUnit.Core.SourceGenerator.Generators.TestMetadataGenerator\BaseClass_Test_68b98404aa0b41b28ca900b433c85e01.g.cs(23,61): error CS0234: The type or namespace name 'UnsafeAccessorKind' does not exist in the namespace 'System.Runtime.CompilerServices' (are you missing an assembly reference?) [D:\git\TUnit\TUnit.TestProject\TUnit.TestProject.csproj::TargetFramework=net472]
D:\git\TUnit\TUnit.TestProject\SourceGeneratedViewer\TUnit.Core.SourceGenerator\TUnit.Core.SourceGenerator.Generators.TestMetadataGenerator\BaseClass_Test_d81bb64843d4476386527d19f92062ee.g.cs(23,46): error CS0234: The type or namespace name 'UnsafeAccessorAttribute' does not exist in the namespace 'System.Runtime.CompilerServices' (are you missing an assembly reference?) [D:\git\TUnit\TUnit.TestProject\TUnit.TestProject.csproj::TargetFramework=net472]
D:\git\TUnit\TUnit.TestProject\SourceGeneratedViewer\TUnit.Core.SourceGenerator\TUnit.Core.SourceGenerator.Generators.TestMetadataGenerator\BaseClass_Test_d81bb64843d4476386527d19f92062ee.g.cs(23,46): error CS0234: The type or namespace name 'UnsafeAccessor' does not exist in the namespace 'System.Runtime.CompilerServices' (are you missing an assembly reference?) [D:\git\TUnit\TUnit.TestProject\TUnit.TestProject.csproj::TargetFramework=net472]
D:\git\TUnit\TUnit.TestProject\SourceGeneratedViewer\TUnit.Core.SourceGenerator\TUnit.Core.SourceGenerator.Generators.TestMetadataGenerator\BaseClass_Test_d81bb64843d4476386527d19f92062ee.g.cs(23,61): error CS0234: The type or namespace name 'UnsafeAccessorKind' does not exist in the namespace 'System.Runtime.CompilerServices' (are you missing an assembly reference?) [D:\git\TUnit\TUnit.TestProject\TUnit.TestProject.csproj::TargetFramework=net472]
D:\git\TUnit\TUnit.TestProject\SourceGeneratedViewer\TUnit.Core.SourceGenerator\TUnit.Core.SourceGenerator.Generators.TestMetadataGenerator\BaseClass_Test_e790327e974447a086bf87e930f91150.g.cs(23,46): error CS0234: The type or namespace name 'UnsafeAccessorAttribute' does not exist in the namespace 'System.Runtime.CompilerServices' (are you missing an assembly reference?) [D:\git\TUnit\TUnit.TestProject\TUnit.TestProject.csproj::TargetFramework=net472]
D:\git\TUnit\TUnit.TestProject\SourceGeneratedViewer\TUnit.Core.SourceGenerator\TUnit.Core.SourceGenerator.Generators.TestMetadataGenerator\BaseClass_Test_e790327e974447a086bf87e930f91150.g.cs(23,46): error CS0234: The type or namespace name 'UnsafeAccessor' does not exist in the namespace 'System.Runtime.CompilerServices' (are you missing an assembly reference?) [D:\git\TUnit\TUnit.TestProject\TUnit.TestProject.csproj::TargetFramework=net472]
D:\git\TUnit\TUnit.TestProject\SourceGeneratedViewer\TUnit.Core.SourceGenerator\TUnit.Core.SourceGenerator.Generators.TestMetadataGenerator\BaseClass_Test_e790327e974447a086bf87e930f91150.g.cs(23,61): error CS0234: The type or namespace name 'UnsafeAccessorKind' does not exist in the namespace 'System.Runtime.CompilerServices' (are you missing an assembly reference?) [D:\git\TUnit\TUnit.TestProject\TUnit.TestProject.csproj::TargetFramework=net472]
D:\git\TUnit\TUnit.TestProject\SourceGeneratedViewer\TUnit.Core.SourceGenerator\TUnit.Core.SourceGenerator.Generators.TestMetadataGenerator\BaseClass_Test_a5288bbee1b1442eb3d3cd9474283ddf.g.cs(23,46): error CS0234: The type or namespace name 'UnsafeAccessorAttribute' does not exist in the namespace 'System.Runtime.CompilerServices' (are you missing an assembly reference?) [D:\git\TUnit\TUnit.TestProject\TUnit.TestProject.csproj::TargetFramework=net472]
D:\git\TUnit\TUnit.TestProject\SourceGeneratedViewer\TUnit.Core.SourceGenerator\TUnit.Core.SourceGenerator.Generators.TestMetadataGenerator\BaseClass_Test_a5288bbee1b1442eb3d3cd9474283ddf.g.cs(23,46): error CS0234: The type or namespace name 'UnsafeAccessor' does not exist in the namespace 'System.Runtime.CompilerServices' (are you missing an assembly reference?) [D:\git\TUnit\TUnit.TestProject\TUnit.TestProject.csproj::TargetFramework=net472]
D:\git\TUnit\TUnit.TestProject\SourceGeneratedViewer\TUnit.Core.SourceGenerator\TUnit.Core.SourceGenerator.Generators.TestMetadataGenerator\BaseClass_Test_a5288bbee1b1442eb3d3cd9474283ddf.g.cs(23,61): error CS0234: The type or namespace name 'UnsafeAccessorKind' does not exist in the namespace 'System.Runtime.CompilerServices' (are you missing an assembly reference?) [D:\git\TUnit\TUnit.TestProject\TUnit.TestProject.csproj::TargetFramework=net472]
D:\git\TUnit\TUnit.TestProject\SourceGeneratedViewer\TUnit.Core.SourceGenerator\TUnit.Core.SourceGenerator.Generators.TestMetadataGenerator\BaseClass_Test_82d8bd368fca45c2b03c91155e22ee7d.g.cs(23,46): error CS0234: The type or namespace name 'UnsafeAccessorAttribute' does not exist in the namespace 'System.Runtime.CompilerServices' (are you missing an assembly reference?) [D:\git\TUnit\TUnit.TestProject\TUnit.TestProject.csproj::TargetFramework=net472]
D:\git\TUnit\TUnit.TestProject\SourceGeneratedViewer\TUnit.Core.SourceGenerator\TUnit.Core.SourceGenerator.Generators.TestMetadataGenerator\BaseClass_Test_82d8bd368fca45c2b03c91155e22ee7d.g.cs(23,46): error CS0234: The type or namespace name 'UnsafeAccessor' does not exist in the namespace 'System.Runtime.CompilerServices' (are you missing an assembly reference?) [D:\git\TUnit\TUnit.TestProject\TUnit.TestProject.csproj::TargetFramework=net472]
D:\git\TUnit\TUnit.TestProject\SourceGeneratedViewer\TUnit.Core.SourceGenerator\TUnit.Core.SourceGenerator.Generators.TestMetadataGenerator\BaseClass_Test_82d8bd368fca45c2b03c91155e22ee7d.g.cs(23,61): error CS0234: The type or namespace name 'UnsafeAccessorKind' does not exist in the namespace 'System.Runtime.CompilerServices' (are you missing an assembly reference?) [D:\git\TUnit\TUnit.TestProject\TUnit.TestProject.csproj::TargetFramework=net472]
D:\git\TUnit\TUnit.TestProject\SourceGeneratedViewer\TUnit.Core.SourceGenerator\TUnit.Core.SourceGenerator.Generators.TestMetadataGenerator\ClassTupleDataSourceDrivenTests_DataSource_TupleMethod_4cedea8d09e6401bace197c5e3170fb5.g.cs(23,46): error CS0234: The type or namespace name 'UnsafeAccessorAttribute' does not exist in the namespace 'System.Runtime.CompilerServices' (are you missing an assembly reference?) [D:\git\TUnit\TUnit.TestProject\TUnit.TestProject.csproj::TargetFramework=net472]
D:\git\TUnit\TUnit.TestProject\SourceGeneratedViewer\TUnit.Core.SourceGenerator\TUnit.Core.SourceGenerator.Generators.TestMetadataGenerator\ClassTupleDataSourceDrivenTests_DataSource_TupleMethod_4cedea8d09e6401bace197c5e3170fb5.g.cs(23,46): error CS0234: The type or namespace name 'UnsafeAccessor' does not exist in the namespace 'System.Runtime.CompilerServices' (are you missing an assembly reference?) [D:\git\TUnit\TUnit.TestProject\TUnit.TestProject.csproj::TargetFramework=net472]
D:\git\TUnit\TUnit.TestProject\SourceGeneratedViewer\TUnit.Core.SourceGenerator\TUnit.Core.SourceGenerator.Generators.TestMetadataGenerator\ClassTupleDataSourceDrivenTests_DataSource_TupleMethod_4cedea8d09e6401bace197c5e3170fb5.g.cs(23,61): error CS0234: The type or namespace name 'UnsafeAccessorKind' does not exist in the namespace 'System.Runtime.CompilerServices' (are you missing an assembly reference?) [D:\git\TUnit\TUnit.TestProject\TUnit.TestProject.csproj::TargetFramework=net472]
D:\git\TUnit\TUnit.TestProject\SourceGeneratedViewer\TUnit.Core.SourceGenerator\TUnit.Core.SourceGenerator.Generators.TestMetadataGenerator\ClassTupleDataSourceDrivenTests_DataSource_TupleMethod_4cedea8d09e6401bace197c5e3170fb5.g.cs(28,46): error CS0234: The type or namespace name 'UnsafeAccessorAttribute' does not exist in the namespace 'System.Runtime.CompilerServices' (are you missing an assembly reference?) [D:\git\TUnit\TUnit.TestProject\TUnit.TestProject.csproj::TargetFramework=net472]
D:\git\TUnit\TUnit.TestProject\SourceGeneratedViewer\TUnit.Core.SourceGenerator\TUnit.Core.SourceGenerator.Generators.TestMetadataGenerator\ClassTupleDataSourceDrivenTests_DataSource_TupleMethod_4cedea8d09e6401bace197c5e3170fb5.g.cs(28,46): error CS0234: The type or namespace name 'UnsafeAccessor' does not exist in the namespace 'System.Runtime.CompilerServices' (are you missing an assembly reference?) [D:\git\TUnit\TUnit.TestProject\TUnit.TestProject.csproj::TargetFramework=net472]
D:\git\TUnit\TUnit.TestProject\SourceGeneratedViewer\TUnit.Core.SourceGenerator\TUnit.Core.SourceGenerator.Generators.TestMetadataGenerator\ClassTupleDataSourceDrivenTests_DataSource_TupleMethod_4cedea8d09e6401bace197c5e3170fb5.g.cs(28,61): error CS0234: The type or namespace name 'UnsafeAccessorKind' does not exist in the namespace 'System.Runtime.CompilerServices' (are you missing an assembly reference?) [D:\git\TUnit\TUnit.TestProject\TUnit.TestProject.csproj::TargetFramework=net472]
D:\git\TUnit\TUnit.TestProject\SourceGeneratedViewer\TUnit.Core.SourceGenerator\TUnit.Core.SourceGenerator.Generators.TestMetadataGenerator\ClassTupleDataSourceDrivenTests_DataSource_TupleMethod_4cedea8d09e6401bace197c5e3170fb5.g.cs(33,46): error CS0234: The type or namespace name 'UnsafeAccessorAttribute' does not exist in the namespace 'System.Runtime.CompilerServices' (are you missing an assembly reference?) [D:\git\TUnit\TUnit.TestProject\TUnit.TestProject.csproj::TargetFramework=net472]
D:\git\TUnit\TUnit.TestProject\SourceGeneratedViewer\TUnit.Core.SourceGenerator\TUnit.Core.SourceGenerator.Generators.TestMetadataGenerator\ClassTupleDataSourceDrivenTests_DataSource_TupleMethod_4cedea8d09e6401bace197c5e3170fb5.g.cs(33,46): error CS0234: The type or namespace name 'UnsafeAccessor' does not exist in the namespace 'System.Runtime.CompilerServices' (are you missing an assembly reference?) [D:\git\TUnit\TUnit.TestProject\TUnit.TestProject.csproj::TargetFramework=net472]
D:\git\TUnit\TUnit.TestProject\SourceGeneratedViewer\TUnit.Core.SourceGenerator\TUnit.Core.SourceGenerator.Generators.TestMetadataGenerator\ClassTupleDataSourceDrivenTests_DataSource_TupleMethod_4cedea8d09e6401bace197c5e3170fb5.g.cs(33,61): error CS0234: The type or namespace name 'UnsafeAccessorKind' does not exist in the namespace 'System.Runtime.CompilerServices' (are you missing an assembly reference?) [D:\git\TUnit\TUnit.TestProject\TUnit.TestProject.csproj::TargetFramework=net472]
D:\git\TUnit\TUnit.TestProject\SourceGeneratedViewer\TUnit.Core.SourceGenerator\TUnit.Core.SourceGenerator.Generators.TestMetadataGenerator\ClassTupleDataSourceDrivenTests_DataSource_TupleMethod_4cedea8d09e6401bace197c5e3170fb5.g.cs(38,46): error CS0234: The type or namespace name 'UnsafeAccessorAttribute' does not exist in the namespace 'System.Runtime.CompilerServices' (are you missing an assembly reference?) [D:\git\TUnit\TUnit.TestProject\TUnit.TestProject.csproj::TargetFramework=net472]
D:\git\TUnit\TUnit.TestProject\SourceGeneratedViewer\TUnit.Core.SourceGenerator\TUnit.Core.SourceGenerator.Generators.TestMetadataGenerator\ClassTupleDataSourceDrivenTests_DataSource_TupleMethod_4cedea8d09e6401bace197c5e3170fb5.g.cs(38,46): error CS0234: The type or namespace name 'UnsafeAccessor' does not exist in the namespace 'System.Runtime.CompilerServices' (are you missing an assembly reference?) [D:\git\TUnit\TUnit.TestProject\TUnit.TestProject.csproj::TargetFramework=net472]
D:\git\TUnit\TUnit.TestProject\SourceGeneratedViewer\TUnit.Core.SourceGenerator\TUnit.Core.SourceGenerator.Generators.TestMetadataGenerator\ClassTupleDataSourceDrivenTests_DataSource_TupleMethod_4cedea8d09e6401bace197c5e3170fb5.g.cs(38,61): error CS0234: The type or namespace name 'UnsafeAccessorKind' does not exist in the namespace 'System.Runtime.CompilerServices' (are you missing an assembly reference?) [D:\git\TUnit\TUnit.TestProject\TUnit.TestProject.csproj::TargetFramework=net472]
D:\git\TUnit\TUnit.TestProject\SourceGeneratedViewer\TUnit.Core.SourceGenerator\TUnit.Core.SourceGenerator.Generators.TestMetadataGenerator\PropertySetterTests_Test_22d2a2c61512415884982eb05327caed.g.cs(23,46): error CS0234: The type or namespace name 'UnsafeAccessorAttribute' does not exist in the namespace 'System.Runtime.CompilerServices' (are you missing an assembly reference?) [D:\git\TUnit\TUnit.TestProject\TUnit.TestProject.csproj::TargetFramework=net472]
D:\git\TUnit\TUnit.TestProject\SourceGeneratedViewer\TUnit.Core.SourceGenerator\TUnit.Core.SourceGenerator.Generators.TestMetadataGenerator\PropertySetterTests_Test_22d2a2c61512415884982eb05327caed.g.cs(23,46): error CS0234: The type or namespace name 'UnsafeAccessor' does not exist in the namespace 'System.Runtime.CompilerServices' (are you missing an assembly reference?) [D:\git\TUnit\TUnit.TestProject\TUnit.TestProject.csproj::TargetFramework=net472]
D:\git\TUnit\TUnit.TestProject\SourceGeneratedViewer\TUnit.Core.SourceGenerator\TUnit.Core.SourceGenerator.Generators.TestMetadataGenerator\PropertySetterTests_Test_22d2a2c61512415884982eb05327caed.g.cs(23,61): error CS0234: The type or namespace name 'UnsafeAccessorKind' does not exist in the namespace 'System.Runtime.CompilerServices' (are you missing an assembly reference?) [D:\git\TUnit\TUnit.TestProject\TUnit.TestProject.csproj::TargetFramework=net472]
D:\git\TUnit\TUnit.TestProject\SourceGeneratedViewer\TUnit.Core.SourceGenerator\TUnit.Core.SourceGenerator.Generators.TestMetadataGenerator\PropertySetterTests_Test_22d2a2c61512415884982eb05327caed.g.cs(28,46): error CS0234: The type or namespace name 'UnsafeAccessorAttribute' does not exist in the namespace 'System.Runtime.CompilerServices' (are you missing an assembly reference?) [D:\git\TUnit\TUnit.TestProject\TUnit.TestProject.csproj::TargetFramework=net472]
D:\git\TUnit\TUnit.TestProject\SourceGeneratedViewer\TUnit.Core.SourceGenerator\TUnit.Core.SourceGenerator.Generators.TestMetadataGenerator\PropertySetterTests_Test_22d2a2c61512415884982eb05327caed.g.cs(28,46): error CS0234: The type or namespace name 'UnsafeAccessor' does not exist in the namespace 'System.Runtime.CompilerServices' (are you missing an assembly reference?) [D:\git\TUnit\TUnit.TestProject\TUnit.TestProject.csproj::TargetFramework=net472]
D:\git\TUnit\TUnit.TestProject\SourceGeneratedViewer\TUnit.Core.SourceGenerator\TUnit.Core.SourceGenerator.Generators.TestMetadataGenerator\PropertySetterTests_Test_22d2a2c61512415884982eb05327caed.g.cs(28,61): error CS0234: The type or namespace name 'UnsafeAccessorKind' does not exist in the namespace 'System.Runtime.CompilerServices' (are you missing an assembly reference?) [D:\git\TUnit\TUnit.TestProject\TUnit.TestProject.csproj::TargetFramework=net472]
D:\git\TUnit\TUnit.TestProject\SourceGeneratedViewer\TUnit.Core.SourceGenerator\TUnit.Core.SourceGenerator.Generators.TestMetadataGenerator\PropertySetterTests_Test_22d2a2c61512415884982eb05327caed.g.cs(33,46): error CS0234: The type or namespace name 'UnsafeAccessorAttribute' does not exist in the namespace 'System.Runtime.CompilerServices' (are you missing an assembly reference?) [D:\git\TUnit\TUnit.TestProject\TUnit.TestProject.csproj::TargetFramework=net472]
D:\git\TUnit\TUnit.TestProject\SourceGeneratedViewer\TUnit.Core.SourceGenerator\TUnit.Core.SourceGenerator.Generators.TestMetadataGenerator\PropertySetterTests_Test_22d2a2c61512415884982eb05327caed.g.cs(33,46): error CS0234: The type or namespace name 'UnsafeAccessor' does not exist in the namespace 'System.Runtime.CompilerServices' (are you missing an assembly reference?) [D:\git\TUnit\TUnit.TestProject\TUnit.TestProject.csproj::TargetFramework=net472]
D:\git\TUnit\TUnit.TestProject\SourceGeneratedViewer\TUnit.Core.SourceGenerator\TUnit.Core.SourceGenerator.Generators.TestMetadataGenerator\PropertySetterTests_Test_22d2a2c61512415884982eb05327caed.g.cs(33,61): error CS0234: The type or namespace name 'UnsafeAccessorKind' does not exist in the namespace 'System.Runtime.CompilerServices' (are you missing an assembly reference?) [D:\git\TUnit\TUnit.TestProject\TUnit.TestProject.csproj::TargetFramework=net472]
D:\git\TUnit\TUnit.TestProject\SourceGeneratedViewer\TUnit.Core.SourceGenerator\TUnit.Core.SourceGenerator.Generators.TestMetadataGenerator\PropertySetterTests_Test_22d2a2c61512415884982eb05327caed.g.cs(38,46): error CS0234: The type or namespace name 'UnsafeAccessorAttribute' does not exist in the namespace 'System.Runtime.CompilerServices' (are you missing an assembly reference?) [D:\git\TUnit\TUnit.TestProject\TUnit.TestProject.csproj::TargetFramework=net472]
D:\git\TUnit\TUnit.TestProject\SourceGeneratedViewer\TUnit.Core.SourceGenerator\TUnit.Core.SourceGenerator.Generators.TestMetadataGenerator\PropertySetterTests_Test_22d2a2c61512415884982eb05327caed.g.cs(38,46): error CS0234: The type or namespace name 'UnsafeAccessor' does not exist in the namespace 'System.Runtime.CompilerServices' (are you missing an assembly reference?) [D:\git\TUnit\TUnit.TestProject\TUnit.TestProject.csproj::TargetFramework=net472]
D:\git\TUnit\TUnit.TestProject\SourceGeneratedViewer\TUnit.Core.SourceGenerator\TUnit.Core.SourceGenerator.Generators.TestMetadataGenerator\PropertySetterTests_Test_22d2a2c61512415884982eb05327caed.g.cs(38,61): error CS0234: The type or namespace name 'UnsafeAccessorKind' does not exist in the namespace 'System.Runtime.CompilerServices' (are you missing an assembly reference?) [D:\git\TUnit\TUnit.TestProject\TUnit.TestProject.csproj::TargetFramework=net472]
D:\git\TUnit\TUnit.TestProject\SourceGeneratedViewer\TUnit.Core.SourceGenerator\TUnit.Core.SourceGenerator.Generators.TestMetadataGenerator\PropertySetterTests_Test_22d2a2c61512415884982eb05327caed.g.cs(43,46): error CS0234: The type or namespace name 'UnsafeAccessorAttribute' does not exist in the namespace 'System.Runtime.CompilerServices' (are you missing an assembly reference?) [D:\git\TUnit\TUnit.TestProject\TUnit.TestProject.csproj::TargetFramework=net472]
D:\git\TUnit\TUnit.TestProject\SourceGeneratedViewer\TUnit.Core.SourceGenerator\TUnit.Core.SourceGenerator.Generators.TestMetadataGenerator\PropertySetterTests_Test_22d2a2c61512415884982eb05327caed.g.cs(43,46): error CS0234: The type or namespace name 'UnsafeAccessor' does not exist in the namespace 'System.Runtime.CompilerServices' (are you missing an assembly reference?) [D:\git\TUnit\TUnit.TestProject\TUnit.TestProject.csproj::TargetFramework=net472]
D:\git\TUnit\TUnit.TestProject\SourceGeneratedViewer\TUnit.Core.SourceGenerator\TUnit.Core.SourceGenerator.Generators.TestMetadataGenerator\PropertySetterTests_Test_22d2a2c61512415884982eb05327caed.g.cs(43,61): error CS0234: The type or namespace name 'UnsafeAccessorKind' does not exist in the namespace 'System.Runtime.CompilerServices' (are you missing an assembly reference?) [D:\git\TUnit\TUnit.TestProject\TUnit.TestProject.csproj::TargetFramework=net472]
D:\git\TUnit\TUnit.TestProject\SourceGeneratedViewer\TUnit.Core.SourceGenerator\TUnit.Core.SourceGenerator.Generators.TestMetadataGenerator\PropertySetterTests_Test_22d2a2c61512415884982eb05327caed.g.cs(48,46): error CS0234: The type or namespace name 'UnsafeAccessorAttribute' does not exist in the namespace 'System.Runtime.CompilerServices' (are you missing an assembly reference?) [D:\git\TUnit\TUnit.TestProject\TUnit.TestProject.csproj::TargetFramework=net472]
D:\git\TUnit\TUnit.TestProject\SourceGeneratedViewer\TUnit.Core.SourceGenerator\TUnit.Core.SourceGenerator.Generators.TestMetadataGenerator\PropertySetterTests_Test_22d2a2c61512415884982eb05327caed.g.cs(48,46): error CS0234: The type or namespace name 'UnsafeAccessor' does not exist in the namespace 'System.Runtime.CompilerServices' (are you missing an assembly reference?) [D:\git\TUnit\TUnit.TestProject\TUnit.TestProject.csproj::TargetFramework=net472]
D:\git\TUnit\TUnit.TestProject\SourceGeneratedViewer\TUnit.Core.SourceGenerator\TUnit.Core.SourceGenerator.Generators.TestMetadataGenerator\PropertySetterTests_Test_22d2a2c61512415884982eb05327caed.g.cs(48,61): error CS0234: The type or namespace name 'UnsafeAccessorKind' does not exist in the namespace 'System.Runtime.CompilerServices' (are you missing an assembly reference?) [D:\git\TUnit\TUnit.TestProject\TUnit.TestProject.csproj::TargetFramework=net472]
D:\git\TUnit\TUnit.TestProject\SourceGeneratedViewer\TUnit.Core.SourceGenerator\TUnit.Core.SourceGenerator.Generators.TestMetadataGenerator\PropertySetterTests_Test_22d2a2c61512415884982eb05327caed.g.cs(53,46): error CS0234: The type or namespace name 'UnsafeAccessorAttribute' does not exist in the namespace 'System.Runtime.CompilerServices' (are you missing an assembly reference?) [D:\git\TUnit\TUnit.TestProject\TUnit.TestProject.csproj::TargetFramework=net472]
D:\git\TUnit\TUnit.TestProject\SourceGeneratedViewer\TUnit.Core.SourceGenerator\TUnit.Core.SourceGenerator.Generators.TestMetadataGenerator\PropertySetterTests_Test_22d2a2c61512415884982eb05327caed.g.cs(53,46): error CS0234: The type or namespace name 'UnsafeAccessor' does not exist in the namespace 'System.Runtime.CompilerServices' (are you missing an assembly reference?) [D:\git\TUnit\TUnit.TestProject\TUnit.TestProject.csproj::TargetFramework=net472]
D:\git\TUnit\TUnit.TestProject\SourceGeneratedViewer\TUnit.Core.SourceGenerator\TUnit.Core.SourceGenerator.Generators.TestMetadataGenerator\PropertySetterTests_Test_22d2a2c61512415884982eb05327caed.g.cs(53,61): error CS0234: The type or namespace name 'UnsafeAccessorKind' does not exist in the namespace 'System.Runtime.CompilerServices' (are you missing an assembly reference?) [D:\git\TUnit\TUnit.TestProject\TUnit.TestProject.csproj::TargetFramework=net472]
D:\git\TUnit\TUnit.TestProject\SourceGeneratedViewer\TUnit.Core.SourceGenerator\TUnit.Core.SourceGenerator.Generators.TestMetadataGenerator\Tests2_Test_8fb03e73a8e741c185ce4f517ef1cccf.g.cs(23,46): error CS0234: The type or namespace name 'UnsafeAccessorAttribute' does not exist in the namespace 'System.Runtime.CompilerServices' (are you missing an assembly reference?) [D:\git\TUnit\TUnit.TestProject\TUnit.TestProject.csproj::TargetFramework=net472]
D:\git\TUnit\TUnit.TestProject\SourceGeneratedViewer\TUnit.Core.SourceGenerator\TUnit.Core.SourceGenerator.Generators.TestMetadataGenerator\Tests2_Test_8fb03e73a8e741c185ce4f517ef1cccf.g.cs(23,46): error CS0234: The type or namespace name 'UnsafeAccessor' does not exist in the namespace 'System.Runtime.CompilerServices' (are you missing an assembly reference?) [D:\git\TUnit\TUnit.TestProject\TUnit.TestProject.csproj::TargetFramework=net472]
D:\git\TUnit\TUnit.TestProject\SourceGeneratedViewer\TUnit.Core.SourceGenerator\TUnit.Core.SourceGenerator.Generators.TestMetadataGenerator\Tests2_Test_8fb03e73a8e741c185ce4f517ef1cccf.g.cs(23,61): error CS0234: The type or namespace name 'UnsafeAccessorKind' does not exist in the namespace 'System.Runtime.CompilerServices' (are you missing an assembly reference?) [D:\git\TUnit\TUnit.TestProject\TUnit.TestProject.csproj::TargetFramework=net472]
D:\git\TUnit\TUnit.TestProject\SourceGeneratedViewer\TUnit.Core.SourceGenerator\TUnit.Core.SourceGenerator.Generators.TestMetadataGenerator\Tests_Test_1b1fddb7ebb64e0a831095a6144ef4df.g.cs(23,46): error CS0234: The type or namespace name 'UnsafeAccessorAttribute' does not exist in the namespace 'System.Runtime.CompilerServices' (are you missing an assembly reference?) [D:\git\TUnit\TUnit.TestProject\TUnit.TestProject.csproj::TargetFramework=net472]
D:\git\TUnit\TUnit.TestProject\SourceGeneratedViewer\TUnit.Core.SourceGenerator\TUnit.Core.SourceGenerator.Generators.TestMetadataGenerator\Tests_Test_1b1fddb7ebb64e0a831095a6144ef4df.g.cs(23,46): error CS0234: The type or namespace name 'UnsafeAccessor' does not exist in the namespace 'System.Runtime.CompilerServices' (are you missing an assembly reference?) [D:\git\TUnit\TUnit.TestProject\TUnit.TestProject.csproj::TargetFramework=net472]
D:\git\TUnit\TUnit.TestProject\SourceGeneratedViewer\TUnit.Core.SourceGenerator\TUnit.Core.SourceGenerator.Generators.TestMetadataGenerator\Tests_Test_1b1fddb7ebb64e0a831095a6144ef4df.g.cs(23,61): error CS0234: The type or namespace name 'UnsafeAccessorKind' does not exist in the namespace 'System.Runtime.CompilerServices' (are you missing an assembly reference?) [D:\git\TUnit\TUnit.TestProject\TUnit.TestProject.csproj::TargetFramework=net472]
D:\git\TUnit\TUnit.TestProject\SourceGeneratedViewer\TUnit.Core.SourceGenerator\TUnit.Core.SourceGenerator.Generators.TestMetadataGenerator\Tests3_Test_1cf4372fcff7414d9160fc3d444c60b1.g.cs(23,46): error CS0234: The type or namespace name 'UnsafeAccessorAttribute' does not exist in the namespace 'System.Runtime.CompilerServices' (are you missing an assembly reference?) [D:\git\TUnit\TUnit.TestProject\TUnit.TestProject.csproj::TargetFramework=net472]
D:\git\TUnit\TUnit.TestProject\SourceGeneratedViewer\TUnit.Core.SourceGenerator\TUnit.Core.SourceGenerator.Generators.TestMetadataGenerator\Tests3_Test_1cf4372fcff7414d9160fc3d444c60b1.g.cs(23,46): error CS0234: The type or namespace name 'UnsafeAccessor' does not exist in the namespace 'System.Runtime.CompilerServices' (are you missing an assembly reference?) [D:\git\TUnit\TUnit.TestProject\TUnit.TestProject.csproj::TargetFramework=net472]
D:\git\TUnit\TUnit.TestProject\SourceGeneratedViewer\TUnit.Core.SourceGenerator\TUnit.Core.SourceGenerator.Generators.TestMetadataGenerator\Tests3_Test_1cf4372fcff7414d9160fc3d444c60b1.g.cs(23,61): error CS0234: The type or namespace name 'UnsafeAccessorKind' does not exist in the namespace 'System.Runtime.CompilerServices' (are you missing an assembly reference?) [D:\git\TUnit\TUnit.TestProject\TUnit.TestProject.csproj::TargetFramework=net472]
D:\git\TUnit\TUnit.TestProject\SourceGeneratedViewer\TUnit.Core.SourceGenerator\TUnit.Core.SourceGenerator.Generators.TestMetadataGenerator\Tests_Test_d0124c2235f449c682a78a22af76e50d.g.cs(23,46): error CS0234: The type or namespace name 'UnsafeAccessorAttribute' does not exist in the namespace 'System.Runtime.CompilerServices' (are you missing an assembly reference?) [D:\git\TUnit\TUnit.TestProject\TUnit.TestProject.csproj::TargetFramework=net472]
D:\git\TUnit\TUnit.TestProject\SourceGeneratedViewer\TUnit.Core.SourceGenerator\TUnit.Core.SourceGenerator.Generators.TestMetadataGenerator\Tests_Test_d0124c2235f449c682a78a22af76e50d.g.cs(23,46): error CS0234: The type or namespace name 'UnsafeAccessor' does not exist in the namespace 'System.Runtime.CompilerServices' (are you missing an assembly reference?) [D:\git\TUnit\TUnit.TestProject\TUnit.TestProject.csproj::TargetFramework=net472]
D:\git\TUnit\TUnit.TestProject\SourceGeneratedViewer\TUnit.Core.SourceGenerator\TUnit.Core.SourceGenerator.Generators.TestMetadataGenerator\Tests_Test_d0124c2235f449c682a78a22af76e50d.g.cs(23,61): error CS0234: The type or namespace name 'UnsafeAccessorKind' does not exist in the namespace 'System.Runtime.CompilerServices' (are you missing an assembly reference?) [D:\git\TUnit\TUnit.TestProject\TUnit.TestProject.csproj::TargetFramework=net472]
D:\git\TUnit\TUnit.TestProject\SourceGeneratedViewer\TUnit.Core.SourceGenerator\TUnit.Core.SourceGenerator.Generators.TestMetadataGenerator\Tests2_Test_b81ccf1aede5409f898a1b5bd845ff1d.g.cs(23,46): error CS0234: The type or namespace name 'UnsafeAccessorAttribute' does not exist in the namespace 'System.Runtime.CompilerServices' (are you missing an assembly reference?) [D:\git\TUnit\TUnit.TestProject\TUnit.TestProject.csproj::TargetFramework=net472]
D:\git\TUnit\TUnit.TestProject\SourceGeneratedViewer\TUnit.Core.SourceGenerator\TUnit.Core.SourceGenerator.Generators.TestMetadataGenerator\Tests2_Test_b81ccf1aede5409f898a1b5bd845ff1d.g.cs(23,46): error CS0234: The type or namespace name 'UnsafeAccessor' does not exist in the namespace 'System.Runtime.CompilerServices' (are you missing an assembly reference?) [D:\git\TUnit\TUnit.TestProject\TUnit.TestProject.csproj::TargetFramework=net472]
D:\git\TUnit\TUnit.TestProject\SourceGeneratedViewer\TUnit.Core.SourceGenerator\TUnit.Core.SourceGenerator.Generators.TestMetadataGenerator\Tests2_Test_b81ccf1aede5409f898a1b5bd845ff1d.g.cs(23,61): error CS0234: The type or namespace name 'UnsafeAccessorKind' does not exist in the namespace 'System.Runtime.CompilerServices' (are you missing an assembly reference?) [D:\git\TUnit\TUnit.TestProject\TUnit.TestProject.csproj::TargetFramework=net472]
D:\git\TUnit\TUnit.TestProject\SourceGeneratedViewer\TUnit.Core.SourceGenerator\TUnit.Core.SourceGenerator.Generators.TestMetadataGenerator\Tests2_Test_6fe3450aef6944cfbd6d6f212f7e56db.g.cs(23,46): error CS0234: The type or namespace name 'UnsafeAccessorAttribute' does not exist in the namespace 'System.Runtime.CompilerServices' (are you missing an assembly reference?) [D:\git\TUnit\TUnit.TestProject\TUnit.TestProject.csproj::TargetFramework=net472]
D:\git\TUnit\TUnit.TestProject\SourceGeneratedViewer\TUnit.Core.SourceGenerator\TUnit.Core.SourceGenerator.Generators.TestMetadataGenerator\Tests2_Test_6fe3450aef6944cfbd6d6f212f7e56db.g.cs(23,46): error CS0234: The type or namespace name 'UnsafeAccessor' does not exist in the namespace 'System.Runtime.CompilerServices' (are you missing an assembly reference?) [D:\git\TUnit\TUnit.TestProject\TUnit.TestProject.csproj::TargetFramework=net472]
D:\git\TUnit\TUnit.TestProject\SourceGeneratedViewer\TUnit.Core.SourceGenerator\TUnit.Core.SourceGenerator.Generators.TestMetadataGenerator\Tests2_Test_6fe3450aef6944cfbd6d6f212f7e56db.g.cs(23,61): error CS0234: The type or namespace name 'UnsafeAccessorKind' does not exist in the namespace 'System.Runtime.CompilerServices' (are you missing an assembly reference?) [D:\git\TUnit\TUnit.TestProject\TUnit.TestProject.csproj::TargetFramework=net472]
D:\git\TUnit\TUnit.TestProject\SourceGeneratedViewer\TUnit.Core.SourceGenerator\TUnit.Core.SourceGenerator.Generators.TestMetadataGenerator\Tests3_Test_a66cd72a5e4045d6b9902cfbcd4aa810.g.cs(23,46): error CS0234: The type or namespace name 'UnsafeAccessorAttribute' does not exist in the namespace 'System.Runtime.CompilerServices' (are you missing an assembly reference?) [D:\git\TUnit\TUnit.TestProject\TUnit.TestProject.csproj::TargetFramework=net472]
D:\git\TUnit\TUnit.TestProject\SourceGeneratedViewer\TUnit.Core.SourceGenerator\TUnit.Core.SourceGenerator.Generators.TestMetadataGenerator\Tests3_Test_a66cd72a5e4045d6b9902cfbcd4aa810.g.cs(23,46): error CS0234: The type or namespace name 'UnsafeAccessor' does not exist in the namespace 'System.Runtime.CompilerServices' (are you missing an assembly reference?) [D:\git\TUnit\TUnit.TestProject\TUnit.TestProject.csproj::TargetFramework=net472]
D:\git\TUnit\TUnit.TestProject\SourceGeneratedViewer\TUnit.Core.SourceGenerator\TUnit.Core.SourceGenerator.Generators.TestMetadataGenerator\Tests3_Test_a66cd72a5e4045d6b9902cfbcd4aa810.g.cs(23,61): error CS0234: The type or namespace name 'UnsafeAccessorKind' does not exist in the namespace 'System.Runtime.CompilerServices' (are you missing an assembly reference?) [D:\git\TUnit\TUnit.TestProject\TUnit.TestProject.csproj::TargetFramework=net472]
D:\git\TUnit\TUnit.TestProject\SourceGeneratedViewer\TUnit.Core.SourceGenerator\TUnit.Core.SourceGenerator.Generators.TestMetadataGenerator\Tests3_Test_376411f8e5ac44a3b185ddcd53e20459.g.cs(23,46): error CS0234: The type or namespace name 'UnsafeAccessorAttribute' does not exist in the namespace 'System.Runtime.CompilerServices' (are you missing an assembly reference?) [D:\git\TUnit\TUnit.TestProject\TUnit.TestProject.csproj::TargetFramework=net472]
D:\git\TUnit\TUnit.TestProject\SourceGeneratedViewer\TUnit.Core.SourceGenerator\TUnit.Core.SourceGenerator.Generators.TestMetadataGenerator\Tests3_Test_376411f8e5ac44a3b185ddcd53e20459.g.cs(23,46): error CS0234: The type or namespace name 'UnsafeAccessor' does not exist in the namespace 'System.Runtime.CompilerServices' (are you missing an assembly reference?) [D:\git\TUnit\TUnit.TestProject\TUnit.TestProject.csproj::TargetFramework=net472]
D:\git\TUnit\TUnit.TestProject\SourceGeneratedViewer\TUnit.Core.SourceGenerator\TUnit.Core.SourceGenerator.Generators.TestMetadataGenerator\Tests3_Test_376411f8e5ac44a3b185ddcd53e20459.g.cs(23,61): error CS0234: The type or namespace name 'UnsafeAccessorKind' does not exist in the namespace 'System.Runtime.CompilerServices' (are you missing an assembly reference?) [D:\git\TUnit\TUnit.TestProject\TUnit.TestProject.csproj::TargetFramework=net472]
D:\git\TUnit\TUnit.TestProject\SourceGeneratedViewer\TUnit.Core.SourceGenerator\TUnit.Core.SourceGenerator.Generators.TestMetadataGenerator\Tests_Test_a75a2970397942cca710e8e730db693e.g.cs(23,46): error CS0234: The type or namespace name 'UnsafeAccessorAttribute' does not exist in the namespace 'System.Runtime.CompilerServices' (are you missing an assembly reference?) [D:\git\TUnit\TUnit.TestProject\TUnit.TestProject.csproj::TargetFramework=net472]
D:\git\TUnit\TUnit.TestProject\SourceGeneratedViewer\TUnit.Core.SourceGenerator\TUnit.Core.SourceGenerator.Generators.TestMetadataGenerator\Tests_Test_a75a2970397942cca710e8e730db693e.g.cs(23,46): error CS0234: The type or namespace name 'UnsafeAccessor' does not exist in the namespace 'System.Runtime.CompilerServices' (are you missing an assembly reference?) [D:\git\TUnit\TUnit.TestProject\TUnit.TestProject.csproj::TargetFramework=net472]
D:\git\TUnit\TUnit.TestProject\SourceGeneratedViewer\TUnit.Core.SourceGenerator\TUnit.Core.SourceGenerator.Generators.TestMetadataGenerator\Tests_Test_a75a2970397942cca710e8e730db693e.g.cs(23,61): error CS0234: The type or namespace name 'UnsafeAccessorKind' does not exist in the namespace 'System.Runtime.CompilerServices' (are you missing an assembly reference?) [D:\git\TUnit\TUnit.TestProject\TUnit.TestProject.csproj::TargetFramework=net472]
D:\git\TUnit\TUnit.TestProject\SourceGeneratedViewer\TUnit.Core.SourceGenerator\TUnit.Core.SourceGenerator.Generators.TestMetadataGenerator\InheritedPropertySetterTests_Test_c2fa1c2583b9493ea66df5d8d20b0371.g.cs(23,46): error CS0234: The type or namespace name 'UnsafeAccessorAttribute' does not exist in the namespace 'System.Runtime.CompilerServices' (are you missing an assembly reference?) [D:\git\TUnit\TUnit.TestProject\TUnit.TestProject.csproj::TargetFramework=net472]
D:\git\TUnit\TUnit.TestProject\SourceGeneratedViewer\TUnit.Core.SourceGenerator\TUnit.Core.SourceGenerator.Generators.TestMetadataGenerator\InheritedPropertySetterTests_Test_c2fa1c2583b9493ea66df5d8d20b0371.g.cs(23,46): error CS0234: The type or namespace name 'UnsafeAccessor' does not exist in the namespace 'System.Runtime.CompilerServices' (are you missing an assembly reference?) [D:\git\TUnit\TUnit.TestProject\TUnit.TestProject.csproj::TargetFramework=net472]
D:\git\TUnit\TUnit.TestProject\SourceGeneratedViewer\TUnit.Core.SourceGenerator\TUnit.Core.SourceGenerator.Generators.TestMetadataGenerator\InheritedPropertySetterTests_Test_c2fa1c2583b9493ea66df5d8d20b0371.g.cs(23,61): error CS0234: The type or namespace name 'UnsafeAccessorKind' does not exist in the namespace 'System.Runtime.CompilerServices' (are you missing an assembly reference?) [D:\git\TUnit\TUnit.TestProject\TUnit.TestProject.csproj::TargetFramework=net472]
D:\git\TUnit\TUnit.TestProject\SourceGeneratedViewer\TUnit.Core.SourceGenerator\TUnit.Core.SourceGenerator.Generators.TestMetadataGenerator\InheritedPropertySetterTests_Test_c2fa1c2583b9493ea66df5d8d20b0371.g.cs(28,46): error CS0234: The type or namespace name 'UnsafeAccessorAttribute' does not exist in the namespace 'System.Runtime.CompilerServices' (are you missing an assembly reference?) [D:\git\TUnit\TUnit.TestProject\TUnit.TestProject.csproj::TargetFramework=net472]
D:\git\TUnit\TUnit.TestProject\SourceGeneratedViewer\TUnit.Core.SourceGenerator\TUnit.Core.SourceGenerator.Generators.TestMetadataGenerator\InheritedPropertySetterTests_Test_c2fa1c2583b9493ea66df5d8d20b0371.g.cs(28,46): error CS0234: The type or namespace name 'UnsafeAccessor' does not exist in the namespace 'System.Runtime.CompilerServices' (are you missing an assembly reference?) [D:\git\TUnit\TUnit.TestProject\TUnit.TestProject.csproj::TargetFramework=net472]
D:\git\TUnit\TUnit.TestProject\SourceGeneratedViewer\TUnit.Core.SourceGenerator\TUnit.Core.SourceGenerator.Generators.TestMetadataGenerator\InheritedPropertySetterTests_Test_c2fa1c2583b9493ea66df5d8d20b0371.g.cs(28,61): error CS0234: The type or namespace name 'UnsafeAccessorKind' does not exist in the namespace 'System.Runtime.CompilerServices' (are you missing an assembly reference?) [D:\git\TUnit\TUnit.TestProject\TUnit.TestProject.csproj::TargetFramework=net472]
D:\git\TUnit\TUnit.TestProject\SourceGeneratedViewer\TUnit.Core.SourceGenerator\TUnit.Core.SourceGenerator.Generators.TestMetadataGenerator\InheritedPropertySetterTests_Test_c2fa1c2583b9493ea66df5d8d20b0371.g.cs(33,46): error CS0234: The type or namespace name 'UnsafeAccessorAttribute' does not exist in the namespace 'System.Runtime.CompilerServices' (are you missing an assembly reference?) [D:\git\TUnit\TUnit.TestProject\TUnit.TestProject.csproj::TargetFramework=net472]
D:\git\TUnit\TUnit.TestProject\SourceGeneratedViewer\TUnit.Core.SourceGenerator\TUnit.Core.SourceGenerator.Generators.TestMetadataGenerator\InheritedPropertySetterTests_Test_c2fa1c2583b9493ea66df5d8d20b0371.g.cs(33,46): error CS0234: The type or namespace name 'UnsafeAccessor' does not exist in the namespace 'System.Runtime.CompilerServices' (are you missing an assembly reference?) [D:\git\TUnit\TUnit.TestProject\TUnit.TestProject.csproj::TargetFramework=net472]
D:\git\TUnit\TUnit.TestProject\SourceGeneratedViewer\TUnit.Core.SourceGenerator\TUnit.Core.SourceGenerator.Generators.TestMetadataGenerator\InheritedPropertySetterTests_Test_c2fa1c2583b9493ea66df5d8d20b0371.g.cs(33,61): error CS0234: The type or namespace name 'UnsafeAccessorKind' does not exist in the namespace 'System.Runtime.CompilerServices' (are you missing an assembly reference?) [D:\git\TUnit\TUnit.TestProject\TUnit.TestProject.csproj::TargetFramework=net472]
D:\git\TUnit\TUnit.TestProject\SourceGeneratedViewer\TUnit.Core.SourceGenerator\TUnit.Core.SourceGenerator.Generators.TestMetadataGenerator\InheritedPropertySetterTests_Test_c2fa1c2583b9493ea66df5d8d20b0371.g.cs(38,46): error CS0234: The type or namespace name 'UnsafeAccessorAttribute' does not exist in the namespace 'System.Runtime.CompilerServices' (are you missing an assembly reference?) [D:\git\TUnit\TUnit.TestProject\TUnit.TestProject.csproj::TargetFramework=net472]
D:\git\TUnit\TUnit.TestProject\SourceGeneratedViewer\TUnit.Core.SourceGenerator\TUnit.Core.SourceGenerator.Generators.TestMetadataGenerator\InheritedPropertySetterTests_Test_c2fa1c2583b9493ea66df5d8d20b0371.g.cs(38,46): error CS0234: The type or namespace name 'UnsafeAccessor' does not exist in the namespace 'System.Runtime.CompilerServices' (are you missing an assembly reference?) [D:\git\TUnit\TUnit.TestProject\TUnit.TestProject.csproj::TargetFramework=net472]
D:\git\TUnit\TUnit.TestProject\SourceGeneratedViewer\TUnit.Core.SourceGenerator\TUnit.Core.SourceGenerator.Generators.TestMetadataGenerator\InheritedPropertySetterTests_Test_c2fa1c2583b9493ea66df5d8d20b0371.g.cs(38,61): error CS0234: The type or namespace name 'UnsafeAccessorKind' does not exist in the namespace 'System.Runtime.CompilerServices' (are you missing an assembly reference?) [D:\git\TUnit\TUnit.TestProject\TUnit.TestProject.csproj::TargetFramework=net472]
D:\git\TUnit\TUnit.TestProject\SourceGeneratedViewer\TUnit.Core.SourceGenerator\TUnit.Core.SourceGenerator.Generators.TestMetadataGenerator\InheritedPropertySetterTests_Test_c2fa1c2583b9493ea66df5d8d20b0371.g.cs(43,46): error CS0234: The type or namespace name 'UnsafeAccessorAttribute' does not exist in the namespace 'System.Runtime.CompilerServices' (are you missing an assembly reference?) [D:\git\TUnit\TUnit.TestProject\TUnit.TestProject.csproj::TargetFramework=net472]
D:\git\TUnit\TUnit.TestProject\SourceGeneratedViewer\TUnit.Core.SourceGenerator\TUnit.Core.SourceGenerator.Generators.TestMetadataGenerator\InheritedPropertySetterTests_Test_c2fa1c2583b9493ea66df5d8d20b0371.g.cs(43,46): error CS0234: The type or namespace name 'UnsafeAccessor' does not exist in the namespace 'System.Runtime.CompilerServices' (are you missing an assembly reference?) [D:\git\TUnit\TUnit.TestProject\TUnit.TestProject.csproj::TargetFramework=net472]
D:\git\TUnit\TUnit.TestProject\SourceGeneratedViewer\TUnit.Core.SourceGenerator\TUnit.Core.SourceGenerator.Generators.TestMetadataGenerator\InheritedPropertySetterTests_Test_c2fa1c2583b9493ea66df5d8d20b0371.g.cs(43,61): error CS0234: The type or namespace name 'UnsafeAccessorKind' does not exist in the namespace 'System.Runtime.CompilerServices' (are you missing an assembly reference?) [D:\git\TUnit\TUnit.TestProject\TUnit.TestProject.csproj::TargetFramework=net472]
D:\git\TUnit\TUnit.TestProject\SourceGeneratedViewer\TUnit.Core.SourceGenerator\TUnit.Core.SourceGenerator.Generators.TestMetadataGenerator\InheritedPropertySetterTests_Test_c2fa1c2583b9493ea66df5d8d20b0371.g.cs(48,46): error CS0234: The type or namespace name 'UnsafeAccessorAttribute' does not exist in the namespace 'System.Runtime.CompilerServices' (are you missing an assembly reference?) [D:\git\TUnit\TUnit.TestProject\TUnit.TestProject.csproj::TargetFramework=net472]
D:\git\TUnit\TUnit.TestProject\SourceGeneratedViewer\TUnit.Core.SourceGenerator\TUnit.Core.SourceGenerator.Generators.TestMetadataGenerator\InheritedPropertySetterTests_Test_c2fa1c2583b9493ea66df5d8d20b0371.g.cs(48,46): error CS0234: The type or namespace name 'UnsafeAccessor' does not exist in the namespace 'System.Runtime.CompilerServices' (are you missing an assembly reference?) [D:\git\TUnit\TUnit.TestProject\TUnit.TestProject.csproj::TargetFramework=net472]
D:\git\TUnit\TUnit.TestProject\SourceGeneratedViewer\TUnit.Core.SourceGenerator\TUnit.Core.SourceGenerator.Generators.TestMetadataGenerator\InheritedPropertySetterTests_Test_c2fa1c2583b9493ea66df5d8d20b0371.g.cs(48,61): error CS0234: The type or namespace name 'UnsafeAccessorKind' does not exist in the namespace 'System.Runtime.CompilerServices' (are you missing an assembly reference?) [D:\git\TUnit\TUnit.TestProject\TUnit.TestProject.csproj::TargetFramework=net472]
D:\git\TUnit\TUnit.TestProject\SourceGeneratedViewer\TUnit.Core.SourceGenerator\TUnit.Core.SourceGenerator.Generators.TestMetadataGenerator\Tests_Test_9259521211cc4a47b469c8e986126afb.g.cs(23,46): error CS0234: The type or namespace name 'UnsafeAccessorAttribute' does not exist in the namespace 'System.Runtime.CompilerServices' (are you missing an assembly reference?) [D:\git\TUnit\TUnit.TestProject\TUnit.TestProject.csproj::TargetFramework=net472]
D:\git\TUnit\TUnit.TestProject\SourceGeneratedViewer\TUnit.Core.SourceGenerator\TUnit.Core.SourceGenerator.Generators.TestMetadataGenerator\Tests_Test_9259521211cc4a47b469c8e986126afb.g.cs(23,46): error CS0234: The type or namespace name 'UnsafeAccessor' does not exist in the namespace 'System.Runtime.CompilerServices' (are you missing an assembly reference?) [D:\git\TUnit\TUnit.TestProject\TUnit.TestProject.csproj::TargetFramework=net472]
D:\git\TUnit\TUnit.TestProject\SourceGeneratedViewer\TUnit.Core.SourceGenerator\TUnit.Core.SourceGenerator.Generators.TestMetadataGenerator\Tests_Test_9259521211cc4a47b469c8e986126afb.g.cs(23,61): error CS0234: The type or namespace name 'UnsafeAccessorKind' does not exist in the namespace 'System.Runtime.CompilerServices' (are you missing an assembly reference?) [D:\git\TUnit\TUnit.TestProject\TUnit.TestProject.csproj::TargetFramework=net472]
D:\git\TUnit\TUnit.TestProject\SourceGeneratedViewer\TUnit.Core.SourceGenerator\TUnit.Core.SourceGenerator.Generators.TestMetadataGenerator\InheritedPropertySetterTests_Test_c2fa1c2583b9493ea66df5d8d20b0371.g.cs(53,46): error CS0234: The type or namespace name 'UnsafeAccessorAttribute' does not exist in the namespace 'System.Runtime.CompilerServices' (are you missing an assembly reference?) [D:\git\TUnit\TUnit.TestProject\TUnit.TestProject.csproj::TargetFramework=net472]
D:\git\TUnit\TUnit.TestProject\SourceGeneratedViewer\TUnit.Core.SourceGenerator\TUnit.Core.SourceGenerator.Generators.TestMetadataGenerator\InheritedPropertySetterTests_Test_c2fa1c2583b9493ea66df5d8d20b0371.g.cs(53,46): error CS0234: The type or namespace name 'UnsafeAccessor' does not exist in the namespace 'System.Runtime.CompilerServices' (are you missing an assembly reference?) [D:\git\TUnit\TUnit.TestProject\TUnit.TestProject.csproj::TargetFramework=net472]
D:\git\TUnit\TUnit.TestProject\SourceGeneratedViewer\TUnit.Core.SourceGenerator\TUnit.Core.SourceGenerator.Generators.TestMetadataGenerator\InheritedPropertySetterTests_Test_c2fa1c2583b9493ea66df5d8d20b0371.g.cs(53,61): error CS0234: The type or namespace name 'UnsafeAccessorKind' does not exist in the namespace 'System.Runtime.CompilerServices' (are you missing an assembly reference?) [D:\git\TUnit\TUnit.TestProject\TUnit.TestProject.csproj::TargetFramework=net472]
D:\git\TUnit\TUnit.TestProject\SourceGeneratedViewer\TUnit.Core.SourceGenerator\TUnit.Core.SourceGenerator.Generators.TestMetadataGenerator\Tests2_Test_d54f42a6c04e41d69c3c44f4ad0a1876.g.cs(23,46): error CS0234: The type or namespace name 'UnsafeAccessorAttribute' does not exist in the namespace 'System.Runtime.CompilerServices' (are you missing an assembly reference?) [D:\git\TUnit\TUnit.TestProject\TUnit.TestProject.csproj::TargetFramework=net472]
D:\git\TUnit\TUnit.TestProject\SourceGeneratedViewer\TUnit.Core.SourceGenerator\TUnit.Core.SourceGenerator.Generators.TestMetadataGenerator\Tests2_Test_d54f42a6c04e41d69c3c44f4ad0a1876.g.cs(23,46): error CS0234: The type or namespace name 'UnsafeAccessor' does not exist in the namespace 'System.Runtime.CompilerServices' (are you missing an assembly reference?) [D:\git\TUnit\TUnit.TestProject\TUnit.TestProject.csproj::TargetFramework=net472]
D:\git\TUnit\TUnit.TestProject\SourceGeneratedViewer\TUnit.Core.SourceGenerator\TUnit.Core.SourceGenerator.Generators.TestMetadataGenerator\Tests2_Test_d54f42a6c04e41d69c3c44f4ad0a1876.g.cs(23,61): error CS0234: The type or namespace name 'UnsafeAccessorKind' does not exist in the namespace 'System.Runtime.CompilerServices' (are you missing an assembly reference?) [D:\git\TUnit\TUnit.TestProject\TUnit.TestProject.csproj::TargetFramework=net472]
D:\git\TUnit\TUnit.TestProject\SourceGeneratedViewer\TUnit.Core.SourceGenerator\TUnit.Core.SourceGenerator.Generators.TestMetadataGenerator\Tests3_Test_e394ea17ee474796999f153f7775d07c.g.cs(23,46): error CS0234: The type or namespace name 'UnsafeAccessorAttribute' does not exist in the namespace 'System.Runtime.CompilerServices' (are you missing an assembly reference?) [D:\git\TUnit\TUnit.TestProject\TUnit.TestProject.csproj::TargetFramework=net472]
D:\git\TUnit\TUnit.TestProject\SourceGeneratedViewer\TUnit.Core.SourceGenerator\TUnit.Core.SourceGenerator.Generators.TestMetadataGenerator\Tests3_Test_e394ea17ee474796999f153f7775d07c.g.cs(23,46): error CS0234: The type or namespace name 'UnsafeAccessor' does not exist in the namespace 'System.Runtime.CompilerServices' (are you missing an assembly reference?) [D:\git\TUnit\TUnit.TestProject\TUnit.TestProject.csproj::TargetFramework=net472]
D:\git\TUnit\TUnit.TestProject\SourceGeneratedViewer\TUnit.Core.SourceGenerator\TUnit.Core.SourceGenerator.Generators.TestMetadataGenerator\Tests3_Test_e394ea17ee474796999f153f7775d07c.g.cs(23,61): error CS0234: The type or namespace name 'UnsafeAccessorKind' does not exist in the namespace 'System.Runtime.CompilerServices' (are you missing an assembly reference?) [D:\git\TUnit\TUnit.TestProject\TUnit.TestProject.csproj::TargetFramework=net472]
D:\git\TUnit\TUnit.TestProject\SourceGeneratedViewer\TUnit.Core.SourceGenerator\TUnit.Core.SourceGenerator.Generators.TestMetadataGenerator\Tests_Test_d88a3013a1d24c4ca02a8d304860fc21.g.cs(23,46): error CS0234: The type or namespace name 'UnsafeAccessorAttribute' does not exist in the namespace 'System.Runtime.CompilerServices' (are you missing an assembly reference?) [D:\git\TUnit\TUnit.TestProject\TUnit.TestProject.csproj::TargetFramework=net472]
D:\git\TUnit\TUnit.TestProject\SourceGeneratedViewer\TUnit.Core.SourceGenerator\TUnit.Core.SourceGenerator.Generators.TestMetadataGenerator\Tests_Test_d88a3013a1d24c4ca02a8d304860fc21.g.cs(23,46): error CS0234: The type or namespace name 'UnsafeAccessor' does not exist in the namespace 'System.Runtime.CompilerServices' (are you missing an assembly reference?) [D:\git\TUnit\TUnit.TestProject\TUnit.TestProject.csproj::TargetFramework=net472]
D:\git\TUnit\TUnit.TestProject\SourceGeneratedViewer\TUnit.Core.SourceGenerator\TUnit.Core.SourceGenerator.Generators.TestMetadataGenerator\Tests_Test_d88a3013a1d24c4ca02a8d304860fc21.g.cs(23,61): error CS0234: The type or namespace name 'UnsafeAccessorKind' does not exist in the namespace 'System.Runtime.CompilerServices' (are you missing an assembly reference?) [D:\git\TUnit\TUnit.TestProject\TUnit.TestProject.csproj::TargetFramework=net472]
D:\git\TUnit\TUnit.TestProject\SourceGeneratedViewer\TUnit.Core.SourceGenerator\TUnit.Core.SourceGenerator.Generators.TestMetadataGenerator\Tests2_Test_1039f43106174365848f6ec29147f4f6.g.cs(23,46): error CS0234: The type or namespace name 'UnsafeAccessorAttribute' does not exist in the namespace 'System.Runtime.CompilerServices' (are you missing an assembly reference?) [D:\git\TUnit\TUnit.TestProject\TUnit.TestProject.csproj::TargetFramework=net472]
D:\git\TUnit\TUnit.TestProject\SourceGeneratedViewer\TUnit.Core.SourceGenerator\TUnit.Core.SourceGenerator.Generators.TestMetadataGenerator\Tests2_Test_1039f43106174365848f6ec29147f4f6.g.cs(23,46): error CS0234: The type or namespace name 'UnsafeAccessor' does not exist in the namespace 'System.Runtime.CompilerServices' (are you missing an assembly reference?) [D:\git\TUnit\TUnit.TestProject\TUnit.TestProject.csproj::TargetFramework=net472]
D:\git\TUnit\TUnit.TestProject\SourceGeneratedViewer\TUnit.Core.SourceGenerator\TUnit.Core.SourceGenerator.Generators.TestMetadataGenerator\Tests2_Test_1039f43106174365848f6ec29147f4f6.g.cs(23,61): error CS0234: The type or namespace name 'UnsafeAccessorKind' does not exist in the namespace 'System.Runtime.CompilerServices' (are you missing an assembly reference?) [D:\git\TUnit\TUnit.TestProject\TUnit.TestProject.csproj::TargetFramework=net472]
D:\git\TUnit\TUnit.TestProject\SourceGeneratedViewer\TUnit.Core.SourceGenerator\TUnit.Core.SourceGenerator.Generators.TestMetadataGenerator\Tests3_Test_f7c05bd2ce7841b58555c1be71441754.g.cs(23,46): error CS0234: The type or namespace name 'UnsafeAccessorAttribute' does not exist in the namespace 'System.Runtime.CompilerServices' (are you missing an assembly reference?) [D:\git\TUnit\TUnit.TestProject\TUnit.TestProject.csproj::TargetFramework=net472]
D:\git\TUnit\TUnit.TestProject\SourceGeneratedViewer\TUnit.Core.SourceGenerator\TUnit.Core.SourceGenerator.Generators.TestMetadataGenerator\Tests3_Test_f7c05bd2ce7841b58555c1be71441754.g.cs(23,46): error CS0234: The type or namespace name 'UnsafeAccessor' does not exist in the namespace 'System.Runtime.CompilerServices' (are you missing an assembly reference?) [D:\git\TUnit\TUnit.TestProject\TUnit.TestProject.csproj::TargetFramework=net472]
D:\git\TUnit\TUnit.TestProject\SourceGeneratedViewer\TUnit.Core.SourceGenerator\TUnit.Core.SourceGenerator.Generators.TestMetadataGenerator\Tests3_Test_f7c05bd2ce7841b58555c1be71441754.g.cs(23,61): error CS0234: The type or namespace name 'UnsafeAccessorKind' does not exist in the namespace 'System.Runtime.CompilerServices' (are you missing an assembly reference?) [D:\git\TUnit\TUnit.TestProject\TUnit.TestProject.csproj::TargetFramework=net472]
D:\git\TUnit\TUnit.TestProject\SourceGeneratedViewer\TUnit.Core.SourceGenerator\TUnit.Core.SourceGenerator.Generators.DataSourceHelpersGenerator\DataSourceHelpers.g.cs(46,30): warning CS1998: This async method lacks 'await' operators and will run synchronously. Consider using the 'await' operator to await non-blocking API calls, or 'await Task.Run(...)' to do CPU-bound work on a background thread. [D:\git\TUnit\TUnit.TestProject\TUnit.TestProject.csproj::TargetFramework=net8.0]
D:\git\TUnit\TUnit.TestProject\SourceGeneratedViewer\TUnit.Core.SourceGenerator\TUnit.Core.SourceGenerator.Generators.DataSourceHelpersGenerator\DataSourceHelpers.g.cs(68,30): warning CS1998: This async method lacks 'await' operators and will run synchronously. Consider using the 'await' operator to await non-blocking API calls, or 'await Task.Run(...)' to do CPU-bound work on a background thread. [D:\git\TUnit\TUnit.TestProject\TUnit.TestProject.csproj::TargetFramework=net8.0]
D:\git\TUnit\TUnit.TestProject\SourceGeneratedViewer\TUnit.Core.SourceGenerator\TUnit.Core.SourceGenerator.Generators.DataSourceHelpersGenerator\DataSourceHelpers.g.cs(90,30): warning CS1998: This async method lacks 'await' operators and will run synchronously. Consider using the 'await' operator to await non-blocking API calls, or 'await Task.Run(...)' to do CPU-bound work on a background thread. [D:\git\TUnit\TUnit.TestProject\TUnit.TestProject.csproj::TargetFramework=net8.0]
D:\git\TUnit\TUnit.TestProject\SourceGeneratedViewer\TUnit.Core.SourceGenerator\TUnit.Core.SourceGenerator.Generators.DataSourceHelpersGenerator\DataSourceHelpers.g.cs(112,30): warning CS1998: This async method lacks 'await' operators and will run synchronously. Consider using the 'await' operator to await non-blocking API calls, or 'await Task.Run(...)' to do CPU-bound work on a background thread. [D:\git\TUnit\TUnit.TestProject\TUnit.TestProject.csproj::TargetFramework=net8.0]
D:\git\TUnit\TUnit.TestProject\SourceGeneratedViewer\TUnit.Core.SourceGenerator\TUnit.Core.SourceGenerator.Generators.DataSourceHelpersGenerator\DataSourceHelpers.g.cs(134,30): warning CS1998: This async method lacks 'await' operators and will run synchronously. Consider using the 'await' operator to await non-blocking API calls, or 'await Task.Run(...)' to do CPU-bound work on a background thread. [D:\git\TUnit\TUnit.TestProject\TUnit.TestProject.csproj::TargetFramework=net8.0]
D:\git\TUnit\TUnit.TestProject\SourceGeneratedViewer\TUnit.Core.SourceGenerator\TUnit.Core.SourceGenerator.Generators.DataSourceHelpersGenerator\DataSourceHelpers.g.cs(152,30): warning CS1998: This async method lacks 'await' operators and will run synchronously. Consider using the 'await' operator to await non-blocking API calls, or 'await Task.Run(...)' to do CPU-bound work on a background thread. [D:\git\TUnit\TUnit.TestProject\TUnit.TestProject.csproj::TargetFramework=net8.0]
D:\git\TUnit\TUnit.TestProject\SourceGeneratedViewer\TUnit.Core.SourceGenerator\TUnit.Core.SourceGenerator.Generators.DataSourceHelpersGenerator\DataSourceHelpers.g.cs(170,30): warning CS1998: This async method lacks 'await' operators and will run synchronously. Consider using the 'await' operator to await non-blocking API calls, or 'await Task.Run(...)' to do CPU-bound work on a background thread. [D:\git\TUnit\TUnit.TestProject\TUnit.TestProject.csproj::TargetFramework=net8.0]
D:\git\TUnit\TUnit.TestProject\SourceGeneratedViewer\TUnit.Core.SourceGenerator\TUnit.Core.SourceGenerator.Generators.DataSourceHelpersGenerator\DataSourceHelpers.g.cs(191,30): warning CS1998: This async method lacks 'await' operators and will run synchronously. Consider using the 'await' operator to await non-blocking API calls, or 'await Task.Run(...)' to do CPU-bound work on a background thread. [D:\git\TUnit\TUnit.TestProject\TUnit.TestProject.csproj::TargetFramework=net8.0]
D:\git\TUnit\TUnit.TestProject\SourceGeneratedViewer\TUnit.Core.SourceGenerator\TUnit.Core.SourceGenerator.Generators.DataSourceHelpersGenerator\DataSourceHelpers.g.cs(209,30): warning CS1998: This async method lacks 'await' operators and will run synchronously. Consider using the 'await' operator to await non-blocking API calls, or 'await Task.Run(...)' to do CPU-bound work on a background thread. [D:\git\TUnit\TUnit.TestProject\TUnit.TestProject.csproj::TargetFramework=net8.0]
D:\git\TUnit\TUnit.TestProject\SourceGeneratedViewer\TUnit.Core.SourceGenerator\TUnit.Core.SourceGenerator.Generators.DataSourceHelpersGenerator\DataSourceHelpers.g.cs(227,30): warning CS1998: This async method lacks 'await' operators and will run synchronously. Consider using the 'await' operator to await non-blocking API calls, or 'await Task.Run(...)' to do CPU-bound work on a background thread. [D:\git\TUnit\TUnit.TestProject\TUnit.TestProject.csproj::TargetFramework=net8.0]
D:\git\TUnit\TUnit.TestProject\SourceGeneratedViewer\TUnit.Core.SourceGenerator\TUnit.Core.SourceGenerator.Generators.DataSourceHelpersGenerator\DataSourceHelpers.g.cs(245,30): warning CS1998: This async method lacks 'await' operators and will run synchronously. Consider using the 'await' operator to await non-blocking API calls, or 'await Task.Run(...)' to do CPU-bound work on a background thread. [D:\git\TUnit\TUnit.TestProject\TUnit.TestProject.csproj::TargetFramework=net8.0]
D:\git\TUnit\TUnit.TestProject\TestCountVerificationTests.cs(6,45): warning CS9113: Parameter 'value' is unread. [D:\git\TUnit\TUnit.TestProject\TUnit.TestProject.csproj::TargetFramework=net8.0]
D:\git\TUnit\TUnit.TestProject\PropertyInitializationTests.cs(98,91): warning CS1998: This async method lacks 'await' operators and will run synchronously. Consider using the 'await' operator to await non-blocking API calls, or 'await Task.Run(...)' to do CPU-bound work on a background thread. [D:\git\TUnit\TUnit.TestProject\TUnit.TestProject.csproj::TargetFramework=net8.0]
D:\git\TUnit\TUnit.TestProject\NestedClassDataSourceDrivenTests3.cs(130,36): warning CS8618: Non-nullable property 'InnerClass' must contain a non-null value when exiting constructor. Consider adding the 'required' modifier or declaring the property as nullable. [D:\git\TUnit\TUnit.TestProject\TUnit.TestProject.csproj::TargetFramework=net8.0]
D:\git\TUnit\TUnit.TestProject\NestedClassDataSourceDrivenTests3.cs(100,36): warning CS8618: Non-nullable property 'InnerClass' must contain a non-null value when exiting constructor. Consider adding the 'required' modifier or declaring the property as nullable. [D:\git\TUnit\TUnit.TestProject\TUnit.TestProject.csproj::TargetFramework=net8.0]
D:\git\TUnit\TUnit.TestProject\NestedClassDataSourceDrivenTests3.cs(61,36): warning CS8618: Non-nullable property 'InnerClass' must contain a non-null value when exiting constructor. Consider adding the 'required' modifier or declaring the property as nullable. [D:\git\TUnit\TUnit.TestProject\TUnit.TestProject.csproj::TargetFramework=net8.0]
D:\git\TUnit\TUnit.TestProject\AsyncDataSourceExampleTests.cs(5,67): warning CS1998: This async method lacks 'await' operators and will run synchronously. Consider using the 'await' operator to await non-blocking API calls, or 'await Task.Run(...)' to do CPU-bound work on a background thread. [D:\git\TUnit\TUnit.TestProject\TUnit.TestProject.csproj::TargetFramework=net8.0]
D:\git\TUnit\TUnit.TestProject\NestedClassDataSourceDrivenTests3.cs(34,36): warning CS8618: Non-nullable property 'InnerClass' must contain a non-null value when exiting constructor. Consider adding the 'required' modifier or declaring the property as nullable. [D:\git\TUnit\TUnit.TestProject\TUnit.TestProject.csproj::TargetFramework=net8.0]
D:\git\TUnit\TUnit.TestProject\AsyncDataSourceExampleTests.cs(57,71): warning CS1998: This async method lacks 'await' operators and will run synchronously. Consider using the 'await' operator to await non-blocking API calls, or 'await Task.Run(...)' to do CPU-bound work on a background thread. [D:\git\TUnit\TUnit.TestProject\TUnit.TestProject.csproj::TargetFramework=net8.0]
D:\git\TUnit\TUnit.TestProject\NestedClassDataSourceDrivenTests2.cs(33,36): warning CS8618: Non-nullable property 'InnerClass' must contain a non-null value when exiting constructor. Consider adding the 'required' modifier or declaring the property as nullable. [D:\git\TUnit\TUnit.TestProject\TUnit.TestProject.csproj::TargetFramework=net8.0]
D:\git\TUnit\TUnit.TestProject\Bugs\1570\Tests.cs(21,23): warning CS1998: This async method lacks 'await' operators and will run synchronously. Consider using the 'await' operator to await non-blocking API calls, or 'await Task.Run(...)' to do CPU-bound work on a background thread. [D:\git\TUnit\TUnit.TestProject\TUnit.TestProject.csproj::TargetFramework=net8.0]
D:\git\TUnit\TUnit.TestProject\MixedDataSourceBugTest.cs(5,41): warning CS9113: Parameter 'classValue' is unread. [D:\git\TUnit\TUnit.TestProject\TUnit.TestProject.csproj::TargetFramework=net8.0]
D:\git\TUnit\TUnit.TestProject\DynamicTests\Basic2.cs(18,40): warning CS4014: Because this call is not awaited, execution of the current method continues before the call is completed. Consider applying the 'await' operator to the result of the call. [D:\git\TUnit\TUnit.TestProject\TUnit.TestProject.csproj::TargetFramework=net8.0]
D:\git\TUnit\TUnit.TestProject\DynamicTests\Basic2.cs(29,40): warning CS4014: Because this call is not awaited, execution of the current method continues before the call is completed. Consider applying the 'await' operator to the result of the call. [D:\git\TUnit\TUnit.TestProject\TUnit.TestProject.csproj::TargetFramework=net8.0]
D:\git\TUnit\TUnit.TestProject\ComprehensiveCountTest.cs(8,44): warning CS9113: Parameter 'classValue' is unread. [D:\git\TUnit\TUnit.TestProject\TUnit.TestProject.csproj::TargetFramework=net8.0]
D:\git\TUnit\TUnit.TestProject\DynamicTests\Basic.cs(56,36): warning CS4014: Because this call is not awaited, execution of the current method continues before the call is completed. Consider applying the 'await' operator to the result of the call. [D:\git\TUnit\TUnit.TestProject\TUnit.TestProject.csproj::TargetFramework=net8.0]
D:\git\TUnit\TUnit.TestProject\DynamicTests\Basic.cs(63,36): warning CS4014: Because this call is not awaited, execution of the current method continues before the call is completed. Consider applying the 'await' operator to the result of the call. [D:\git\TUnit\TUnit.TestProject\TUnit.TestProject.csproj::TargetFramework=net8.0]
D:\git\TUnit\TUnit.TestProject\DynamicTests\Basic.cs(77,36): warning CS4014: Because this call is not awaited, execution of the current method continues before the call is completed. Consider applying the 'await' operator to the result of the call. [D:\git\TUnit\TUnit.TestProject\TUnit.TestProject.csproj::TargetFramework=net8.0]
D:\git\TUnit\TUnit.TestProject\DynamicTests\Basic.cs(84,36): warning CS4014: Because this call is not awaited, execution of the current method continues before the call is completed. Consider applying the 'await' operator to the result of the call. [D:\git\TUnit\TUnit.TestProject\TUnit.TestProject.csproj::TargetFramework=net8.0]
D:\git\TUnit\TUnit.TestProject\DynamicTests\Basic.cs(91,36): warning CS4014: Because this call is not awaited, execution of the current method continues before the call is completed. Consider applying the 'await' operator to the result of the call. [D:\git\TUnit\TUnit.TestProject\TUnit.TestProject.csproj::TargetFramework=net8.0]
D:\git\TUnit\TUnit.TestProject\ClassDataSourceEnumerableTest.cs(6,51): warning CS9113: Parameter 'value' is unread. [D:\git\TUnit\TUnit.TestProject\TUnit.TestProject.csproj::TargetFramework=net8.0]
D:\git\TUnit\TUnit.TestProject\DynamicTests\Runtime.cs(14,17): warning TUnit0014: Method should have a `Test` attribute or be made `private` or `protected` [D:\git\TUnit\TUnit.TestProject\TUnit.TestProject.csproj::TargetFramework=net8.0]
D:\git\TUnit\TUnit.TestProject\AllDataSourcesCombinedTests.cs(40,30): warning TUnit0042: Global hooks should not be mixed with test classes to avoid confusion. Place them in their own class. [D:\git\TUnit\TUnit.TestProject\TUnit.TestProject.csproj::TargetFramework=net8.0]
D:\git\TUnit\TUnit.TestProject\STAThreadTests.cs(164,51): warning TUnit0200: Avoid using '.Result' on async operations as it can cause deadlocks. Use 'await' instead. [D:\git\TUnit\TUnit.TestProject\TUnit.TestProject.csproj::TargetFramework=net8.0]
D:\git\TUnit\TUnit.TestProject\SimpleStaticTest.cs(9,15): warning TUnitAssertions0005: Assert.That(...) should not be used with a constant value [D:\git\TUnit\TUnit.TestProject\TUnit.TestProject.csproj::TargetFramework=net8.0]
D:\git\TUnit\TUnit.TestProject\SimpleHookTest.cs(28,24): warning TUnit0042: Global hooks should not be mixed with test classes to avoid confusion. Place them in their own class. [D:\git\TUnit\TUnit.TestProject\TUnit.TestProject.csproj::TargetFramework=net8.0]
D:\git\TUnit\TUnit.TestProject\SimpleHookTest.cs(23,24): warning TUnit0042: Global hooks should not be mixed with test classes to avoid confusion. Place them in their own class. [D:\git\TUnit\TUnit.TestProject\TUnit.TestProject.csproj::TargetFramework=net8.0]
D:\git\TUnit\TUnit.TestProject\ArgumentsWithClassDataSourceTests.cs(29,30): warning TUnit0042: Global hooks should not be mixed with test classes to avoid confusion. Place them in their own class. [D:\git\TUnit\TUnit.TestProject\TUnit.TestProject.csproj::TargetFramework=net8.0]
D:\git\TUnit\TUnit.TestProject\MultipleDataSourcesTests.cs(29,30): warning TUnit0042: Global hooks should not be mixed with test classes to avoid confusion. Place them in their own class. [D:\git\TUnit\TUnit.TestProject\TUnit.TestProject.csproj::TargetFramework=net8.0]
D:\git\TUnit\TUnit.TestProject\MinimalDiscoveryTest.cs(8,15): warning TUnitAssertions0005: Assert.That(...) should not be used with a constant value [D:\git\TUnit\TUnit.TestProject\TUnit.TestProject.csproj::TargetFramework=net8.0]
D:\git\TUnit\TUnit.TestProject\MethodDataSourceWithArgumentsTests.cs(35,30): warning TUnit0042: Global hooks should not be mixed with test classes to avoid confusion. Place them in their own class. [D:\git\TUnit\TUnit.TestProject\TUnit.TestProject.csproj::TargetFramework=net8.0]
D:\git\TUnit\TUnit.TestProject\MultipleClassDataGeneratorsTests.cs(26,30): warning TUnit0042: Global hooks should not be mixed with test classes to avoid confusion. Place them in their own class. [D:\git\TUnit\TUnit.TestProject\TUnit.TestProject.csproj::TargetFramework=net8.0]
D:\git\TUnit\TUnit.TestProject\HookGeneratorTest.cs(9,24): warning TUnit0042: Global hooks should not be mixed with test classes to avoid confusion. Place them in their own class. [D:\git\TUnit\TUnit.TestProject\TUnit.TestProject.csproj::TargetFramework=net8.0]
D:\git\TUnit\TUnit.TestProject\HookGeneratorTest.cs(15,30): warning TUnit0042: Global hooks should not be mixed with test classes to avoid confusion. Place them in their own class. [D:\git\TUnit\TUnit.TestProject\TUnit.TestProject.csproj::TargetFramework=net8.0]
D:\git\TUnit\TUnit.TestProject\FailFastTest.cs(10,15): warning TUnitAssertions0005: Assert.That(...) should not be used with a constant value [D:\git\TUnit\TUnit.TestProject\TUnit.TestProject.csproj::TargetFramework=net8.0]
D:\git\TUnit\TUnit.TestProject\ClassDataSourceWithMethodDataSourceTests.cs(35,30): warning TUnit0042: Global hooks should not be mixed with test classes to avoid confusion. Place them in their own class. [D:\git\TUnit\TUnit.TestProject\TUnit.TestProject.csproj::TargetFramework=net8.0]
D:\git\TUnit\TUnit.TestProject\ClassDataSourceDrivenTestsSharedKeyed3.cs(41,30): warning TUnit0042: Global hooks should not be mixed with test classes to avoid confusion. Place them in their own class. [D:\git\TUnit\TUnit.TestProject\TUnit.TestProject.csproj::TargetFramework=net8.0]
D:\git\TUnit\TUnit.TestProject\ClassDataSourceDrivenTestsSharedKeyed2.cs(41,30): warning TUnit0042: Global hooks should not be mixed with test classes to avoid confusion. Place them in their own class. [D:\git\TUnit\TUnit.TestProject\TUnit.TestProject.csproj::TargetFramework=net8.0]
  TUnit.TestProject -> D:\git\TUnit\TUnit.TestProject\bin\Debug\net8.0\TUnit.TestProject.dll
