// <auto-generated/>
#pragma warning disable

#nullable enable
#pragma warning disable CS9113 // Parameter is unread.
using System;
using System.Collections.Generic;
using System.Linq;
using System.Reflection;
using System.Threading.Tasks;
using global::TUnit.Core;
using global::TUnit.Core.SourceGenerator;
namespace TUnit.Generated;
public static class TestInit_TUnit_TestProject_Bugs__1692_Tests_NullTest_4a44bb50255f4ae5a4c558290e173d27
{
    [System.Runtime.CompilerServices.ModuleInitializer]
    public static void Initialize()
    {
        var errorMessage = @"Source generation failed: NullReferenceException: Object reference not set to an instance of an object.";
        var testDescriptors = new System.Collections.Generic.List<ITestDescriptor>();
        var failureDef = new StaticTestDefinition
{
    TestId = "TUnit.TestProject.Bugs._1692.Tests.NullTest_RuntimeFailure_{{TestIndex}}",
    DisplayName = "NullTest [RUNTIME INITIALIZATION FAILED]",
    TestFilePath = @"",
    TestLineNumber = 10,
    IsAsync = true,
    IsSkipped = false,
    SkipReason = null,
    Timeout = null,
    RepeatCount = 1,
    TestClassType = typeof(TUnit.TestProject.Bugs._1692.Tests),
    TestMethodMetadata = new global::TUnit.Core.MethodMetadata
{
Type = typeof(TUnit.TestProject.Bugs._1692.Tests),
TypeReference = global::TUnit.Core.TypeReference.CreateConcrete("TUnit.TestProject.Bugs._1692.Tests, TestsBase`1"),
Name = "NullTest_RuntimeFailure",
GenericTypeCount = 0,
ReturnType = typeof(global::System.Threading.Tasks.Task),
ReturnTypeReference = global::TUnit.Core.TypeReference.CreateConcrete("System.Threading.Tasks.Task, System.Private.CoreLib"),
Attributes = new global::TUnit.Core.AttributeMetadata[] { },
Parameters = new global::TUnit.Core.ParameterMetadata[] { },
Class = new global::TUnit.Core.ClassMetadata
{
Name = "Tests",
Type = typeof(TUnit.TestProject.Bugs._1692.Tests),
TypeReference = global::TUnit.Core.TypeReference.CreateConcrete("TUnit.TestProject.Bugs._1692.Tests, TestsBase`1"),
Namespace = "TUnit.TestProject.Bugs._1692",
Attributes = new global::TUnit.Core.AttributeMetadata[] { },
Properties = new global::TUnit.Core.PropertyMetadata[] { },
Parameters = new global::TUnit.Core.ParameterMetadata[] { },
Parent = null,
Assembly = new global::TUnit.Core.AssemblyMetadata
{
    Name = "TestsBase`1",
    Attributes = new global::TUnit.Core.AttributeMetadata[] { }
}
},
ReflectionInformation = null
},
    ClassFactory = args => new TUnit.TestProject.Bugs._1692.Tests(),
    MethodInvoker = async (instance, args, cancellationToken) => throw new InvalidOperationException(errorMessage),
    PropertyValuesProvider = () => new[] { new System.Collections.Generic.Dictionary<string, object?>() },
    ClassDataProvider = new TUnit.Core.EmptyDataProvider(),
    MethodDataProvider = new TUnit.Core.EmptyDataProvider()
};
        testDescriptors.Add(failureDef);
        TestSourceRegistrar.RegisterTests(testDescriptors);
    }
}
